c:\users\user\documents\github\awah-sip-testapp\lib\pjsip\win_x86-64\pjproject-2.10\pjsip\lib\pjsua2-lib-x86_64-x64-vc14-debug.bsc
c:\users\user\documents\github\awah-sip-testapp\lib\pjsip\win_x86-64\pjproject-2.10\pjsip\build\output\pjsua2_lib-x86_64-x64-vc14-debug\pjsua2_lib.pdb
c:\users\user\documents\github\awah-sip-testapp\lib\pjsip\win_x86-64\pjproject-2.10\pjsip\build\output\pjsua2_lib-x86_64-x64-vc14-debug\account.sbr
c:\users\user\documents\github\awah-sip-testapp\lib\pjsip\win_x86-64\pjproject-2.10\pjsip\build\output\pjsua2_lib-x86_64-x64-vc14-debug\call.sbr
c:\users\user\documents\github\awah-sip-testapp\lib\pjsip\win_x86-64\pjproject-2.10\pjsip\build\output\pjsua2_lib-x86_64-x64-vc14-debug\endpoint.sbr
c:\users\user\documents\github\awah-sip-testapp\lib\pjsip\win_x86-64\pjproject-2.10\pjsip\build\output\pjsua2_lib-x86_64-x64-vc14-debug\json.sbr
c:\users\user\documents\github\awah-sip-testapp\lib\pjsip\win_x86-64\pjproject-2.10\pjsip\build\output\pjsua2_lib-x86_64-x64-vc14-debug\media.sbr
c:\users\user\documents\github\awah-sip-testapp\lib\pjsip\win_x86-64\pjproject-2.10\pjsip\build\output\pjsua2_lib-x86_64-x64-vc14-debug\persistent.sbr
c:\users\user\documents\github\awah-sip-testapp\lib\pjsip\win_x86-64\pjproject-2.10\pjsip\build\output\pjsua2_lib-x86_64-x64-vc14-debug\presence.sbr
c:\users\user\documents\github\awah-sip-testapp\lib\pjsip\win_x86-64\pjproject-2.10\pjsip\build\output\pjsua2_lib-x86_64-x64-vc14-debug\siptypes.sbr
c:\users\user\documents\github\awah-sip-testapp\lib\pjsip\win_x86-64\pjproject-2.10\pjsip\build\output\pjsua2_lib-x86_64-x64-vc14-debug\types.sbr
c:\users\user\documents\github\awah-sip-testapp\lib\pjsip\win_x86-64\pjproject-2.10\pjsip\build\output\pjsua2_lib-x86_64-x64-vc14-debug\types.obj
c:\users\user\documents\github\awah-sip-testapp\lib\pjsip\win_x86-64\pjproject-2.10\pjsip\build\output\pjsua2_lib-x86_64-x64-vc14-debug\siptypes.obj
c:\users\user\documents\github\awah-sip-testapp\lib\pjsip\win_x86-64\pjproject-2.10\pjsip\build\output\pjsua2_lib-x86_64-x64-vc14-debug\presence.obj
c:\users\user\documents\github\awah-sip-testapp\lib\pjsip\win_x86-64\pjproject-2.10\pjsip\build\output\pjsua2_lib-x86_64-x64-vc14-debug\persistent.obj
c:\users\user\documents\github\awah-sip-testapp\lib\pjsip\win_x86-64\pjproject-2.10\pjsip\build\output\pjsua2_lib-x86_64-x64-vc14-debug\media.obj
c:\users\user\documents\github\awah-sip-testapp\lib\pjsip\win_x86-64\pjproject-2.10\pjsip\build\output\pjsua2_lib-x86_64-x64-vc14-debug\json.obj
c:\users\user\documents\github\awah-sip-testapp\lib\pjsip\win_x86-64\pjproject-2.10\pjsip\build\output\pjsua2_lib-x86_64-x64-vc14-debug\endpoint.obj
c:\users\user\documents\github\awah-sip-testapp\lib\pjsip\win_x86-64\pjproject-2.10\pjsip\build\output\pjsua2_lib-x86_64-x64-vc14-debug\call.obj
c:\users\user\documents\github\awah-sip-testapp\lib\pjsip\win_x86-64\pjproject-2.10\pjsip\build\output\pjsua2_lib-x86_64-x64-vc14-debug\account.obj
c:\users\user\documents\github\awah-sip-testapp\lib\pjsip\win_x86-64\pjproject-2.10\pjsip\lib\pjsua2-lib-x86_64-x64-vc14-debug.lib
c:\users\user\documents\github\awah-sip-testapp\lib\pjsip\win_x86-64\pjproject-2.10\pjsip\build\..\lib\pjsua2-lib-x86_64-x64-vc14-debug.lib
c:\users\user\documents\github\awah-sip-testapp\lib\pjsip\win_x86-64\pjproject-2.10\pjsip\build\output\pjsua2_lib-x86_64-x64-vc14-debug\pjsua2_lib.tlog\bscmake.command.1.tlog
c:\users\user\documents\github\awah-sip-testapp\lib\pjsip\win_x86-64\pjproject-2.10\pjsip\build\output\pjsua2_lib-x86_64-x64-vc14-debug\pjsua2_lib.tlog\bscmake.read.1.tlog
c:\users\user\documents\github\awah-sip-testapp\lib\pjsip\win_x86-64\pjproject-2.10\pjsip\build\output\pjsua2_lib-x86_64-x64-vc14-debug\pjsua2_lib.tlog\bscmake.write.1.tlog
c:\users\user\documents\github\awah-sip-testapp\lib\pjsip\win_x86-64\pjproject-2.10\pjsip\build\output\pjsua2_lib-x86_64-x64-vc14-debug\pjsua2_lib.tlog\cl.command.1.tlog
c:\users\user\documents\github\awah-sip-testapp\lib\pjsip\win_x86-64\pjproject-2.10\pjsip\build\output\pjsua2_lib-x86_64-x64-vc14-debug\pjsua2_lib.tlog\cl.read.1.tlog
c:\users\user\documents\github\awah-sip-testapp\lib\pjsip\win_x86-64\pjproject-2.10\pjsip\build\output\pjsua2_lib-x86_64-x64-vc14-debug\pjsua2_lib.tlog\cl.write.1.tlog
c:\users\user\documents\github\awah-sip-testapp\lib\pjsip\win_x86-64\pjproject-2.10\pjsip\build\output\pjsua2_lib-x86_64-x64-vc14-debug\pjsua2_lib.tlog\lib-link.read.1.tlog
c:\users\user\documents\github\awah-sip-testapp\lib\pjsip\win_x86-64\pjproject-2.10\pjsip\build\output\pjsua2_lib-x86_64-x64-vc14-debug\pjsua2_lib.tlog\lib-link.write.1.tlog
c:\users\user\documents\github\awah-sip-testapp\lib\pjsip\win_x86-64\pjproject-2.10\pjsip\build\output\pjsua2_lib-x86_64-x64-vc14-debug\pjsua2_lib.tlog\lib.command.1.tlog
