  alaw_ulaw.c
  alaw_ulaw_table.c
  audiodev.c
  avi_player.c
  bidirectional.c
  clock_thread.c
  codec.c
  conference.c
  conf_switch.c
  converter.c
  converter_libswscale.c
  converter_libyuv.c
  delaybuf.c
  echo_common.c
  echo_port.c
  echo_speex.c
  echo_suppress.c
  echo_webrtc.c
  endpoint.c
  errno.c
  Code wird generiert...
  Kompilieren...
  event.c
  ffmpeg_util.c
  format.c
  g711.c
  jbuf.c
C:\Users\WerBinIch\Documents\git\AWAH-SIP_Codec\awah-sip_library\pjsip\win_x86-64\pjproject-2.10\pjmedia\src\pjmedia\jbuf.c(638,33): warning C4267: "=": Konvertierung von "size_t" nach "int", Datenverlust möglich
C:\Users\WerBinIch\Documents\git\AWAH-SIP_Codec\awah-sip_library\pjsip\win_x86-64\pjproject-2.10\pjmedia\src\pjmedia\jbuf.c(1194,40): warning C4267: "=": Konvertierung von "size_t" nach "unsigned int", Datenverlust möglich
  master_port.c
  mem_capture.c
  mem_player.c
  null_port.c
  plc_common.c
  port.c
  resample_libsamplerate.c
  resample_port.c
  resample_resample.c
  resample_speex.c
  rtcp.c
  rtcp_fb.c
C:\Users\WerBinIch\Documents\git\AWAH-SIP_Codec\awah-sip_library\pjsip\win_x86-64\pjproject-2.10\pjmedia\src\pjmedia\rtcp_fb.c(175,37): warning C4267: "=": Konvertierung von "size_t" nach "unsigned int", Datenverlust möglich
  rtcp_xr.c
  rtp.c
  sdp.c
C:\Users\WerBinIch\Documents\git\AWAH-SIP_Codec\awah-sip_library\pjsip\win_x86-64\pjproject-2.10\pjmedia\src\pjmedia\sdp.c(1100,5): warning C4102: "TODO___PARSE_SDP_CONN_ADDRESS_SUBFIELDS": Unreferenzierte Bezeichnung
  Code wird generiert...
  Kompilieren...
  sdp_cmp.c
  sdp_neg.c
C:\Users\WerBinIch\Documents\git\AWAH-SIP_Codec\awah-sip_library\pjsip\win_x86-64\pjproject-2.10\pjmedia\src\pjmedia\sdp_neg.c(747,2): warning C4102: "TODO___CHECK_SDP_NEGOTIATION_WHEN_ASYMETRIC_MEDIA_IS_ALLOWED": Unreferenzierte Bezeichnung
  silencedet.c
  sound_legacy.c
  sound_port.c
  splitcomb.c
  stereo_port.c
  stream.c
C:\Users\WerBinIch\Documents\git\AWAH-SIP_Codec\awah-sip_library\pjsip\win_x86-64\pjproject-2.10\pjmedia\src\pjmedia\stream.c(756,66): warning C4267: "=": Konvertierung von "size_t" nach "unsigned int", Datenverlust möglich
  stream_common.c
  stream_info.c
  tonegen.c
  transport_adapter_sample.c
  transport_ice.c
  transport_loop.c
  transport_srtp.c
  transport_udp.c
  types.c
  videodev.c
  vid_codec.c
  vid_codec_util.c
  Code wird generiert...
  Kompilieren...
  vid_conf.c
  vid_port.c
  vid_stream.c
  vid_stream_info.c
  vid_tee.c
  wave.c
  wav_player.c
  wav_playlist.c
  wav_writer.c
  wsola.c
  Code wird generiert...
  pjmedia.vcxproj -> C:\Users\WerBinIch\Documents\git\AWAH-SIP_Codec\awah-sip_library\pjsip\win_x86-64\pjproject-2.10\pjmedia\lib\pjmedia-x86_64-x64-vc14-Release.lib
