c:\users\werbinich\documents\git\awah-sip_codec\awah-sip_library\pjsip\win_x86-64\pjproject-2.10\pjmedia\lib\pjmedia-x86_64-x64-vc14-release.bsc
c:\users\werbinich\documents\git\awah-sip_codec\awah-sip_library\pjsip\win_x86-64\pjproject-2.10\pjmedia\lib\pjmedia-x86_64-x64-vc14-release.pdb
c:\users\werbinich\documents\git\awah-sip_codec\awah-sip_library\pjsip\win_x86-64\pjproject-2.10\pjmedia\build\output\pjmedia-x86_64-x64-vc14-release\alaw_ulaw.sbr
c:\users\werbinich\documents\git\awah-sip_codec\awah-sip_library\pjsip\win_x86-64\pjproject-2.10\pjmedia\build\output\pjmedia-x86_64-x64-vc14-release\alaw_ulaw_table.sbr
c:\users\werbinich\documents\git\awah-sip_codec\awah-sip_library\pjsip\win_x86-64\pjproject-2.10\pjmedia\build\output\pjmedia-x86_64-x64-vc14-release\audiodev.sbr
c:\users\werbinich\documents\git\awah-sip_codec\awah-sip_library\pjsip\win_x86-64\pjproject-2.10\pjmedia\build\output\pjmedia-x86_64-x64-vc14-release\avi_player.sbr
c:\users\werbinich\documents\git\awah-sip_codec\awah-sip_library\pjsip\win_x86-64\pjproject-2.10\pjmedia\build\output\pjmedia-x86_64-x64-vc14-release\bidirectional.sbr
c:\users\werbinich\documents\git\awah-sip_codec\awah-sip_library\pjsip\win_x86-64\pjproject-2.10\pjmedia\build\output\pjmedia-x86_64-x64-vc14-release\clock_thread.sbr
c:\users\werbinich\documents\git\awah-sip_codec\awah-sip_library\pjsip\win_x86-64\pjproject-2.10\pjmedia\build\output\pjmedia-x86_64-x64-vc14-release\codec.sbr
c:\users\werbinich\documents\git\awah-sip_codec\awah-sip_library\pjsip\win_x86-64\pjproject-2.10\pjmedia\build\output\pjmedia-x86_64-x64-vc14-release\conference.sbr
c:\users\werbinich\documents\git\awah-sip_codec\awah-sip_library\pjsip\win_x86-64\pjproject-2.10\pjmedia\build\output\pjmedia-x86_64-x64-vc14-release\conf_switch.sbr
c:\users\werbinich\documents\git\awah-sip_codec\awah-sip_library\pjsip\win_x86-64\pjproject-2.10\pjmedia\build\output\pjmedia-x86_64-x64-vc14-release\converter.sbr
c:\users\werbinich\documents\git\awah-sip_codec\awah-sip_library\pjsip\win_x86-64\pjproject-2.10\pjmedia\build\output\pjmedia-x86_64-x64-vc14-release\converter_libswscale.sbr
c:\users\werbinich\documents\git\awah-sip_codec\awah-sip_library\pjsip\win_x86-64\pjproject-2.10\pjmedia\build\output\pjmedia-x86_64-x64-vc14-release\converter_libyuv.sbr
c:\users\werbinich\documents\git\awah-sip_codec\awah-sip_library\pjsip\win_x86-64\pjproject-2.10\pjmedia\build\output\pjmedia-x86_64-x64-vc14-release\delaybuf.sbr
c:\users\werbinich\documents\git\awah-sip_codec\awah-sip_library\pjsip\win_x86-64\pjproject-2.10\pjmedia\build\output\pjmedia-x86_64-x64-vc14-release\echo_common.sbr
c:\users\werbinich\documents\git\awah-sip_codec\awah-sip_library\pjsip\win_x86-64\pjproject-2.10\pjmedia\build\output\pjmedia-x86_64-x64-vc14-release\echo_port.sbr
c:\users\werbinich\documents\git\awah-sip_codec\awah-sip_library\pjsip\win_x86-64\pjproject-2.10\pjmedia\build\output\pjmedia-x86_64-x64-vc14-release\echo_speex.sbr
c:\users\werbinich\documents\git\awah-sip_codec\awah-sip_library\pjsip\win_x86-64\pjproject-2.10\pjmedia\build\output\pjmedia-x86_64-x64-vc14-release\echo_suppress.sbr
c:\users\werbinich\documents\git\awah-sip_codec\awah-sip_library\pjsip\win_x86-64\pjproject-2.10\pjmedia\build\output\pjmedia-x86_64-x64-vc14-release\echo_webrtc.sbr
c:\users\werbinich\documents\git\awah-sip_codec\awah-sip_library\pjsip\win_x86-64\pjproject-2.10\pjmedia\build\output\pjmedia-x86_64-x64-vc14-release\endpoint.sbr
c:\users\werbinich\documents\git\awah-sip_codec\awah-sip_library\pjsip\win_x86-64\pjproject-2.10\pjmedia\build\output\pjmedia-x86_64-x64-vc14-release\errno.sbr
c:\users\werbinich\documents\git\awah-sip_codec\awah-sip_library\pjsip\win_x86-64\pjproject-2.10\pjmedia\build\output\pjmedia-x86_64-x64-vc14-release\errno.obj
c:\users\werbinich\documents\git\awah-sip_codec\awah-sip_library\pjsip\win_x86-64\pjproject-2.10\pjmedia\build\output\pjmedia-x86_64-x64-vc14-release\endpoint.obj
c:\users\werbinich\documents\git\awah-sip_codec\awah-sip_library\pjsip\win_x86-64\pjproject-2.10\pjmedia\build\output\pjmedia-x86_64-x64-vc14-release\echo_webrtc.obj
c:\users\werbinich\documents\git\awah-sip_codec\awah-sip_library\pjsip\win_x86-64\pjproject-2.10\pjmedia\build\output\pjmedia-x86_64-x64-vc14-release\echo_suppress.obj
c:\users\werbinich\documents\git\awah-sip_codec\awah-sip_library\pjsip\win_x86-64\pjproject-2.10\pjmedia\build\output\pjmedia-x86_64-x64-vc14-release\echo_speex.obj
c:\users\werbinich\documents\git\awah-sip_codec\awah-sip_library\pjsip\win_x86-64\pjproject-2.10\pjmedia\build\output\pjmedia-x86_64-x64-vc14-release\echo_port.obj
c:\users\werbinich\documents\git\awah-sip_codec\awah-sip_library\pjsip\win_x86-64\pjproject-2.10\pjmedia\build\output\pjmedia-x86_64-x64-vc14-release\echo_common.obj
c:\users\werbinich\documents\git\awah-sip_codec\awah-sip_library\pjsip\win_x86-64\pjproject-2.10\pjmedia\build\output\pjmedia-x86_64-x64-vc14-release\delaybuf.obj
c:\users\werbinich\documents\git\awah-sip_codec\awah-sip_library\pjsip\win_x86-64\pjproject-2.10\pjmedia\build\output\pjmedia-x86_64-x64-vc14-release\converter_libyuv.obj
c:\users\werbinich\documents\git\awah-sip_codec\awah-sip_library\pjsip\win_x86-64\pjproject-2.10\pjmedia\build\output\pjmedia-x86_64-x64-vc14-release\converter_libswscale.obj
c:\users\werbinich\documents\git\awah-sip_codec\awah-sip_library\pjsip\win_x86-64\pjproject-2.10\pjmedia\build\output\pjmedia-x86_64-x64-vc14-release\converter.obj
c:\users\werbinich\documents\git\awah-sip_codec\awah-sip_library\pjsip\win_x86-64\pjproject-2.10\pjmedia\build\output\pjmedia-x86_64-x64-vc14-release\conf_switch.obj
c:\users\werbinich\documents\git\awah-sip_codec\awah-sip_library\pjsip\win_x86-64\pjproject-2.10\pjmedia\build\output\pjmedia-x86_64-x64-vc14-release\conference.obj
c:\users\werbinich\documents\git\awah-sip_codec\awah-sip_library\pjsip\win_x86-64\pjproject-2.10\pjmedia\build\output\pjmedia-x86_64-x64-vc14-release\codec.obj
c:\users\werbinich\documents\git\awah-sip_codec\awah-sip_library\pjsip\win_x86-64\pjproject-2.10\pjmedia\build\output\pjmedia-x86_64-x64-vc14-release\clock_thread.obj
c:\users\werbinich\documents\git\awah-sip_codec\awah-sip_library\pjsip\win_x86-64\pjproject-2.10\pjmedia\build\output\pjmedia-x86_64-x64-vc14-release\bidirectional.obj
c:\users\werbinich\documents\git\awah-sip_codec\awah-sip_library\pjsip\win_x86-64\pjproject-2.10\pjmedia\build\output\pjmedia-x86_64-x64-vc14-release\avi_player.obj
c:\users\werbinich\documents\git\awah-sip_codec\awah-sip_library\pjsip\win_x86-64\pjproject-2.10\pjmedia\build\output\pjmedia-x86_64-x64-vc14-release\audiodev.obj
c:\users\werbinich\documents\git\awah-sip_codec\awah-sip_library\pjsip\win_x86-64\pjproject-2.10\pjmedia\build\output\pjmedia-x86_64-x64-vc14-release\alaw_ulaw_table.obj
c:\users\werbinich\documents\git\awah-sip_codec\awah-sip_library\pjsip\win_x86-64\pjproject-2.10\pjmedia\build\output\pjmedia-x86_64-x64-vc14-release\alaw_ulaw.obj
c:\users\werbinich\documents\git\awah-sip_codec\awah-sip_library\pjsip\win_x86-64\pjproject-2.10\pjmedia\build\output\pjmedia-x86_64-x64-vc14-release\event.sbr
c:\users\werbinich\documents\git\awah-sip_codec\awah-sip_library\pjsip\win_x86-64\pjproject-2.10\pjmedia\build\output\pjmedia-x86_64-x64-vc14-release\ffmpeg_util.sbr
c:\users\werbinich\documents\git\awah-sip_codec\awah-sip_library\pjsip\win_x86-64\pjproject-2.10\pjmedia\build\output\pjmedia-x86_64-x64-vc14-release\format.sbr
c:\users\werbinich\documents\git\awah-sip_codec\awah-sip_library\pjsip\win_x86-64\pjproject-2.10\pjmedia\build\output\pjmedia-x86_64-x64-vc14-release\g711.sbr
c:\users\werbinich\documents\git\awah-sip_codec\awah-sip_library\pjsip\win_x86-64\pjproject-2.10\pjmedia\build\output\pjmedia-x86_64-x64-vc14-release\jbuf.sbr
c:\users\werbinich\documents\git\awah-sip_codec\awah-sip_library\pjsip\win_x86-64\pjproject-2.10\pjmedia\build\output\pjmedia-x86_64-x64-vc14-release\master_port.sbr
c:\users\werbinich\documents\git\awah-sip_codec\awah-sip_library\pjsip\win_x86-64\pjproject-2.10\pjmedia\build\output\pjmedia-x86_64-x64-vc14-release\mem_capture.sbr
c:\users\werbinich\documents\git\awah-sip_codec\awah-sip_library\pjsip\win_x86-64\pjproject-2.10\pjmedia\build\output\pjmedia-x86_64-x64-vc14-release\mem_player.sbr
c:\users\werbinich\documents\git\awah-sip_codec\awah-sip_library\pjsip\win_x86-64\pjproject-2.10\pjmedia\build\output\pjmedia-x86_64-x64-vc14-release\null_port.sbr
c:\users\werbinich\documents\git\awah-sip_codec\awah-sip_library\pjsip\win_x86-64\pjproject-2.10\pjmedia\build\output\pjmedia-x86_64-x64-vc14-release\plc_common.sbr
c:\users\werbinich\documents\git\awah-sip_codec\awah-sip_library\pjsip\win_x86-64\pjproject-2.10\pjmedia\build\output\pjmedia-x86_64-x64-vc14-release\port.sbr
c:\users\werbinich\documents\git\awah-sip_codec\awah-sip_library\pjsip\win_x86-64\pjproject-2.10\pjmedia\build\output\pjmedia-x86_64-x64-vc14-release\resample_libsamplerate.sbr
c:\users\werbinich\documents\git\awah-sip_codec\awah-sip_library\pjsip\win_x86-64\pjproject-2.10\pjmedia\build\output\pjmedia-x86_64-x64-vc14-release\resample_port.sbr
c:\users\werbinich\documents\git\awah-sip_codec\awah-sip_library\pjsip\win_x86-64\pjproject-2.10\pjmedia\build\output\pjmedia-x86_64-x64-vc14-release\resample_resample.sbr
c:\users\werbinich\documents\git\awah-sip_codec\awah-sip_library\pjsip\win_x86-64\pjproject-2.10\pjmedia\build\output\pjmedia-x86_64-x64-vc14-release\resample_speex.sbr
c:\users\werbinich\documents\git\awah-sip_codec\awah-sip_library\pjsip\win_x86-64\pjproject-2.10\pjmedia\build\output\pjmedia-x86_64-x64-vc14-release\rtcp.sbr
c:\users\werbinich\documents\git\awah-sip_codec\awah-sip_library\pjsip\win_x86-64\pjproject-2.10\pjmedia\build\output\pjmedia-x86_64-x64-vc14-release\rtcp_fb.sbr
c:\users\werbinich\documents\git\awah-sip_codec\awah-sip_library\pjsip\win_x86-64\pjproject-2.10\pjmedia\build\output\pjmedia-x86_64-x64-vc14-release\rtcp_xr.sbr
c:\users\werbinich\documents\git\awah-sip_codec\awah-sip_library\pjsip\win_x86-64\pjproject-2.10\pjmedia\build\output\pjmedia-x86_64-x64-vc14-release\rtp.sbr
c:\users\werbinich\documents\git\awah-sip_codec\awah-sip_library\pjsip\win_x86-64\pjproject-2.10\pjmedia\build\output\pjmedia-x86_64-x64-vc14-release\sdp.sbr
c:\users\werbinich\documents\git\awah-sip_codec\awah-sip_library\pjsip\win_x86-64\pjproject-2.10\pjmedia\build\output\pjmedia-x86_64-x64-vc14-release\sdp.obj
c:\users\werbinich\documents\git\awah-sip_codec\awah-sip_library\pjsip\win_x86-64\pjproject-2.10\pjmedia\build\output\pjmedia-x86_64-x64-vc14-release\rtp.obj
c:\users\werbinich\documents\git\awah-sip_codec\awah-sip_library\pjsip\win_x86-64\pjproject-2.10\pjmedia\build\output\pjmedia-x86_64-x64-vc14-release\rtcp_xr.obj
c:\users\werbinich\documents\git\awah-sip_codec\awah-sip_library\pjsip\win_x86-64\pjproject-2.10\pjmedia\build\output\pjmedia-x86_64-x64-vc14-release\rtcp_fb.obj
c:\users\werbinich\documents\git\awah-sip_codec\awah-sip_library\pjsip\win_x86-64\pjproject-2.10\pjmedia\build\output\pjmedia-x86_64-x64-vc14-release\rtcp.obj
c:\users\werbinich\documents\git\awah-sip_codec\awah-sip_library\pjsip\win_x86-64\pjproject-2.10\pjmedia\build\output\pjmedia-x86_64-x64-vc14-release\resample_speex.obj
c:\users\werbinich\documents\git\awah-sip_codec\awah-sip_library\pjsip\win_x86-64\pjproject-2.10\pjmedia\build\output\pjmedia-x86_64-x64-vc14-release\resample_resample.obj
c:\users\werbinich\documents\git\awah-sip_codec\awah-sip_library\pjsip\win_x86-64\pjproject-2.10\pjmedia\build\output\pjmedia-x86_64-x64-vc14-release\resample_port.obj
c:\users\werbinich\documents\git\awah-sip_codec\awah-sip_library\pjsip\win_x86-64\pjproject-2.10\pjmedia\build\output\pjmedia-x86_64-x64-vc14-release\resample_libsamplerate.obj
c:\users\werbinich\documents\git\awah-sip_codec\awah-sip_library\pjsip\win_x86-64\pjproject-2.10\pjmedia\build\output\pjmedia-x86_64-x64-vc14-release\port.obj
c:\users\werbinich\documents\git\awah-sip_codec\awah-sip_library\pjsip\win_x86-64\pjproject-2.10\pjmedia\build\output\pjmedia-x86_64-x64-vc14-release\plc_common.obj
c:\users\werbinich\documents\git\awah-sip_codec\awah-sip_library\pjsip\win_x86-64\pjproject-2.10\pjmedia\build\output\pjmedia-x86_64-x64-vc14-release\null_port.obj
c:\users\werbinich\documents\git\awah-sip_codec\awah-sip_library\pjsip\win_x86-64\pjproject-2.10\pjmedia\build\output\pjmedia-x86_64-x64-vc14-release\mem_player.obj
c:\users\werbinich\documents\git\awah-sip_codec\awah-sip_library\pjsip\win_x86-64\pjproject-2.10\pjmedia\build\output\pjmedia-x86_64-x64-vc14-release\mem_capture.obj
c:\users\werbinich\documents\git\awah-sip_codec\awah-sip_library\pjsip\win_x86-64\pjproject-2.10\pjmedia\build\output\pjmedia-x86_64-x64-vc14-release\master_port.obj
c:\users\werbinich\documents\git\awah-sip_codec\awah-sip_library\pjsip\win_x86-64\pjproject-2.10\pjmedia\build\output\pjmedia-x86_64-x64-vc14-release\jbuf.obj
c:\users\werbinich\documents\git\awah-sip_codec\awah-sip_library\pjsip\win_x86-64\pjproject-2.10\pjmedia\build\output\pjmedia-x86_64-x64-vc14-release\g711.obj
c:\users\werbinich\documents\git\awah-sip_codec\awah-sip_library\pjsip\win_x86-64\pjproject-2.10\pjmedia\build\output\pjmedia-x86_64-x64-vc14-release\format.obj
c:\users\werbinich\documents\git\awah-sip_codec\awah-sip_library\pjsip\win_x86-64\pjproject-2.10\pjmedia\build\output\pjmedia-x86_64-x64-vc14-release\ffmpeg_util.obj
c:\users\werbinich\documents\git\awah-sip_codec\awah-sip_library\pjsip\win_x86-64\pjproject-2.10\pjmedia\build\output\pjmedia-x86_64-x64-vc14-release\event.obj
c:\users\werbinich\documents\git\awah-sip_codec\awah-sip_library\pjsip\win_x86-64\pjproject-2.10\pjmedia\build\output\pjmedia-x86_64-x64-vc14-release\sdp_cmp.sbr
c:\users\werbinich\documents\git\awah-sip_codec\awah-sip_library\pjsip\win_x86-64\pjproject-2.10\pjmedia\build\output\pjmedia-x86_64-x64-vc14-release\sdp_neg.sbr
c:\users\werbinich\documents\git\awah-sip_codec\awah-sip_library\pjsip\win_x86-64\pjproject-2.10\pjmedia\build\output\pjmedia-x86_64-x64-vc14-release\silencedet.sbr
c:\users\werbinich\documents\git\awah-sip_codec\awah-sip_library\pjsip\win_x86-64\pjproject-2.10\pjmedia\build\output\pjmedia-x86_64-x64-vc14-release\sound_legacy.sbr
c:\users\werbinich\documents\git\awah-sip_codec\awah-sip_library\pjsip\win_x86-64\pjproject-2.10\pjmedia\build\output\pjmedia-x86_64-x64-vc14-release\sound_port.sbr
c:\users\werbinich\documents\git\awah-sip_codec\awah-sip_library\pjsip\win_x86-64\pjproject-2.10\pjmedia\build\output\pjmedia-x86_64-x64-vc14-release\splitcomb.sbr
c:\users\werbinich\documents\git\awah-sip_codec\awah-sip_library\pjsip\win_x86-64\pjproject-2.10\pjmedia\build\output\pjmedia-x86_64-x64-vc14-release\stereo_port.sbr
c:\users\werbinich\documents\git\awah-sip_codec\awah-sip_library\pjsip\win_x86-64\pjproject-2.10\pjmedia\build\output\pjmedia-x86_64-x64-vc14-release\stream.sbr
c:\users\werbinich\documents\git\awah-sip_codec\awah-sip_library\pjsip\win_x86-64\pjproject-2.10\pjmedia\build\output\pjmedia-x86_64-x64-vc14-release\stream_common.sbr
c:\users\werbinich\documents\git\awah-sip_codec\awah-sip_library\pjsip\win_x86-64\pjproject-2.10\pjmedia\build\output\pjmedia-x86_64-x64-vc14-release\stream_info.sbr
c:\users\werbinich\documents\git\awah-sip_codec\awah-sip_library\pjsip\win_x86-64\pjproject-2.10\pjmedia\build\output\pjmedia-x86_64-x64-vc14-release\tonegen.sbr
c:\users\werbinich\documents\git\awah-sip_codec\awah-sip_library\pjsip\win_x86-64\pjproject-2.10\pjmedia\build\output\pjmedia-x86_64-x64-vc14-release\transport_adapter_sample.sbr
c:\users\werbinich\documents\git\awah-sip_codec\awah-sip_library\pjsip\win_x86-64\pjproject-2.10\pjmedia\build\output\pjmedia-x86_64-x64-vc14-release\transport_ice.sbr
c:\users\werbinich\documents\git\awah-sip_codec\awah-sip_library\pjsip\win_x86-64\pjproject-2.10\pjmedia\build\output\pjmedia-x86_64-x64-vc14-release\transport_loop.sbr
c:\users\werbinich\documents\git\awah-sip_codec\awah-sip_library\pjsip\win_x86-64\pjproject-2.10\pjmedia\build\output\pjmedia-x86_64-x64-vc14-release\transport_srtp.sbr
c:\users\werbinich\documents\git\awah-sip_codec\awah-sip_library\pjsip\win_x86-64\pjproject-2.10\pjmedia\build\output\pjmedia-x86_64-x64-vc14-release\transport_udp.sbr
c:\users\werbinich\documents\git\awah-sip_codec\awah-sip_library\pjsip\win_x86-64\pjproject-2.10\pjmedia\build\output\pjmedia-x86_64-x64-vc14-release\types.sbr
c:\users\werbinich\documents\git\awah-sip_codec\awah-sip_library\pjsip\win_x86-64\pjproject-2.10\pjmedia\build\output\pjmedia-x86_64-x64-vc14-release\videodev.sbr
c:\users\werbinich\documents\git\awah-sip_codec\awah-sip_library\pjsip\win_x86-64\pjproject-2.10\pjmedia\build\output\pjmedia-x86_64-x64-vc14-release\vid_codec.sbr
c:\users\werbinich\documents\git\awah-sip_codec\awah-sip_library\pjsip\win_x86-64\pjproject-2.10\pjmedia\build\output\pjmedia-x86_64-x64-vc14-release\vid_codec_util.sbr
c:\users\werbinich\documents\git\awah-sip_codec\awah-sip_library\pjsip\win_x86-64\pjproject-2.10\pjmedia\build\output\pjmedia-x86_64-x64-vc14-release\vid_codec_util.obj
c:\users\werbinich\documents\git\awah-sip_codec\awah-sip_library\pjsip\win_x86-64\pjproject-2.10\pjmedia\build\output\pjmedia-x86_64-x64-vc14-release\vid_codec.obj
c:\users\werbinich\documents\git\awah-sip_codec\awah-sip_library\pjsip\win_x86-64\pjproject-2.10\pjmedia\build\output\pjmedia-x86_64-x64-vc14-release\videodev.obj
c:\users\werbinich\documents\git\awah-sip_codec\awah-sip_library\pjsip\win_x86-64\pjproject-2.10\pjmedia\build\output\pjmedia-x86_64-x64-vc14-release\types.obj
c:\users\werbinich\documents\git\awah-sip_codec\awah-sip_library\pjsip\win_x86-64\pjproject-2.10\pjmedia\build\output\pjmedia-x86_64-x64-vc14-release\transport_udp.obj
c:\users\werbinich\documents\git\awah-sip_codec\awah-sip_library\pjsip\win_x86-64\pjproject-2.10\pjmedia\build\output\pjmedia-x86_64-x64-vc14-release\transport_srtp.obj
c:\users\werbinich\documents\git\awah-sip_codec\awah-sip_library\pjsip\win_x86-64\pjproject-2.10\pjmedia\build\output\pjmedia-x86_64-x64-vc14-release\transport_loop.obj
c:\users\werbinich\documents\git\awah-sip_codec\awah-sip_library\pjsip\win_x86-64\pjproject-2.10\pjmedia\build\output\pjmedia-x86_64-x64-vc14-release\transport_ice.obj
c:\users\werbinich\documents\git\awah-sip_codec\awah-sip_library\pjsip\win_x86-64\pjproject-2.10\pjmedia\build\output\pjmedia-x86_64-x64-vc14-release\transport_adapter_sample.obj
c:\users\werbinich\documents\git\awah-sip_codec\awah-sip_library\pjsip\win_x86-64\pjproject-2.10\pjmedia\build\output\pjmedia-x86_64-x64-vc14-release\tonegen.obj
c:\users\werbinich\documents\git\awah-sip_codec\awah-sip_library\pjsip\win_x86-64\pjproject-2.10\pjmedia\build\output\pjmedia-x86_64-x64-vc14-release\stream_info.obj
c:\users\werbinich\documents\git\awah-sip_codec\awah-sip_library\pjsip\win_x86-64\pjproject-2.10\pjmedia\build\output\pjmedia-x86_64-x64-vc14-release\stream_common.obj
c:\users\werbinich\documents\git\awah-sip_codec\awah-sip_library\pjsip\win_x86-64\pjproject-2.10\pjmedia\build\output\pjmedia-x86_64-x64-vc14-release\stream.obj
c:\users\werbinich\documents\git\awah-sip_codec\awah-sip_library\pjsip\win_x86-64\pjproject-2.10\pjmedia\build\output\pjmedia-x86_64-x64-vc14-release\stereo_port.obj
c:\users\werbinich\documents\git\awah-sip_codec\awah-sip_library\pjsip\win_x86-64\pjproject-2.10\pjmedia\build\output\pjmedia-x86_64-x64-vc14-release\splitcomb.obj
c:\users\werbinich\documents\git\awah-sip_codec\awah-sip_library\pjsip\win_x86-64\pjproject-2.10\pjmedia\build\output\pjmedia-x86_64-x64-vc14-release\sound_port.obj
c:\users\werbinich\documents\git\awah-sip_codec\awah-sip_library\pjsip\win_x86-64\pjproject-2.10\pjmedia\build\output\pjmedia-x86_64-x64-vc14-release\sound_legacy.obj
c:\users\werbinich\documents\git\awah-sip_codec\awah-sip_library\pjsip\win_x86-64\pjproject-2.10\pjmedia\build\output\pjmedia-x86_64-x64-vc14-release\silencedet.obj
c:\users\werbinich\documents\git\awah-sip_codec\awah-sip_library\pjsip\win_x86-64\pjproject-2.10\pjmedia\build\output\pjmedia-x86_64-x64-vc14-release\sdp_neg.obj
c:\users\werbinich\documents\git\awah-sip_codec\awah-sip_library\pjsip\win_x86-64\pjproject-2.10\pjmedia\build\output\pjmedia-x86_64-x64-vc14-release\sdp_cmp.obj
c:\users\werbinich\documents\git\awah-sip_codec\awah-sip_library\pjsip\win_x86-64\pjproject-2.10\pjmedia\build\output\pjmedia-x86_64-x64-vc14-release\vid_conf.sbr
c:\users\werbinich\documents\git\awah-sip_codec\awah-sip_library\pjsip\win_x86-64\pjproject-2.10\pjmedia\build\output\pjmedia-x86_64-x64-vc14-release\vid_port.sbr
c:\users\werbinich\documents\git\awah-sip_codec\awah-sip_library\pjsip\win_x86-64\pjproject-2.10\pjmedia\build\output\pjmedia-x86_64-x64-vc14-release\vid_stream.sbr
c:\users\werbinich\documents\git\awah-sip_codec\awah-sip_library\pjsip\win_x86-64\pjproject-2.10\pjmedia\build\output\pjmedia-x86_64-x64-vc14-release\vid_stream_info.sbr
c:\users\werbinich\documents\git\awah-sip_codec\awah-sip_library\pjsip\win_x86-64\pjproject-2.10\pjmedia\build\output\pjmedia-x86_64-x64-vc14-release\vid_tee.sbr
c:\users\werbinich\documents\git\awah-sip_codec\awah-sip_library\pjsip\win_x86-64\pjproject-2.10\pjmedia\build\output\pjmedia-x86_64-x64-vc14-release\wave.sbr
c:\users\werbinich\documents\git\awah-sip_codec\awah-sip_library\pjsip\win_x86-64\pjproject-2.10\pjmedia\build\output\pjmedia-x86_64-x64-vc14-release\wav_player.sbr
c:\users\werbinich\documents\git\awah-sip_codec\awah-sip_library\pjsip\win_x86-64\pjproject-2.10\pjmedia\build\output\pjmedia-x86_64-x64-vc14-release\wav_playlist.sbr
c:\users\werbinich\documents\git\awah-sip_codec\awah-sip_library\pjsip\win_x86-64\pjproject-2.10\pjmedia\build\output\pjmedia-x86_64-x64-vc14-release\wav_writer.sbr
c:\users\werbinich\documents\git\awah-sip_codec\awah-sip_library\pjsip\win_x86-64\pjproject-2.10\pjmedia\build\output\pjmedia-x86_64-x64-vc14-release\wsola.sbr
c:\users\werbinich\documents\git\awah-sip_codec\awah-sip_library\pjsip\win_x86-64\pjproject-2.10\pjmedia\build\output\pjmedia-x86_64-x64-vc14-release\wsola.obj
c:\users\werbinich\documents\git\awah-sip_codec\awah-sip_library\pjsip\win_x86-64\pjproject-2.10\pjmedia\build\output\pjmedia-x86_64-x64-vc14-release\wav_writer.obj
c:\users\werbinich\documents\git\awah-sip_codec\awah-sip_library\pjsip\win_x86-64\pjproject-2.10\pjmedia\build\output\pjmedia-x86_64-x64-vc14-release\wav_playlist.obj
c:\users\werbinich\documents\git\awah-sip_codec\awah-sip_library\pjsip\win_x86-64\pjproject-2.10\pjmedia\build\output\pjmedia-x86_64-x64-vc14-release\wav_player.obj
c:\users\werbinich\documents\git\awah-sip_codec\awah-sip_library\pjsip\win_x86-64\pjproject-2.10\pjmedia\build\output\pjmedia-x86_64-x64-vc14-release\wave.obj
c:\users\werbinich\documents\git\awah-sip_codec\awah-sip_library\pjsip\win_x86-64\pjproject-2.10\pjmedia\build\output\pjmedia-x86_64-x64-vc14-release\vid_tee.obj
c:\users\werbinich\documents\git\awah-sip_codec\awah-sip_library\pjsip\win_x86-64\pjproject-2.10\pjmedia\build\output\pjmedia-x86_64-x64-vc14-release\vid_stream_info.obj
c:\users\werbinich\documents\git\awah-sip_codec\awah-sip_library\pjsip\win_x86-64\pjproject-2.10\pjmedia\build\output\pjmedia-x86_64-x64-vc14-release\vid_stream.obj
c:\users\werbinich\documents\git\awah-sip_codec\awah-sip_library\pjsip\win_x86-64\pjproject-2.10\pjmedia\build\output\pjmedia-x86_64-x64-vc14-release\vid_port.obj
c:\users\werbinich\documents\git\awah-sip_codec\awah-sip_library\pjsip\win_x86-64\pjproject-2.10\pjmedia\build\output\pjmedia-x86_64-x64-vc14-release\vid_conf.obj
c:\users\werbinich\documents\git\awah-sip_codec\awah-sip_library\pjsip\win_x86-64\pjproject-2.10\pjmedia\lib\pjmedia-x86_64-x64-vc14-release.lib
c:\users\werbinich\documents\git\awah-sip_codec\awah-sip_library\pjsip\win_x86-64\pjproject-2.10\pjmedia\build\output\pjmedia-x86_64-x64-vc14-release\pjmedia.tlog\bscmake.command.1.tlog
c:\users\werbinich\documents\git\awah-sip_codec\awah-sip_library\pjsip\win_x86-64\pjproject-2.10\pjmedia\build\output\pjmedia-x86_64-x64-vc14-release\pjmedia.tlog\bscmake.read.1.tlog
c:\users\werbinich\documents\git\awah-sip_codec\awah-sip_library\pjsip\win_x86-64\pjproject-2.10\pjmedia\build\output\pjmedia-x86_64-x64-vc14-release\pjmedia.tlog\bscmake.write.1.tlog
c:\users\werbinich\documents\git\awah-sip_codec\awah-sip_library\pjsip\win_x86-64\pjproject-2.10\pjmedia\build\output\pjmedia-x86_64-x64-vc14-release\pjmedia.tlog\cl.command.1.tlog
c:\users\werbinich\documents\git\awah-sip_codec\awah-sip_library\pjsip\win_x86-64\pjproject-2.10\pjmedia\build\output\pjmedia-x86_64-x64-vc14-release\pjmedia.tlog\cl.read.1.tlog
c:\users\werbinich\documents\git\awah-sip_codec\awah-sip_library\pjsip\win_x86-64\pjproject-2.10\pjmedia\build\output\pjmedia-x86_64-x64-vc14-release\pjmedia.tlog\cl.write.1.tlog
c:\users\werbinich\documents\git\awah-sip_codec\awah-sip_library\pjsip\win_x86-64\pjproject-2.10\pjmedia\build\output\pjmedia-x86_64-x64-vc14-release\pjmedia.tlog\lib-link.read.1.tlog
c:\users\werbinich\documents\git\awah-sip_codec\awah-sip_library\pjsip\win_x86-64\pjproject-2.10\pjmedia\build\output\pjmedia-x86_64-x64-vc14-release\pjmedia.tlog\lib-link.write.1.tlog
c:\users\werbinich\documents\git\awah-sip_codec\awah-sip_library\pjsip\win_x86-64\pjproject-2.10\pjmedia\build\output\pjmedia-x86_64-x64-vc14-release\pjmedia.tlog\lib.command.1.tlog
