c:\users\user\documents\github\awah-sip-testapp\lib\pjsip\win_x86-64\pjproject-2.10\pjlib-util\lib\pjlib-util-x86_64-x64-vc14-debug.bsc
c:\users\user\documents\github\awah-sip-testapp\lib\pjsip\win_x86-64\pjproject-2.10\pjlib-util\build\output\pjlib_util-x86_64-x64-vc14-debug\pjlib_util.pdb
c:\users\user\documents\github\awah-sip-testapp\lib\pjsip\win_x86-64\pjproject-2.10\pjlib-util\build\output\pjlib_util-x86_64-x64-vc14-debug\base64.sbr
c:\users\user\documents\github\awah-sip-testapp\lib\pjsip\win_x86-64\pjproject-2.10\pjlib-util\build\output\pjlib_util-x86_64-x64-vc14-debug\cli.sbr
c:\users\user\documents\github\awah-sip-testapp\lib\pjsip\win_x86-64\pjproject-2.10\pjlib-util\build\output\pjlib_util-x86_64-x64-vc14-debug\cli_console.sbr
c:\users\user\documents\github\awah-sip-testapp\lib\pjsip\win_x86-64\pjproject-2.10\pjlib-util\build\output\pjlib_util-x86_64-x64-vc14-debug\cli_telnet.sbr
c:\users\user\documents\github\awah-sip-testapp\lib\pjsip\win_x86-64\pjproject-2.10\pjlib-util\build\output\pjlib_util-x86_64-x64-vc14-debug\crc32.sbr
c:\users\user\documents\github\awah-sip-testapp\lib\pjsip\win_x86-64\pjproject-2.10\pjlib-util\build\output\pjlib_util-x86_64-x64-vc14-debug\dns.sbr
c:\users\user\documents\github\awah-sip-testapp\lib\pjsip\win_x86-64\pjproject-2.10\pjlib-util\build\output\pjlib_util-x86_64-x64-vc14-debug\dns_dump.sbr
c:\users\user\documents\github\awah-sip-testapp\lib\pjsip\win_x86-64\pjproject-2.10\pjlib-util\build\output\pjlib_util-x86_64-x64-vc14-debug\dns_server.sbr
c:\users\user\documents\github\awah-sip-testapp\lib\pjsip\win_x86-64\pjproject-2.10\pjlib-util\build\output\pjlib_util-x86_64-x64-vc14-debug\errno.sbr
c:\users\user\documents\github\awah-sip-testapp\lib\pjsip\win_x86-64\pjproject-2.10\pjlib-util\build\output\pjlib_util-x86_64-x64-vc14-debug\getopt.sbr
c:\users\user\documents\github\awah-sip-testapp\lib\pjsip\win_x86-64\pjproject-2.10\pjlib-util\build\output\pjlib_util-x86_64-x64-vc14-debug\hmac_md5.sbr
c:\users\user\documents\github\awah-sip-testapp\lib\pjsip\win_x86-64\pjproject-2.10\pjlib-util\build\output\pjlib_util-x86_64-x64-vc14-debug\hmac_sha1.sbr
c:\users\user\documents\github\awah-sip-testapp\lib\pjsip\win_x86-64\pjproject-2.10\pjlib-util\build\output\pjlib_util-x86_64-x64-vc14-debug\http_client.sbr
c:\users\user\documents\github\awah-sip-testapp\lib\pjsip\win_x86-64\pjproject-2.10\pjlib-util\build\output\pjlib_util-x86_64-x64-vc14-debug\json.sbr
c:\users\user\documents\github\awah-sip-testapp\lib\pjsip\win_x86-64\pjproject-2.10\pjlib-util\build\output\pjlib_util-x86_64-x64-vc14-debug\md5.sbr
c:\users\user\documents\github\awah-sip-testapp\lib\pjsip\win_x86-64\pjproject-2.10\pjlib-util\build\output\pjlib_util-x86_64-x64-vc14-debug\pcap.sbr
c:\users\user\documents\github\awah-sip-testapp\lib\pjsip\win_x86-64\pjproject-2.10\pjlib-util\build\output\pjlib_util-x86_64-x64-vc14-debug\resolver.sbr
c:\users\user\documents\github\awah-sip-testapp\lib\pjsip\win_x86-64\pjproject-2.10\pjlib-util\build\output\pjlib_util-x86_64-x64-vc14-debug\scanner.sbr
c:\users\user\documents\github\awah-sip-testapp\lib\pjsip\win_x86-64\pjproject-2.10\pjlib-util\build\output\pjlib_util-x86_64-x64-vc14-debug\sha1.sbr
c:\users\user\documents\github\awah-sip-testapp\lib\pjsip\win_x86-64\pjproject-2.10\pjlib-util\build\output\pjlib_util-x86_64-x64-vc14-debug\srv_resolver.sbr
c:\users\user\documents\github\awah-sip-testapp\lib\pjsip\win_x86-64\pjproject-2.10\pjlib-util\build\output\pjlib_util-x86_64-x64-vc14-debug\srv_resolver.obj
c:\users\user\documents\github\awah-sip-testapp\lib\pjsip\win_x86-64\pjproject-2.10\pjlib-util\build\output\pjlib_util-x86_64-x64-vc14-debug\sha1.obj
c:\users\user\documents\github\awah-sip-testapp\lib\pjsip\win_x86-64\pjproject-2.10\pjlib-util\build\output\pjlib_util-x86_64-x64-vc14-debug\scanner.obj
c:\users\user\documents\github\awah-sip-testapp\lib\pjsip\win_x86-64\pjproject-2.10\pjlib-util\build\output\pjlib_util-x86_64-x64-vc14-debug\resolver.obj
c:\users\user\documents\github\awah-sip-testapp\lib\pjsip\win_x86-64\pjproject-2.10\pjlib-util\build\output\pjlib_util-x86_64-x64-vc14-debug\pcap.obj
c:\users\user\documents\github\awah-sip-testapp\lib\pjsip\win_x86-64\pjproject-2.10\pjlib-util\build\output\pjlib_util-x86_64-x64-vc14-debug\md5.obj
c:\users\user\documents\github\awah-sip-testapp\lib\pjsip\win_x86-64\pjproject-2.10\pjlib-util\build\output\pjlib_util-x86_64-x64-vc14-debug\json.obj
c:\users\user\documents\github\awah-sip-testapp\lib\pjsip\win_x86-64\pjproject-2.10\pjlib-util\build\output\pjlib_util-x86_64-x64-vc14-debug\http_client.obj
c:\users\user\documents\github\awah-sip-testapp\lib\pjsip\win_x86-64\pjproject-2.10\pjlib-util\build\output\pjlib_util-x86_64-x64-vc14-debug\hmac_sha1.obj
c:\users\user\documents\github\awah-sip-testapp\lib\pjsip\win_x86-64\pjproject-2.10\pjlib-util\build\output\pjlib_util-x86_64-x64-vc14-debug\hmac_md5.obj
c:\users\user\documents\github\awah-sip-testapp\lib\pjsip\win_x86-64\pjproject-2.10\pjlib-util\build\output\pjlib_util-x86_64-x64-vc14-debug\getopt.obj
c:\users\user\documents\github\awah-sip-testapp\lib\pjsip\win_x86-64\pjproject-2.10\pjlib-util\build\output\pjlib_util-x86_64-x64-vc14-debug\errno.obj
c:\users\user\documents\github\awah-sip-testapp\lib\pjsip\win_x86-64\pjproject-2.10\pjlib-util\build\output\pjlib_util-x86_64-x64-vc14-debug\dns_server.obj
c:\users\user\documents\github\awah-sip-testapp\lib\pjsip\win_x86-64\pjproject-2.10\pjlib-util\build\output\pjlib_util-x86_64-x64-vc14-debug\dns_dump.obj
c:\users\user\documents\github\awah-sip-testapp\lib\pjsip\win_x86-64\pjproject-2.10\pjlib-util\build\output\pjlib_util-x86_64-x64-vc14-debug\dns.obj
c:\users\user\documents\github\awah-sip-testapp\lib\pjsip\win_x86-64\pjproject-2.10\pjlib-util\build\output\pjlib_util-x86_64-x64-vc14-debug\crc32.obj
c:\users\user\documents\github\awah-sip-testapp\lib\pjsip\win_x86-64\pjproject-2.10\pjlib-util\build\output\pjlib_util-x86_64-x64-vc14-debug\cli_telnet.obj
c:\users\user\documents\github\awah-sip-testapp\lib\pjsip\win_x86-64\pjproject-2.10\pjlib-util\build\output\pjlib_util-x86_64-x64-vc14-debug\cli_console.obj
c:\users\user\documents\github\awah-sip-testapp\lib\pjsip\win_x86-64\pjproject-2.10\pjlib-util\build\output\pjlib_util-x86_64-x64-vc14-debug\cli.obj
c:\users\user\documents\github\awah-sip-testapp\lib\pjsip\win_x86-64\pjproject-2.10\pjlib-util\build\output\pjlib_util-x86_64-x64-vc14-debug\base64.obj
c:\users\user\documents\github\awah-sip-testapp\lib\pjsip\win_x86-64\pjproject-2.10\pjlib-util\build\output\pjlib_util-x86_64-x64-vc14-debug\string.sbr
c:\users\user\documents\github\awah-sip-testapp\lib\pjsip\win_x86-64\pjproject-2.10\pjlib-util\build\output\pjlib_util-x86_64-x64-vc14-debug\stun_simple.sbr
c:\users\user\documents\github\awah-sip-testapp\lib\pjsip\win_x86-64\pjproject-2.10\pjlib-util\build\output\pjlib_util-x86_64-x64-vc14-debug\stun_simple_client.sbr
c:\users\user\documents\github\awah-sip-testapp\lib\pjsip\win_x86-64\pjproject-2.10\pjlib-util\build\output\pjlib_util-x86_64-x64-vc14-debug\symbols.sbr
c:\users\user\documents\github\awah-sip-testapp\lib\pjsip\win_x86-64\pjproject-2.10\pjlib-util\build\output\pjlib_util-x86_64-x64-vc14-debug\xml.sbr
c:\users\user\documents\github\awah-sip-testapp\lib\pjsip\win_x86-64\pjproject-2.10\pjlib-util\build\output\pjlib_util-x86_64-x64-vc14-debug\xml.obj
c:\users\user\documents\github\awah-sip-testapp\lib\pjsip\win_x86-64\pjproject-2.10\pjlib-util\build\output\pjlib_util-x86_64-x64-vc14-debug\symbols.obj
c:\users\user\documents\github\awah-sip-testapp\lib\pjsip\win_x86-64\pjproject-2.10\pjlib-util\build\output\pjlib_util-x86_64-x64-vc14-debug\stun_simple_client.obj
c:\users\user\documents\github\awah-sip-testapp\lib\pjsip\win_x86-64\pjproject-2.10\pjlib-util\build\output\pjlib_util-x86_64-x64-vc14-debug\stun_simple.obj
c:\users\user\documents\github\awah-sip-testapp\lib\pjsip\win_x86-64\pjproject-2.10\pjlib-util\build\output\pjlib_util-x86_64-x64-vc14-debug\string.obj
c:\users\user\documents\github\awah-sip-testapp\lib\pjsip\win_x86-64\pjproject-2.10\pjlib-util\lib\pjlib-util-x86_64-x64-vc14-debug.lib
c:\users\user\documents\github\awah-sip-testapp\lib\pjsip\win_x86-64\pjproject-2.10\pjlib-util\build\..\lib\pjlib-util-x86_64-x64-vc14-debug.lib
c:\users\user\documents\github\awah-sip-testapp\lib\pjsip\win_x86-64\pjproject-2.10\pjlib-util\build\output\pjlib_util-x86_64-x64-vc14-debug\pjlib_util.tlog\bscmake.command.1.tlog
c:\users\user\documents\github\awah-sip-testapp\lib\pjsip\win_x86-64\pjproject-2.10\pjlib-util\build\output\pjlib_util-x86_64-x64-vc14-debug\pjlib_util.tlog\bscmake.read.1.tlog
c:\users\user\documents\github\awah-sip-testapp\lib\pjsip\win_x86-64\pjproject-2.10\pjlib-util\build\output\pjlib_util-x86_64-x64-vc14-debug\pjlib_util.tlog\bscmake.write.1.tlog
c:\users\user\documents\github\awah-sip-testapp\lib\pjsip\win_x86-64\pjproject-2.10\pjlib-util\build\output\pjlib_util-x86_64-x64-vc14-debug\pjlib_util.tlog\cl.command.1.tlog
c:\users\user\documents\github\awah-sip-testapp\lib\pjsip\win_x86-64\pjproject-2.10\pjlib-util\build\output\pjlib_util-x86_64-x64-vc14-debug\pjlib_util.tlog\cl.read.1.tlog
c:\users\user\documents\github\awah-sip-testapp\lib\pjsip\win_x86-64\pjproject-2.10\pjlib-util\build\output\pjlib_util-x86_64-x64-vc14-debug\pjlib_util.tlog\cl.write.1.tlog
c:\users\user\documents\github\awah-sip-testapp\lib\pjsip\win_x86-64\pjproject-2.10\pjlib-util\build\output\pjlib_util-x86_64-x64-vc14-debug\pjlib_util.tlog\lib-link.read.1.tlog
c:\users\user\documents\github\awah-sip-testapp\lib\pjsip\win_x86-64\pjproject-2.10\pjlib-util\build\output\pjlib_util-x86_64-x64-vc14-debug\pjlib_util.tlog\lib-link.write.1.tlog
c:\users\user\documents\github\awah-sip-testapp\lib\pjsip\win_x86-64\pjproject-2.10\pjlib-util\build\output\pjlib_util-x86_64-x64-vc14-debug\pjlib_util.tlog\lib.command.1.tlog
