c:\users\user\documents\github\awah-sip-testapp\lib\pjsip\win_x86-64\pjproject-2.10\pjsip\lib\pjsip-ua-x86_64-x64-vc14-debug.bsc
c:\users\user\documents\github\awah-sip-testapp\lib\pjsip\win_x86-64\pjproject-2.10\pjsip\build\output\pjsip_ua-x86_64-x64-vc14-debug\pjsip_ua.pdb
c:\users\user\documents\github\awah-sip-testapp\lib\pjsip\win_x86-64\pjproject-2.10\pjsip\build\output\pjsip_ua-x86_64-x64-vc14-debug\sip_100rel.sbr
c:\users\user\documents\github\awah-sip-testapp\lib\pjsip\win_x86-64\pjproject-2.10\pjsip\build\output\pjsip_ua-x86_64-x64-vc14-debug\sip_inv.sbr
c:\users\user\documents\github\awah-sip-testapp\lib\pjsip\win_x86-64\pjproject-2.10\pjsip\build\output\pjsip_ua-x86_64-x64-vc14-debug\sip_reg.sbr
c:\users\user\documents\github\awah-sip-testapp\lib\pjsip\win_x86-64\pjproject-2.10\pjsip\build\output\pjsip_ua-x86_64-x64-vc14-debug\sip_replaces.sbr
c:\users\user\documents\github\awah-sip-testapp\lib\pjsip\win_x86-64\pjproject-2.10\pjsip\build\output\pjsip_ua-x86_64-x64-vc14-debug\sip_timer.sbr
c:\users\user\documents\github\awah-sip-testapp\lib\pjsip\win_x86-64\pjproject-2.10\pjsip\build\output\pjsip_ua-x86_64-x64-vc14-debug\sip_xfer.sbr
c:\users\user\documents\github\awah-sip-testapp\lib\pjsip\win_x86-64\pjproject-2.10\pjsip\build\output\pjsip_ua-x86_64-x64-vc14-debug\sip_xfer.obj
c:\users\user\documents\github\awah-sip-testapp\lib\pjsip\win_x86-64\pjproject-2.10\pjsip\build\output\pjsip_ua-x86_64-x64-vc14-debug\sip_timer.obj
c:\users\user\documents\github\awah-sip-testapp\lib\pjsip\win_x86-64\pjproject-2.10\pjsip\build\output\pjsip_ua-x86_64-x64-vc14-debug\sip_replaces.obj
c:\users\user\documents\github\awah-sip-testapp\lib\pjsip\win_x86-64\pjproject-2.10\pjsip\build\output\pjsip_ua-x86_64-x64-vc14-debug\sip_reg.obj
c:\users\user\documents\github\awah-sip-testapp\lib\pjsip\win_x86-64\pjproject-2.10\pjsip\build\output\pjsip_ua-x86_64-x64-vc14-debug\sip_inv.obj
c:\users\user\documents\github\awah-sip-testapp\lib\pjsip\win_x86-64\pjproject-2.10\pjsip\build\output\pjsip_ua-x86_64-x64-vc14-debug\sip_100rel.obj
c:\users\user\documents\github\awah-sip-testapp\lib\pjsip\win_x86-64\pjproject-2.10\pjsip\lib\pjsip-ua-x86_64-x64-vc14-debug.lib
c:\users\user\documents\github\awah-sip-testapp\lib\pjsip\win_x86-64\pjproject-2.10\pjsip\build\..\lib\pjsip-ua-x86_64-x64-vc14-debug.lib
c:\users\user\documents\github\awah-sip-testapp\lib\pjsip\win_x86-64\pjproject-2.10\pjsip\build\output\pjsip_ua-x86_64-x64-vc14-debug\pjsip_ua.tlog\bscmake.command.1.tlog
c:\users\user\documents\github\awah-sip-testapp\lib\pjsip\win_x86-64\pjproject-2.10\pjsip\build\output\pjsip_ua-x86_64-x64-vc14-debug\pjsip_ua.tlog\bscmake.read.1.tlog
c:\users\user\documents\github\awah-sip-testapp\lib\pjsip\win_x86-64\pjproject-2.10\pjsip\build\output\pjsip_ua-x86_64-x64-vc14-debug\pjsip_ua.tlog\bscmake.write.1.tlog
c:\users\user\documents\github\awah-sip-testapp\lib\pjsip\win_x86-64\pjproject-2.10\pjsip\build\output\pjsip_ua-x86_64-x64-vc14-debug\pjsip_ua.tlog\cl.command.1.tlog
c:\users\user\documents\github\awah-sip-testapp\lib\pjsip\win_x86-64\pjproject-2.10\pjsip\build\output\pjsip_ua-x86_64-x64-vc14-debug\pjsip_ua.tlog\cl.read.1.tlog
c:\users\user\documents\github\awah-sip-testapp\lib\pjsip\win_x86-64\pjproject-2.10\pjsip\build\output\pjsip_ua-x86_64-x64-vc14-debug\pjsip_ua.tlog\cl.write.1.tlog
c:\users\user\documents\github\awah-sip-testapp\lib\pjsip\win_x86-64\pjproject-2.10\pjsip\build\output\pjsip_ua-x86_64-x64-vc14-debug\pjsip_ua.tlog\lib-link.read.1.tlog
c:\users\user\documents\github\awah-sip-testapp\lib\pjsip\win_x86-64\pjproject-2.10\pjsip\build\output\pjsip_ua-x86_64-x64-vc14-debug\pjsip_ua.tlog\lib-link.write.1.tlog
c:\users\user\documents\github\awah-sip-testapp\lib\pjsip\win_x86-64\pjproject-2.10\pjsip\build\output\pjsip_ua-x86_64-x64-vc14-debug\pjsip_ua.tlog\lib.command.1.tlog
