  activesock.c
  addr_resolv_sock.c
  array.c
  config.c
  ctype.c
  errno.c
  except.c
  fifobuf.c
  file_access_win32.c
  file_io_win32.c
  guid.c
  guid_win32.c
  hash.c
  ioqueue_select.c
  ip_helper_win32.c
  list.c
  lock.c
  log.c
  log_writer_stdout.c
  os_core_win32.c
  Code wird generiert...
  Kompilieren...
  os_error_win32.c
  os_info.c
  os_timestamp_common.c
  os_timestamp_win32.c
  os_time_win32.c
  pool.c
  pool_buf.c
  pool_caching.c
  pool_dbg.c
  pool_policy_malloc.c
  rand.c
  rbtree.c
  sock_bsd.c
  sock_common.c
  sock_qos_bsd.c
  sock_qos_common.c
  sock_qos_dummy.c
  sock_qos_wm.c
  sock_select.c
  ssl_sock_common.c
  Code wird generiert...
  Kompilieren...
  ssl_sock_dump.c
  ssl_sock_ossl.c
  ssl_sock_gtls.c
  string.c
  timer.c
C:\Users\WerBinIch\Documents\git\AWAH-SIP_Codec\awah-sip_library\pjsip\win_x86-64\pjproject-2.10\pjlib\src\pj\timer.c(406,1): warning C4244: "Initialisierung": Konvertierung von "__int64" in "int", möglicher Datenverlust
  types.c
  unicode_win32.c
  Code wird generiert...
  pjlib.vcxproj -> C:\Users\WerBinIch\Documents\git\AWAH-SIP_Codec\awah-sip_library\pjsip\win_x86-64\pjproject-2.10\pjlib\lib\pjlib-x86_64-x64-vc14-Release.lib
