c:\users\user\documents\github\awah-sip-testapp\lib\pjsip\win_x86-64\pjproject-2.10\pjlib\lib\pjlib-x86_64-x64-vc14-release.bsc
c:\users\user\documents\github\awah-sip-testapp\lib\pjsip\win_x86-64\pjproject-2.10\pjlib\build\output\pjlib-x86_64-x64-vc14-release\pjlib.pdb
c:\users\user\documents\github\awah-sip-testapp\lib\pjsip\win_x86-64\pjproject-2.10\pjlib\build\output\pjlib-x86_64-x64-vc14-release\activesock.sbr
c:\users\user\documents\github\awah-sip-testapp\lib\pjsip\win_x86-64\pjproject-2.10\pjlib\build\output\pjlib-x86_64-x64-vc14-release\addr_resolv_sock.sbr
c:\users\user\documents\github\awah-sip-testapp\lib\pjsip\win_x86-64\pjproject-2.10\pjlib\build\output\pjlib-x86_64-x64-vc14-release\array.sbr
c:\users\user\documents\github\awah-sip-testapp\lib\pjsip\win_x86-64\pjproject-2.10\pjlib\build\output\pjlib-x86_64-x64-vc14-release\config.sbr
c:\users\user\documents\github\awah-sip-testapp\lib\pjsip\win_x86-64\pjproject-2.10\pjlib\build\output\pjlib-x86_64-x64-vc14-release\ctype.sbr
c:\users\user\documents\github\awah-sip-testapp\lib\pjsip\win_x86-64\pjproject-2.10\pjlib\build\output\pjlib-x86_64-x64-vc14-release\errno.sbr
c:\users\user\documents\github\awah-sip-testapp\lib\pjsip\win_x86-64\pjproject-2.10\pjlib\build\output\pjlib-x86_64-x64-vc14-release\except.sbr
c:\users\user\documents\github\awah-sip-testapp\lib\pjsip\win_x86-64\pjproject-2.10\pjlib\build\output\pjlib-x86_64-x64-vc14-release\fifobuf.sbr
c:\users\user\documents\github\awah-sip-testapp\lib\pjsip\win_x86-64\pjproject-2.10\pjlib\build\output\pjlib-x86_64-x64-vc14-release\file_access_win32.sbr
c:\users\user\documents\github\awah-sip-testapp\lib\pjsip\win_x86-64\pjproject-2.10\pjlib\build\output\pjlib-x86_64-x64-vc14-release\file_io_win32.sbr
c:\users\user\documents\github\awah-sip-testapp\lib\pjsip\win_x86-64\pjproject-2.10\pjlib\build\output\pjlib-x86_64-x64-vc14-release\guid.sbr
c:\users\user\documents\github\awah-sip-testapp\lib\pjsip\win_x86-64\pjproject-2.10\pjlib\build\output\pjlib-x86_64-x64-vc14-release\guid_win32.sbr
c:\users\user\documents\github\awah-sip-testapp\lib\pjsip\win_x86-64\pjproject-2.10\pjlib\build\output\pjlib-x86_64-x64-vc14-release\hash.sbr
c:\users\user\documents\github\awah-sip-testapp\lib\pjsip\win_x86-64\pjproject-2.10\pjlib\build\output\pjlib-x86_64-x64-vc14-release\ioqueue_select.sbr
c:\users\user\documents\github\awah-sip-testapp\lib\pjsip\win_x86-64\pjproject-2.10\pjlib\build\output\pjlib-x86_64-x64-vc14-release\ip_helper_win32.sbr
c:\users\user\documents\github\awah-sip-testapp\lib\pjsip\win_x86-64\pjproject-2.10\pjlib\build\output\pjlib-x86_64-x64-vc14-release\list.sbr
c:\users\user\documents\github\awah-sip-testapp\lib\pjsip\win_x86-64\pjproject-2.10\pjlib\build\output\pjlib-x86_64-x64-vc14-release\lock.sbr
c:\users\user\documents\github\awah-sip-testapp\lib\pjsip\win_x86-64\pjproject-2.10\pjlib\build\output\pjlib-x86_64-x64-vc14-release\log.sbr
c:\users\user\documents\github\awah-sip-testapp\lib\pjsip\win_x86-64\pjproject-2.10\pjlib\build\output\pjlib-x86_64-x64-vc14-release\log_writer_stdout.sbr
c:\users\user\documents\github\awah-sip-testapp\lib\pjsip\win_x86-64\pjproject-2.10\pjlib\build\output\pjlib-x86_64-x64-vc14-release\os_core_win32.sbr
c:\users\user\documents\github\awah-sip-testapp\lib\pjsip\win_x86-64\pjproject-2.10\pjlib\build\output\pjlib-x86_64-x64-vc14-release\os_core_win32.obj
c:\users\user\documents\github\awah-sip-testapp\lib\pjsip\win_x86-64\pjproject-2.10\pjlib\build\output\pjlib-x86_64-x64-vc14-release\log_writer_stdout.obj
c:\users\user\documents\github\awah-sip-testapp\lib\pjsip\win_x86-64\pjproject-2.10\pjlib\build\output\pjlib-x86_64-x64-vc14-release\log.obj
c:\users\user\documents\github\awah-sip-testapp\lib\pjsip\win_x86-64\pjproject-2.10\pjlib\build\output\pjlib-x86_64-x64-vc14-release\lock.obj
c:\users\user\documents\github\awah-sip-testapp\lib\pjsip\win_x86-64\pjproject-2.10\pjlib\build\output\pjlib-x86_64-x64-vc14-release\list.obj
c:\users\user\documents\github\awah-sip-testapp\lib\pjsip\win_x86-64\pjproject-2.10\pjlib\build\output\pjlib-x86_64-x64-vc14-release\ip_helper_win32.obj
c:\users\user\documents\github\awah-sip-testapp\lib\pjsip\win_x86-64\pjproject-2.10\pjlib\build\output\pjlib-x86_64-x64-vc14-release\ioqueue_select.obj
c:\users\user\documents\github\awah-sip-testapp\lib\pjsip\win_x86-64\pjproject-2.10\pjlib\build\output\pjlib-x86_64-x64-vc14-release\hash.obj
c:\users\user\documents\github\awah-sip-testapp\lib\pjsip\win_x86-64\pjproject-2.10\pjlib\build\output\pjlib-x86_64-x64-vc14-release\guid_win32.obj
c:\users\user\documents\github\awah-sip-testapp\lib\pjsip\win_x86-64\pjproject-2.10\pjlib\build\output\pjlib-x86_64-x64-vc14-release\guid.obj
c:\users\user\documents\github\awah-sip-testapp\lib\pjsip\win_x86-64\pjproject-2.10\pjlib\build\output\pjlib-x86_64-x64-vc14-release\file_io_win32.obj
c:\users\user\documents\github\awah-sip-testapp\lib\pjsip\win_x86-64\pjproject-2.10\pjlib\build\output\pjlib-x86_64-x64-vc14-release\file_access_win32.obj
c:\users\user\documents\github\awah-sip-testapp\lib\pjsip\win_x86-64\pjproject-2.10\pjlib\build\output\pjlib-x86_64-x64-vc14-release\fifobuf.obj
c:\users\user\documents\github\awah-sip-testapp\lib\pjsip\win_x86-64\pjproject-2.10\pjlib\build\output\pjlib-x86_64-x64-vc14-release\except.obj
c:\users\user\documents\github\awah-sip-testapp\lib\pjsip\win_x86-64\pjproject-2.10\pjlib\build\output\pjlib-x86_64-x64-vc14-release\errno.obj
c:\users\user\documents\github\awah-sip-testapp\lib\pjsip\win_x86-64\pjproject-2.10\pjlib\build\output\pjlib-x86_64-x64-vc14-release\ctype.obj
c:\users\user\documents\github\awah-sip-testapp\lib\pjsip\win_x86-64\pjproject-2.10\pjlib\build\output\pjlib-x86_64-x64-vc14-release\config.obj
c:\users\user\documents\github\awah-sip-testapp\lib\pjsip\win_x86-64\pjproject-2.10\pjlib\build\output\pjlib-x86_64-x64-vc14-release\array.obj
c:\users\user\documents\github\awah-sip-testapp\lib\pjsip\win_x86-64\pjproject-2.10\pjlib\build\output\pjlib-x86_64-x64-vc14-release\addr_resolv_sock.obj
c:\users\user\documents\github\awah-sip-testapp\lib\pjsip\win_x86-64\pjproject-2.10\pjlib\build\output\pjlib-x86_64-x64-vc14-release\activesock.obj
c:\users\user\documents\github\awah-sip-testapp\lib\pjsip\win_x86-64\pjproject-2.10\pjlib\build\output\pjlib-x86_64-x64-vc14-release\os_error_win32.sbr
c:\users\user\documents\github\awah-sip-testapp\lib\pjsip\win_x86-64\pjproject-2.10\pjlib\build\output\pjlib-x86_64-x64-vc14-release\os_info.sbr
c:\users\user\documents\github\awah-sip-testapp\lib\pjsip\win_x86-64\pjproject-2.10\pjlib\build\output\pjlib-x86_64-x64-vc14-release\os_timestamp_common.sbr
c:\users\user\documents\github\awah-sip-testapp\lib\pjsip\win_x86-64\pjproject-2.10\pjlib\build\output\pjlib-x86_64-x64-vc14-release\os_timestamp_win32.sbr
c:\users\user\documents\github\awah-sip-testapp\lib\pjsip\win_x86-64\pjproject-2.10\pjlib\build\output\pjlib-x86_64-x64-vc14-release\os_time_win32.sbr
c:\users\user\documents\github\awah-sip-testapp\lib\pjsip\win_x86-64\pjproject-2.10\pjlib\build\output\pjlib-x86_64-x64-vc14-release\pool.sbr
c:\users\user\documents\github\awah-sip-testapp\lib\pjsip\win_x86-64\pjproject-2.10\pjlib\build\output\pjlib-x86_64-x64-vc14-release\pool_buf.sbr
c:\users\user\documents\github\awah-sip-testapp\lib\pjsip\win_x86-64\pjproject-2.10\pjlib\build\output\pjlib-x86_64-x64-vc14-release\pool_caching.sbr
c:\users\user\documents\github\awah-sip-testapp\lib\pjsip\win_x86-64\pjproject-2.10\pjlib\build\output\pjlib-x86_64-x64-vc14-release\pool_dbg.sbr
c:\users\user\documents\github\awah-sip-testapp\lib\pjsip\win_x86-64\pjproject-2.10\pjlib\build\output\pjlib-x86_64-x64-vc14-release\pool_policy_malloc.sbr
c:\users\user\documents\github\awah-sip-testapp\lib\pjsip\win_x86-64\pjproject-2.10\pjlib\build\output\pjlib-x86_64-x64-vc14-release\rand.sbr
c:\users\user\documents\github\awah-sip-testapp\lib\pjsip\win_x86-64\pjproject-2.10\pjlib\build\output\pjlib-x86_64-x64-vc14-release\rbtree.sbr
c:\users\user\documents\github\awah-sip-testapp\lib\pjsip\win_x86-64\pjproject-2.10\pjlib\build\output\pjlib-x86_64-x64-vc14-release\sock_bsd.sbr
c:\users\user\documents\github\awah-sip-testapp\lib\pjsip\win_x86-64\pjproject-2.10\pjlib\build\output\pjlib-x86_64-x64-vc14-release\sock_common.sbr
c:\users\user\documents\github\awah-sip-testapp\lib\pjsip\win_x86-64\pjproject-2.10\pjlib\build\output\pjlib-x86_64-x64-vc14-release\sock_qos_bsd.sbr
c:\users\user\documents\github\awah-sip-testapp\lib\pjsip\win_x86-64\pjproject-2.10\pjlib\build\output\pjlib-x86_64-x64-vc14-release\sock_qos_common.sbr
c:\users\user\documents\github\awah-sip-testapp\lib\pjsip\win_x86-64\pjproject-2.10\pjlib\build\output\pjlib-x86_64-x64-vc14-release\sock_qos_dummy.sbr
c:\users\user\documents\github\awah-sip-testapp\lib\pjsip\win_x86-64\pjproject-2.10\pjlib\build\output\pjlib-x86_64-x64-vc14-release\sock_qos_wm.sbr
c:\users\user\documents\github\awah-sip-testapp\lib\pjsip\win_x86-64\pjproject-2.10\pjlib\build\output\pjlib-x86_64-x64-vc14-release\sock_select.sbr
c:\users\user\documents\github\awah-sip-testapp\lib\pjsip\win_x86-64\pjproject-2.10\pjlib\build\output\pjlib-x86_64-x64-vc14-release\ssl_sock_common.sbr
c:\users\user\documents\github\awah-sip-testapp\lib\pjsip\win_x86-64\pjproject-2.10\pjlib\build\output\pjlib-x86_64-x64-vc14-release\ssl_sock_common.obj
c:\users\user\documents\github\awah-sip-testapp\lib\pjsip\win_x86-64\pjproject-2.10\pjlib\build\output\pjlib-x86_64-x64-vc14-release\sock_select.obj
c:\users\user\documents\github\awah-sip-testapp\lib\pjsip\win_x86-64\pjproject-2.10\pjlib\build\output\pjlib-x86_64-x64-vc14-release\sock_qos_wm.obj
c:\users\user\documents\github\awah-sip-testapp\lib\pjsip\win_x86-64\pjproject-2.10\pjlib\build\output\pjlib-x86_64-x64-vc14-release\sock_qos_dummy.obj
c:\users\user\documents\github\awah-sip-testapp\lib\pjsip\win_x86-64\pjproject-2.10\pjlib\build\output\pjlib-x86_64-x64-vc14-release\sock_qos_common.obj
c:\users\user\documents\github\awah-sip-testapp\lib\pjsip\win_x86-64\pjproject-2.10\pjlib\build\output\pjlib-x86_64-x64-vc14-release\sock_qos_bsd.obj
c:\users\user\documents\github\awah-sip-testapp\lib\pjsip\win_x86-64\pjproject-2.10\pjlib\build\output\pjlib-x86_64-x64-vc14-release\sock_common.obj
c:\users\user\documents\github\awah-sip-testapp\lib\pjsip\win_x86-64\pjproject-2.10\pjlib\build\output\pjlib-x86_64-x64-vc14-release\sock_bsd.obj
c:\users\user\documents\github\awah-sip-testapp\lib\pjsip\win_x86-64\pjproject-2.10\pjlib\build\output\pjlib-x86_64-x64-vc14-release\rbtree.obj
c:\users\user\documents\github\awah-sip-testapp\lib\pjsip\win_x86-64\pjproject-2.10\pjlib\build\output\pjlib-x86_64-x64-vc14-release\rand.obj
c:\users\user\documents\github\awah-sip-testapp\lib\pjsip\win_x86-64\pjproject-2.10\pjlib\build\output\pjlib-x86_64-x64-vc14-release\pool_policy_malloc.obj
c:\users\user\documents\github\awah-sip-testapp\lib\pjsip\win_x86-64\pjproject-2.10\pjlib\build\output\pjlib-x86_64-x64-vc14-release\pool_dbg.obj
c:\users\user\documents\github\awah-sip-testapp\lib\pjsip\win_x86-64\pjproject-2.10\pjlib\build\output\pjlib-x86_64-x64-vc14-release\pool_caching.obj
c:\users\user\documents\github\awah-sip-testapp\lib\pjsip\win_x86-64\pjproject-2.10\pjlib\build\output\pjlib-x86_64-x64-vc14-release\pool_buf.obj
c:\users\user\documents\github\awah-sip-testapp\lib\pjsip\win_x86-64\pjproject-2.10\pjlib\build\output\pjlib-x86_64-x64-vc14-release\pool.obj
c:\users\user\documents\github\awah-sip-testapp\lib\pjsip\win_x86-64\pjproject-2.10\pjlib\build\output\pjlib-x86_64-x64-vc14-release\os_time_win32.obj
c:\users\user\documents\github\awah-sip-testapp\lib\pjsip\win_x86-64\pjproject-2.10\pjlib\build\output\pjlib-x86_64-x64-vc14-release\os_timestamp_win32.obj
c:\users\user\documents\github\awah-sip-testapp\lib\pjsip\win_x86-64\pjproject-2.10\pjlib\build\output\pjlib-x86_64-x64-vc14-release\os_timestamp_common.obj
c:\users\user\documents\github\awah-sip-testapp\lib\pjsip\win_x86-64\pjproject-2.10\pjlib\build\output\pjlib-x86_64-x64-vc14-release\os_info.obj
c:\users\user\documents\github\awah-sip-testapp\lib\pjsip\win_x86-64\pjproject-2.10\pjlib\build\output\pjlib-x86_64-x64-vc14-release\os_error_win32.obj
c:\users\user\documents\github\awah-sip-testapp\lib\pjsip\win_x86-64\pjproject-2.10\pjlib\build\output\pjlib-x86_64-x64-vc14-release\ssl_sock_dump.sbr
c:\users\user\documents\github\awah-sip-testapp\lib\pjsip\win_x86-64\pjproject-2.10\pjlib\build\output\pjlib-x86_64-x64-vc14-release\ssl_sock_ossl.sbr
c:\users\user\documents\github\awah-sip-testapp\lib\pjsip\win_x86-64\pjproject-2.10\pjlib\build\output\pjlib-x86_64-x64-vc14-release\ssl_sock_gtls.sbr
c:\users\user\documents\github\awah-sip-testapp\lib\pjsip\win_x86-64\pjproject-2.10\pjlib\build\output\pjlib-x86_64-x64-vc14-release\string.sbr
c:\users\user\documents\github\awah-sip-testapp\lib\pjsip\win_x86-64\pjproject-2.10\pjlib\build\output\pjlib-x86_64-x64-vc14-release\timer.sbr
c:\users\user\documents\github\awah-sip-testapp\lib\pjsip\win_x86-64\pjproject-2.10\pjlib\build\output\pjlib-x86_64-x64-vc14-release\types.sbr
c:\users\user\documents\github\awah-sip-testapp\lib\pjsip\win_x86-64\pjproject-2.10\pjlib\build\output\pjlib-x86_64-x64-vc14-release\unicode_win32.sbr
c:\users\user\documents\github\awah-sip-testapp\lib\pjsip\win_x86-64\pjproject-2.10\pjlib\build\output\pjlib-x86_64-x64-vc14-release\unicode_win32.obj
c:\users\user\documents\github\awah-sip-testapp\lib\pjsip\win_x86-64\pjproject-2.10\pjlib\build\output\pjlib-x86_64-x64-vc14-release\types.obj
c:\users\user\documents\github\awah-sip-testapp\lib\pjsip\win_x86-64\pjproject-2.10\pjlib\build\output\pjlib-x86_64-x64-vc14-release\timer.obj
c:\users\user\documents\github\awah-sip-testapp\lib\pjsip\win_x86-64\pjproject-2.10\pjlib\build\output\pjlib-x86_64-x64-vc14-release\string.obj
c:\users\user\documents\github\awah-sip-testapp\lib\pjsip\win_x86-64\pjproject-2.10\pjlib\build\output\pjlib-x86_64-x64-vc14-release\ssl_sock_gtls.obj
c:\users\user\documents\github\awah-sip-testapp\lib\pjsip\win_x86-64\pjproject-2.10\pjlib\build\output\pjlib-x86_64-x64-vc14-release\ssl_sock_ossl.obj
c:\users\user\documents\github\awah-sip-testapp\lib\pjsip\win_x86-64\pjproject-2.10\pjlib\build\output\pjlib-x86_64-x64-vc14-release\ssl_sock_dump.obj
c:\users\user\documents\github\awah-sip-testapp\lib\pjsip\win_x86-64\pjproject-2.10\pjlib\lib\pjlib-x86_64-x64-vc14-release.lib
c:\users\user\documents\github\awah-sip-testapp\lib\pjsip\win_x86-64\pjproject-2.10\pjlib\build\..\lib\pjlib-x86_64-x64-vc14-release.lib
c:\users\user\documents\github\awah-sip-testapp\lib\pjsip\win_x86-64\pjproject-2.10\pjlib\build\output\pjlib-x86_64-x64-vc14-release\pjlib.tlog\bscmake.command.1.tlog
c:\users\user\documents\github\awah-sip-testapp\lib\pjsip\win_x86-64\pjproject-2.10\pjlib\build\output\pjlib-x86_64-x64-vc14-release\pjlib.tlog\bscmake.read.1.tlog
c:\users\user\documents\github\awah-sip-testapp\lib\pjsip\win_x86-64\pjproject-2.10\pjlib\build\output\pjlib-x86_64-x64-vc14-release\pjlib.tlog\bscmake.write.1.tlog
c:\users\user\documents\github\awah-sip-testapp\lib\pjsip\win_x86-64\pjproject-2.10\pjlib\build\output\pjlib-x86_64-x64-vc14-release\pjlib.tlog\cl.command.1.tlog
c:\users\user\documents\github\awah-sip-testapp\lib\pjsip\win_x86-64\pjproject-2.10\pjlib\build\output\pjlib-x86_64-x64-vc14-release\pjlib.tlog\cl.read.1.tlog
c:\users\user\documents\github\awah-sip-testapp\lib\pjsip\win_x86-64\pjproject-2.10\pjlib\build\output\pjlib-x86_64-x64-vc14-release\pjlib.tlog\cl.write.1.tlog
c:\users\user\documents\github\awah-sip-testapp\lib\pjsip\win_x86-64\pjproject-2.10\pjlib\build\output\pjlib-x86_64-x64-vc14-release\pjlib.tlog\lib-link.read.1.tlog
c:\users\user\documents\github\awah-sip-testapp\lib\pjsip\win_x86-64\pjproject-2.10\pjlib\build\output\pjlib-x86_64-x64-vc14-release\pjlib.tlog\lib-link.write.1.tlog
c:\users\user\documents\github\awah-sip-testapp\lib\pjsip\win_x86-64\pjproject-2.10\pjlib\build\output\pjlib-x86_64-x64-vc14-release\pjlib.tlog\lib.command.1.tlog
