c:\users\user\documents\github\awah-sip-testapp\lib\pjsip\win_x86-64\pjproject-2.10\pjmedia\lib\pjmedia-videodev-x86_64-x64-vc14-debug.bsc
c:\users\user\documents\github\awah-sip-testapp\lib\pjsip\win_x86-64\pjproject-2.10\pjmedia\build\output\pjmedia_videodev-x86_64-x64-vc14-debug\pjmedia_videodev.pdb
c:\users\user\documents\github\awah-sip-testapp\lib\pjsip\win_x86-64\pjproject-2.10\pjmedia\build\output\pjmedia_videodev-x86_64-x64-vc14-debug\avi_dev.sbr
c:\users\user\documents\github\awah-sip-testapp\lib\pjsip\win_x86-64\pjproject-2.10\pjmedia\build\output\pjmedia_videodev-x86_64-x64-vc14-debug\colorbar_dev.sbr
c:\users\user\documents\github\awah-sip-testapp\lib\pjsip\win_x86-64\pjproject-2.10\pjmedia\build\output\pjmedia_videodev-x86_64-x64-vc14-debug\dshow_dev.sbr
c:\users\user\documents\github\awah-sip-testapp\lib\pjsip\win_x86-64\pjproject-2.10\pjmedia\build\output\pjmedia_videodev-x86_64-x64-vc14-debug\errno.sbr
c:\users\user\documents\github\awah-sip-testapp\lib\pjsip\win_x86-64\pjproject-2.10\pjmedia\build\output\pjmedia_videodev-x86_64-x64-vc14-debug\ffmpeg_dev.sbr
c:\users\user\documents\github\awah-sip-testapp\lib\pjsip\win_x86-64\pjproject-2.10\pjmedia\build\output\pjmedia_videodev-x86_64-x64-vc14-debug\sdl_dev.sbr
c:\users\user\documents\github\awah-sip-testapp\lib\pjsip\win_x86-64\pjproject-2.10\pjmedia\build\output\pjmedia_videodev-x86_64-x64-vc14-debug\videodev.sbr
c:\users\user\documents\github\awah-sip-testapp\lib\pjsip\win_x86-64\pjproject-2.10\pjmedia\build\output\pjmedia_videodev-x86_64-x64-vc14-debug\videodev.obj
c:\users\user\documents\github\awah-sip-testapp\lib\pjsip\win_x86-64\pjproject-2.10\pjmedia\build\output\pjmedia_videodev-x86_64-x64-vc14-debug\sdl_dev.obj
c:\users\user\documents\github\awah-sip-testapp\lib\pjsip\win_x86-64\pjproject-2.10\pjmedia\build\output\pjmedia_videodev-x86_64-x64-vc14-debug\ffmpeg_dev.obj
c:\users\user\documents\github\awah-sip-testapp\lib\pjsip\win_x86-64\pjproject-2.10\pjmedia\build\output\pjmedia_videodev-x86_64-x64-vc14-debug\errno.obj
c:\users\user\documents\github\awah-sip-testapp\lib\pjsip\win_x86-64\pjproject-2.10\pjmedia\build\output\pjmedia_videodev-x86_64-x64-vc14-debug\dshow_dev.obj
c:\users\user\documents\github\awah-sip-testapp\lib\pjsip\win_x86-64\pjproject-2.10\pjmedia\build\output\pjmedia_videodev-x86_64-x64-vc14-debug\colorbar_dev.obj
c:\users\user\documents\github\awah-sip-testapp\lib\pjsip\win_x86-64\pjproject-2.10\pjmedia\build\output\pjmedia_videodev-x86_64-x64-vc14-debug\avi_dev.obj
c:\users\user\documents\github\awah-sip-testapp\lib\pjsip\win_x86-64\pjproject-2.10\pjmedia\build\output\pjmedia_videodev-x86_64-x64-vc14-debug\dshowclasses.sbr
c:\users\user\documents\github\awah-sip-testapp\lib\pjsip\win_x86-64\pjproject-2.10\pjmedia\build\output\pjmedia_videodev-x86_64-x64-vc14-debug\dshowclasses.obj
c:\users\user\documents\github\awah-sip-testapp\lib\pjsip\win_x86-64\pjproject-2.10\pjmedia\lib\pjmedia-videodev-x86_64-x64-vc14-debug.lib
c:\users\user\documents\github\awah-sip-testapp\lib\pjsip\win_x86-64\pjproject-2.10\pjmedia\build\..\lib\pjmedia-videodev-x86_64-x64-vc14-debug.lib
c:\users\user\documents\github\awah-sip-testapp\lib\pjsip\win_x86-64\pjproject-2.10\pjmedia\build\output\pjmedia_videodev-x86_64-x64-vc14-debug\pjmedia_videodev.tlog\bscmake.command.1.tlog
c:\users\user\documents\github\awah-sip-testapp\lib\pjsip\win_x86-64\pjproject-2.10\pjmedia\build\output\pjmedia_videodev-x86_64-x64-vc14-debug\pjmedia_videodev.tlog\bscmake.read.1.tlog
c:\users\user\documents\github\awah-sip-testapp\lib\pjsip\win_x86-64\pjproject-2.10\pjmedia\build\output\pjmedia_videodev-x86_64-x64-vc14-debug\pjmedia_videodev.tlog\bscmake.write.1.tlog
c:\users\user\documents\github\awah-sip-testapp\lib\pjsip\win_x86-64\pjproject-2.10\pjmedia\build\output\pjmedia_videodev-x86_64-x64-vc14-debug\pjmedia_videodev.tlog\cl.command.1.tlog
c:\users\user\documents\github\awah-sip-testapp\lib\pjsip\win_x86-64\pjproject-2.10\pjmedia\build\output\pjmedia_videodev-x86_64-x64-vc14-debug\pjmedia_videodev.tlog\cl.read.1.tlog
c:\users\user\documents\github\awah-sip-testapp\lib\pjsip\win_x86-64\pjproject-2.10\pjmedia\build\output\pjmedia_videodev-x86_64-x64-vc14-debug\pjmedia_videodev.tlog\cl.write.1.tlog
c:\users\user\documents\github\awah-sip-testapp\lib\pjsip\win_x86-64\pjproject-2.10\pjmedia\build\output\pjmedia_videodev-x86_64-x64-vc14-debug\pjmedia_videodev.tlog\lib-link.read.1.tlog
c:\users\user\documents\github\awah-sip-testapp\lib\pjsip\win_x86-64\pjproject-2.10\pjmedia\build\output\pjmedia_videodev-x86_64-x64-vc14-debug\pjmedia_videodev.tlog\lib-link.write.1.tlog
c:\users\user\documents\github\awah-sip-testapp\lib\pjsip\win_x86-64\pjproject-2.10\pjmedia\build\output\pjmedia_videodev-x86_64-x64-vc14-debug\pjmedia_videodev.tlog\lib.command.1.tlog
