c:\users\user\documents\github\awah-sip-testapp\lib\pjsip\win_x86-64\pjproject-2.10\pjmedia\lib\pjmedia-videodev-x86_64-x64-vc14-release.bsc
c:\users\user\documents\github\awah-sip-testapp\lib\pjsip\win_x86-64\pjproject-2.10\pjmedia\build\output\pjmedia_videodev-x86_64-x64-vc14-release\pjmedia_videodev.pdb
c:\users\user\documents\github\awah-sip-testapp\lib\pjsip\win_x86-64\pjproject-2.10\pjmedia\build\output\pjmedia_videodev-x86_64-x64-vc14-release\avi_dev.sbr
c:\users\user\documents\github\awah-sip-testapp\lib\pjsip\win_x86-64\pjproject-2.10\pjmedia\build\output\pjmedia_videodev-x86_64-x64-vc14-release\colorbar_dev.sbr
c:\users\user\documents\github\awah-sip-testapp\lib\pjsip\win_x86-64\pjproject-2.10\pjmedia\build\output\pjmedia_videodev-x86_64-x64-vc14-release\dshow_dev.sbr
c:\users\user\documents\github\awah-sip-testapp\lib\pjsip\win_x86-64\pjproject-2.10\pjmedia\build\output\pjmedia_videodev-x86_64-x64-vc14-release\errno.sbr
c:\users\user\documents\github\awah-sip-testapp\lib\pjsip\win_x86-64\pjproject-2.10\pjmedia\build\output\pjmedia_videodev-x86_64-x64-vc14-release\ffmpeg_dev.sbr
c:\users\user\documents\github\awah-sip-testapp\lib\pjsip\win_x86-64\pjproject-2.10\pjmedia\build\output\pjmedia_videodev-x86_64-x64-vc14-release\sdl_dev.sbr
c:\users\user\documents\github\awah-sip-testapp\lib\pjsip\win_x86-64\pjproject-2.10\pjmedia\build\output\pjmedia_videodev-x86_64-x64-vc14-release\videodev.sbr
c:\users\user\documents\github\awah-sip-testapp\lib\pjsip\win_x86-64\pjproject-2.10\pjmedia\build\output\pjmedia_videodev-x86_64-x64-vc14-release\videodev.obj
c:\users\user\documents\github\awah-sip-testapp\lib\pjsip\win_x86-64\pjproject-2.10\pjmedia\build\output\pjmedia_videodev-x86_64-x64-vc14-release\sdl_dev.obj
c:\users\user\documents\github\awah-sip-testapp\lib\pjsip\win_x86-64\pjproject-2.10\pjmedia\build\output\pjmedia_videodev-x86_64-x64-vc14-release\ffmpeg_dev.obj
c:\users\user\documents\github\awah-sip-testapp\lib\pjsip\win_x86-64\pjproject-2.10\pjmedia\build\output\pjmedia_videodev-x86_64-x64-vc14-release\errno.obj
c:\users\user\documents\github\awah-sip-testapp\lib\pjsip\win_x86-64\pjproject-2.10\pjmedia\build\output\pjmedia_videodev-x86_64-x64-vc14-release\dshow_dev.obj
c:\users\user\documents\github\awah-sip-testapp\lib\pjsip\win_x86-64\pjproject-2.10\pjmedia\build\output\pjmedia_videodev-x86_64-x64-vc14-release\colorbar_dev.obj
c:\users\user\documents\github\awah-sip-testapp\lib\pjsip\win_x86-64\pjproject-2.10\pjmedia\build\output\pjmedia_videodev-x86_64-x64-vc14-release\avi_dev.obj
c:\users\user\documents\github\awah-sip-testapp\lib\pjsip\win_x86-64\pjproject-2.10\pjmedia\build\output\pjmedia_videodev-x86_64-x64-vc14-release\dshowclasses.sbr
c:\users\user\documents\github\awah-sip-testapp\lib\pjsip\win_x86-64\pjproject-2.10\pjmedia\build\output\pjmedia_videodev-x86_64-x64-vc14-release\dshowclasses.obj
c:\users\user\documents\github\awah-sip-testapp\lib\pjsip\win_x86-64\pjproject-2.10\pjmedia\lib\pjmedia-videodev-x86_64-x64-vc14-release.lib
c:\users\user\documents\github\awah-sip-testapp\lib\pjsip\win_x86-64\pjproject-2.10\pjmedia\build\..\lib\pjmedia-videodev-x86_64-x64-vc14-release.lib
c:\users\user\documents\github\awah-sip-testapp\lib\pjsip\win_x86-64\pjproject-2.10\pjmedia\build\output\pjmedia_videodev-x86_64-x64-vc14-release\pjmedia_videodev.tlog\bscmake.command.1.tlog
c:\users\user\documents\github\awah-sip-testapp\lib\pjsip\win_x86-64\pjproject-2.10\pjmedia\build\output\pjmedia_videodev-x86_64-x64-vc14-release\pjmedia_videodev.tlog\bscmake.read.1.tlog
c:\users\user\documents\github\awah-sip-testapp\lib\pjsip\win_x86-64\pjproject-2.10\pjmedia\build\output\pjmedia_videodev-x86_64-x64-vc14-release\pjmedia_videodev.tlog\bscmake.write.1.tlog
c:\users\user\documents\github\awah-sip-testapp\lib\pjsip\win_x86-64\pjproject-2.10\pjmedia\build\output\pjmedia_videodev-x86_64-x64-vc14-release\pjmedia_videodev.tlog\cl.command.1.tlog
c:\users\user\documents\github\awah-sip-testapp\lib\pjsip\win_x86-64\pjproject-2.10\pjmedia\build\output\pjmedia_videodev-x86_64-x64-vc14-release\pjmedia_videodev.tlog\cl.read.1.tlog
c:\users\user\documents\github\awah-sip-testapp\lib\pjsip\win_x86-64\pjproject-2.10\pjmedia\build\output\pjmedia_videodev-x86_64-x64-vc14-release\pjmedia_videodev.tlog\cl.write.1.tlog
c:\users\user\documents\github\awah-sip-testapp\lib\pjsip\win_x86-64\pjproject-2.10\pjmedia\build\output\pjmedia_videodev-x86_64-x64-vc14-release\pjmedia_videodev.tlog\lib-link.read.1.tlog
c:\users\user\documents\github\awah-sip-testapp\lib\pjsip\win_x86-64\pjproject-2.10\pjmedia\build\output\pjmedia_videodev-x86_64-x64-vc14-release\pjmedia_videodev.tlog\lib-link.write.1.tlog
c:\users\user\documents\github\awah-sip-testapp\lib\pjsip\win_x86-64\pjproject-2.10\pjmedia\build\output\pjmedia_videodev-x86_64-x64-vc14-release\pjmedia_videodev.tlog\lib.command.1.tlog
