c:\users\user\documents\github\awah-sip-testapp\lib\pjsip\win_x86-64\pjproject-2.10\pjsip-apps\bin\pjsua-x86_64-x64-vc14-debug.bsc
c:\users\user\documents\github\awah-sip-testapp\lib\pjsip\win_x86-64\pjproject-2.10\pjsip-apps\build\output\pjsua-x86_64-x64-vc14-debug\vc140.pdb
c:\users\user\documents\github\awah-sip-testapp\lib\pjsip\win_x86-64\pjproject-2.10\pjsip-apps\build\output\pjsua-x86_64-x64-vc14-debug\main.sbr
c:\users\user\documents\github\awah-sip-testapp\lib\pjsip\win_x86-64\pjproject-2.10\pjsip-apps\build\output\pjsua-x86_64-x64-vc14-debug\pjsua_app.sbr
c:\users\user\documents\github\awah-sip-testapp\lib\pjsip\win_x86-64\pjproject-2.10\pjsip-apps\build\output\pjsua-x86_64-x64-vc14-debug\pjsua_app_cli.sbr
c:\users\user\documents\github\awah-sip-testapp\lib\pjsip\win_x86-64\pjproject-2.10\pjsip-apps\build\output\pjsua-x86_64-x64-vc14-debug\pjsua_app_common.sbr
c:\users\user\documents\github\awah-sip-testapp\lib\pjsip\win_x86-64\pjproject-2.10\pjsip-apps\build\output\pjsua-x86_64-x64-vc14-debug\pjsua_app_config.sbr
c:\users\user\documents\github\awah-sip-testapp\lib\pjsip\win_x86-64\pjproject-2.10\pjsip-apps\build\output\pjsua-x86_64-x64-vc14-debug\pjsua_app_legacy.sbr
c:\users\user\documents\github\awah-sip-testapp\lib\pjsip\win_x86-64\pjproject-2.10\pjsip-apps\build\output\pjsua-x86_64-x64-vc14-debug\pjsua_app_legacy.obj
c:\users\user\documents\github\awah-sip-testapp\lib\pjsip\win_x86-64\pjproject-2.10\pjsip-apps\build\output\pjsua-x86_64-x64-vc14-debug\pjsua_app_config.obj
c:\users\user\documents\github\awah-sip-testapp\lib\pjsip\win_x86-64\pjproject-2.10\pjsip-apps\build\output\pjsua-x86_64-x64-vc14-debug\pjsua_app_common.obj
c:\users\user\documents\github\awah-sip-testapp\lib\pjsip\win_x86-64\pjproject-2.10\pjsip-apps\build\output\pjsua-x86_64-x64-vc14-debug\pjsua_app_cli.obj
c:\users\user\documents\github\awah-sip-testapp\lib\pjsip\win_x86-64\pjproject-2.10\pjsip-apps\build\output\pjsua-x86_64-x64-vc14-debug\pjsua_app.obj
c:\users\user\documents\github\awah-sip-testapp\lib\pjsip\win_x86-64\pjproject-2.10\pjsip-apps\build\output\pjsua-x86_64-x64-vc14-debug\main.obj
c:\users\user\documents\github\awah-sip-testapp\lib\pjsip\win_x86-64\pjproject-2.10\pjsip-apps\bin\pjsua-x86_64-x64-vc14-debug.ilk
c:\users\user\documents\github\awah-sip-testapp\lib\pjsip\win_x86-64\pjproject-2.10\pjsip-apps\bin\pjsua-x86_64-x64-vc14-debug.exe
c:\users\user\documents\github\awah-sip-testapp\lib\pjsip\win_x86-64\pjproject-2.10\pjsip-apps\build\output\pjsua-x86_64-x64-vc14-debug\pjsua-x86_64-x64-vc14-debug.pdb
c:\users\user\documents\github\awah-sip-testapp\lib\pjsip\win_x86-64\pjproject-2.10\pjsip-apps\build\..\bin\pjsua-x86_64-x64-vc14-debug.exe
c:\users\user\documents\github\awah-sip-testapp\lib\pjsip\win_x86-64\pjproject-2.10\pjsip-apps\build\output\pjsua-x86_64-x64-vc14-debug\pjsua.tlog\bscmake.command.1.tlog
c:\users\user\documents\github\awah-sip-testapp\lib\pjsip\win_x86-64\pjproject-2.10\pjsip-apps\build\output\pjsua-x86_64-x64-vc14-debug\pjsua.tlog\bscmake.read.1.tlog
c:\users\user\documents\github\awah-sip-testapp\lib\pjsip\win_x86-64\pjproject-2.10\pjsip-apps\build\output\pjsua-x86_64-x64-vc14-debug\pjsua.tlog\bscmake.write.1.tlog
c:\users\user\documents\github\awah-sip-testapp\lib\pjsip\win_x86-64\pjproject-2.10\pjsip-apps\build\output\pjsua-x86_64-x64-vc14-debug\pjsua.tlog\cl.command.1.tlog
c:\users\user\documents\github\awah-sip-testapp\lib\pjsip\win_x86-64\pjproject-2.10\pjsip-apps\build\output\pjsua-x86_64-x64-vc14-debug\pjsua.tlog\cl.read.1.tlog
c:\users\user\documents\github\awah-sip-testapp\lib\pjsip\win_x86-64\pjproject-2.10\pjsip-apps\build\output\pjsua-x86_64-x64-vc14-debug\pjsua.tlog\cl.write.1.tlog
c:\users\user\documents\github\awah-sip-testapp\lib\pjsip\win_x86-64\pjproject-2.10\pjsip-apps\build\output\pjsua-x86_64-x64-vc14-debug\pjsua.tlog\link.command.1.tlog
c:\users\user\documents\github\awah-sip-testapp\lib\pjsip\win_x86-64\pjproject-2.10\pjsip-apps\build\output\pjsua-x86_64-x64-vc14-debug\pjsua.tlog\link.read.1.tlog
c:\users\user\documents\github\awah-sip-testapp\lib\pjsip\win_x86-64\pjproject-2.10\pjsip-apps\build\output\pjsua-x86_64-x64-vc14-debug\pjsua.tlog\link.write.1.tlog
