  sip_auth_aka.c
  sip_auth_client.c
C:\Users\WerBinIch\Documents\git\AWAH-SIP_Codec\awah-sip_library\pjsip\win_x86-64\pjproject-2.10\pjsip\src\pjsip\sip_auth_client.c(403,1): warning C4267: "Initialisierung": Konvertierung von "size_t" nach "int", Datenverlust möglich
C:\Users\WerBinIch\Documents\git\AWAH-SIP_Codec\awah-sip_library\pjsip\win_x86-64\pjproject-2.10\pjsip\src\pjsip\sip_auth_client.c(566,5): warning C4102: "TODO___FULL_CLONE_OF_AUTH_CLIENT_SESSION": Unreferenzierte Bezeichnung
  sip_auth_msg.c
  sip_auth_parser.c
  sip_auth_server.c
  sip_config.c
  sip_dialog.c
C:\Users\WerBinIch\Documents\git\AWAH-SIP_Codec\awah-sip_library\pjsip\win_x86-64\pjproject-2.10\pjsip\src\pjsip\sip_dialog.c(583,5): warning C4102: "TODO___DIALOG_APP_TIMER": Unreferenzierte Bezeichnung
  sip_endpoint.c
  sip_errno.c
  sip_msg.c
  sip_multipart.c
  sip_parser.c
  sip_resolve.c
C:\Users\WerBinIch\Documents\git\AWAH-SIP_Codec\awah-sip_library\pjsip\win_x86-64\pjproject-2.10\pjsip\src\pjsip\sip_resolve.c(403,5): warning C4102: "TODO___SUPPORT_DNS_NAPTR": Unreferenzierte Bezeichnung
  sip_tel_uri.c
  sip_transaction.c
  sip_transport.c
C:\Users\WerBinIch\Documents\git\AWAH-SIP_Codec\awah-sip_library\pjsip\win_x86-64\pjproject-2.10\pjsip\src\pjsip\sip_transport.c(1828,44): warning C4267: "+=": Konvertierung von "size_t" nach "int", Datenverlust möglich
C:\Users\WerBinIch\Documents\git\AWAH-SIP_Codec\awah-sip_library\pjsip\win_x86-64\pjproject-2.10\pjsip\src\pjsip\sip_transport.c(2061,38): warning C4244: "=": Konvertierung von "pj_ssize_t" in "int", möglicher Datenverlust
  sip_transport_loop.c
  sip_transport_tcp.c
  sip_transport_tls.c
  sip_transport_udp.c
  Code wird generiert...
  Kompilieren...
  sip_ua_layer.c
  sip_uri.c
  sip_util.c
C:\Users\WerBinIch\Documents\git\AWAH-SIP_Codec\awah-sip_library\pjsip\win_x86-64\pjproject-2.10\pjsip\src\pjsip\sip_util.c(868,2): warning C4102: "TODO___SUPPORT_REQUEST_ADDR_RESOLUTION_FOR_TEL_URI": Unreferenzierte Bezeichnung
  sip_util_proxy.c
  sip_util_statefull.c
  Code wird generiert...
  pjsip_core.vcxproj -> C:\Users\WerBinIch\Documents\git\AWAH-SIP_Codec\awah-sip_library\pjsip\win_x86-64\pjproject-2.10\pjsip\lib\pjsip-core-x86_64-x64-vc14-Debug-Dynamic.lib
