c:\users\user\documents\github\awah-sip-testapp\lib\pjsip\win_x86-64\pjproject-2.10\pjsip\lib\pjsip-core-x86_64-x64-vc14-debug.bsc
c:\users\user\documents\github\awah-sip-testapp\lib\pjsip\win_x86-64\pjproject-2.10\pjsip\build\output\pjsip_core-x86_64-x64-vc14-debug\pjsip_core.pdb
c:\users\user\documents\github\awah-sip-testapp\lib\pjsip\win_x86-64\pjproject-2.10\pjsip\build\output\pjsip_core-x86_64-x64-vc14-debug\sip_auth_aka.sbr
c:\users\user\documents\github\awah-sip-testapp\lib\pjsip\win_x86-64\pjproject-2.10\pjsip\build\output\pjsip_core-x86_64-x64-vc14-debug\sip_auth_client.sbr
c:\users\user\documents\github\awah-sip-testapp\lib\pjsip\win_x86-64\pjproject-2.10\pjsip\build\output\pjsip_core-x86_64-x64-vc14-debug\sip_auth_msg.sbr
c:\users\user\documents\github\awah-sip-testapp\lib\pjsip\win_x86-64\pjproject-2.10\pjsip\build\output\pjsip_core-x86_64-x64-vc14-debug\sip_auth_parser.sbr
c:\users\user\documents\github\awah-sip-testapp\lib\pjsip\win_x86-64\pjproject-2.10\pjsip\build\output\pjsip_core-x86_64-x64-vc14-debug\sip_auth_server.sbr
c:\users\user\documents\github\awah-sip-testapp\lib\pjsip\win_x86-64\pjproject-2.10\pjsip\build\output\pjsip_core-x86_64-x64-vc14-debug\sip_config.sbr
c:\users\user\documents\github\awah-sip-testapp\lib\pjsip\win_x86-64\pjproject-2.10\pjsip\build\output\pjsip_core-x86_64-x64-vc14-debug\sip_dialog.sbr
c:\users\user\documents\github\awah-sip-testapp\lib\pjsip\win_x86-64\pjproject-2.10\pjsip\build\output\pjsip_core-x86_64-x64-vc14-debug\sip_endpoint.sbr
c:\users\user\documents\github\awah-sip-testapp\lib\pjsip\win_x86-64\pjproject-2.10\pjsip\build\output\pjsip_core-x86_64-x64-vc14-debug\sip_errno.sbr
c:\users\user\documents\github\awah-sip-testapp\lib\pjsip\win_x86-64\pjproject-2.10\pjsip\build\output\pjsip_core-x86_64-x64-vc14-debug\sip_msg.sbr
c:\users\user\documents\github\awah-sip-testapp\lib\pjsip\win_x86-64\pjproject-2.10\pjsip\build\output\pjsip_core-x86_64-x64-vc14-debug\sip_multipart.sbr
c:\users\user\documents\github\awah-sip-testapp\lib\pjsip\win_x86-64\pjproject-2.10\pjsip\build\output\pjsip_core-x86_64-x64-vc14-debug\sip_parser.sbr
c:\users\user\documents\github\awah-sip-testapp\lib\pjsip\win_x86-64\pjproject-2.10\pjsip\build\output\pjsip_core-x86_64-x64-vc14-debug\sip_resolve.sbr
c:\users\user\documents\github\awah-sip-testapp\lib\pjsip\win_x86-64\pjproject-2.10\pjsip\build\output\pjsip_core-x86_64-x64-vc14-debug\sip_tel_uri.sbr
c:\users\user\documents\github\awah-sip-testapp\lib\pjsip\win_x86-64\pjproject-2.10\pjsip\build\output\pjsip_core-x86_64-x64-vc14-debug\sip_transaction.sbr
c:\users\user\documents\github\awah-sip-testapp\lib\pjsip\win_x86-64\pjproject-2.10\pjsip\build\output\pjsip_core-x86_64-x64-vc14-debug\sip_transport.sbr
c:\users\user\documents\github\awah-sip-testapp\lib\pjsip\win_x86-64\pjproject-2.10\pjsip\build\output\pjsip_core-x86_64-x64-vc14-debug\sip_transport_loop.sbr
c:\users\user\documents\github\awah-sip-testapp\lib\pjsip\win_x86-64\pjproject-2.10\pjsip\build\output\pjsip_core-x86_64-x64-vc14-debug\sip_transport_tcp.sbr
c:\users\user\documents\github\awah-sip-testapp\lib\pjsip\win_x86-64\pjproject-2.10\pjsip\build\output\pjsip_core-x86_64-x64-vc14-debug\sip_transport_tls.sbr
c:\users\user\documents\github\awah-sip-testapp\lib\pjsip\win_x86-64\pjproject-2.10\pjsip\build\output\pjsip_core-x86_64-x64-vc14-debug\sip_transport_udp.sbr
c:\users\user\documents\github\awah-sip-testapp\lib\pjsip\win_x86-64\pjproject-2.10\pjsip\build\output\pjsip_core-x86_64-x64-vc14-debug\sip_transport_udp.obj
c:\users\user\documents\github\awah-sip-testapp\lib\pjsip\win_x86-64\pjproject-2.10\pjsip\build\output\pjsip_core-x86_64-x64-vc14-debug\sip_transport_tls.obj
c:\users\user\documents\github\awah-sip-testapp\lib\pjsip\win_x86-64\pjproject-2.10\pjsip\build\output\pjsip_core-x86_64-x64-vc14-debug\sip_transport_tcp.obj
c:\users\user\documents\github\awah-sip-testapp\lib\pjsip\win_x86-64\pjproject-2.10\pjsip\build\output\pjsip_core-x86_64-x64-vc14-debug\sip_transport_loop.obj
c:\users\user\documents\github\awah-sip-testapp\lib\pjsip\win_x86-64\pjproject-2.10\pjsip\build\output\pjsip_core-x86_64-x64-vc14-debug\sip_transport.obj
c:\users\user\documents\github\awah-sip-testapp\lib\pjsip\win_x86-64\pjproject-2.10\pjsip\build\output\pjsip_core-x86_64-x64-vc14-debug\sip_transaction.obj
c:\users\user\documents\github\awah-sip-testapp\lib\pjsip\win_x86-64\pjproject-2.10\pjsip\build\output\pjsip_core-x86_64-x64-vc14-debug\sip_tel_uri.obj
c:\users\user\documents\github\awah-sip-testapp\lib\pjsip\win_x86-64\pjproject-2.10\pjsip\build\output\pjsip_core-x86_64-x64-vc14-debug\sip_resolve.obj
c:\users\user\documents\github\awah-sip-testapp\lib\pjsip\win_x86-64\pjproject-2.10\pjsip\build\output\pjsip_core-x86_64-x64-vc14-debug\sip_parser.obj
c:\users\user\documents\github\awah-sip-testapp\lib\pjsip\win_x86-64\pjproject-2.10\pjsip\build\output\pjsip_core-x86_64-x64-vc14-debug\sip_multipart.obj
c:\users\user\documents\github\awah-sip-testapp\lib\pjsip\win_x86-64\pjproject-2.10\pjsip\build\output\pjsip_core-x86_64-x64-vc14-debug\sip_msg.obj
c:\users\user\documents\github\awah-sip-testapp\lib\pjsip\win_x86-64\pjproject-2.10\pjsip\build\output\pjsip_core-x86_64-x64-vc14-debug\sip_errno.obj
c:\users\user\documents\github\awah-sip-testapp\lib\pjsip\win_x86-64\pjproject-2.10\pjsip\build\output\pjsip_core-x86_64-x64-vc14-debug\sip_endpoint.obj
c:\users\user\documents\github\awah-sip-testapp\lib\pjsip\win_x86-64\pjproject-2.10\pjsip\build\output\pjsip_core-x86_64-x64-vc14-debug\sip_dialog.obj
c:\users\user\documents\github\awah-sip-testapp\lib\pjsip\win_x86-64\pjproject-2.10\pjsip\build\output\pjsip_core-x86_64-x64-vc14-debug\sip_config.obj
c:\users\user\documents\github\awah-sip-testapp\lib\pjsip\win_x86-64\pjproject-2.10\pjsip\build\output\pjsip_core-x86_64-x64-vc14-debug\sip_auth_server.obj
c:\users\user\documents\github\awah-sip-testapp\lib\pjsip\win_x86-64\pjproject-2.10\pjsip\build\output\pjsip_core-x86_64-x64-vc14-debug\sip_auth_parser.obj
c:\users\user\documents\github\awah-sip-testapp\lib\pjsip\win_x86-64\pjproject-2.10\pjsip\build\output\pjsip_core-x86_64-x64-vc14-debug\sip_auth_msg.obj
c:\users\user\documents\github\awah-sip-testapp\lib\pjsip\win_x86-64\pjproject-2.10\pjsip\build\output\pjsip_core-x86_64-x64-vc14-debug\sip_auth_client.obj
c:\users\user\documents\github\awah-sip-testapp\lib\pjsip\win_x86-64\pjproject-2.10\pjsip\build\output\pjsip_core-x86_64-x64-vc14-debug\sip_auth_aka.obj
c:\users\user\documents\github\awah-sip-testapp\lib\pjsip\win_x86-64\pjproject-2.10\pjsip\build\output\pjsip_core-x86_64-x64-vc14-debug\sip_ua_layer.sbr
c:\users\user\documents\github\awah-sip-testapp\lib\pjsip\win_x86-64\pjproject-2.10\pjsip\build\output\pjsip_core-x86_64-x64-vc14-debug\sip_uri.sbr
c:\users\user\documents\github\awah-sip-testapp\lib\pjsip\win_x86-64\pjproject-2.10\pjsip\build\output\pjsip_core-x86_64-x64-vc14-debug\sip_util.sbr
c:\users\user\documents\github\awah-sip-testapp\lib\pjsip\win_x86-64\pjproject-2.10\pjsip\build\output\pjsip_core-x86_64-x64-vc14-debug\sip_util_proxy.sbr
c:\users\user\documents\github\awah-sip-testapp\lib\pjsip\win_x86-64\pjproject-2.10\pjsip\build\output\pjsip_core-x86_64-x64-vc14-debug\sip_util_statefull.sbr
c:\users\user\documents\github\awah-sip-testapp\lib\pjsip\win_x86-64\pjproject-2.10\pjsip\build\output\pjsip_core-x86_64-x64-vc14-debug\sip_util_statefull.obj
c:\users\user\documents\github\awah-sip-testapp\lib\pjsip\win_x86-64\pjproject-2.10\pjsip\build\output\pjsip_core-x86_64-x64-vc14-debug\sip_util_proxy.obj
c:\users\user\documents\github\awah-sip-testapp\lib\pjsip\win_x86-64\pjproject-2.10\pjsip\build\output\pjsip_core-x86_64-x64-vc14-debug\sip_util.obj
c:\users\user\documents\github\awah-sip-testapp\lib\pjsip\win_x86-64\pjproject-2.10\pjsip\build\output\pjsip_core-x86_64-x64-vc14-debug\sip_uri.obj
c:\users\user\documents\github\awah-sip-testapp\lib\pjsip\win_x86-64\pjproject-2.10\pjsip\build\output\pjsip_core-x86_64-x64-vc14-debug\sip_ua_layer.obj
c:\users\user\documents\github\awah-sip-testapp\lib\pjsip\win_x86-64\pjproject-2.10\pjsip\lib\pjsip-core-x86_64-x64-vc14-debug.lib
c:\users\user\documents\github\awah-sip-testapp\lib\pjsip\win_x86-64\pjproject-2.10\pjsip\build\..\lib\pjsip-core-x86_64-x64-vc14-debug.lib
c:\users\user\documents\github\awah-sip-testapp\lib\pjsip\win_x86-64\pjproject-2.10\pjsip\build\output\pjsip_core-x86_64-x64-vc14-debug\pjsip_core.tlog\bscmake.command.1.tlog
c:\users\user\documents\github\awah-sip-testapp\lib\pjsip\win_x86-64\pjproject-2.10\pjsip\build\output\pjsip_core-x86_64-x64-vc14-debug\pjsip_core.tlog\bscmake.read.1.tlog
c:\users\user\documents\github\awah-sip-testapp\lib\pjsip\win_x86-64\pjproject-2.10\pjsip\build\output\pjsip_core-x86_64-x64-vc14-debug\pjsip_core.tlog\bscmake.write.1.tlog
c:\users\user\documents\github\awah-sip-testapp\lib\pjsip\win_x86-64\pjproject-2.10\pjsip\build\output\pjsip_core-x86_64-x64-vc14-debug\pjsip_core.tlog\cl.command.1.tlog
c:\users\user\documents\github\awah-sip-testapp\lib\pjsip\win_x86-64\pjproject-2.10\pjsip\build\output\pjsip_core-x86_64-x64-vc14-debug\pjsip_core.tlog\cl.read.1.tlog
c:\users\user\documents\github\awah-sip-testapp\lib\pjsip\win_x86-64\pjproject-2.10\pjsip\build\output\pjsip_core-x86_64-x64-vc14-debug\pjsip_core.tlog\cl.write.1.tlog
c:\users\user\documents\github\awah-sip-testapp\lib\pjsip\win_x86-64\pjproject-2.10\pjsip\build\output\pjsip_core-x86_64-x64-vc14-debug\pjsip_core.tlog\lib-link.read.1.tlog
c:\users\user\documents\github\awah-sip-testapp\lib\pjsip\win_x86-64\pjproject-2.10\pjsip\build\output\pjsip_core-x86_64-x64-vc14-debug\pjsip_core.tlog\lib-link.write.1.tlog
c:\users\user\documents\github\awah-sip-testapp\lib\pjsip\win_x86-64\pjproject-2.10\pjsip\build\output\pjsip_core-x86_64-x64-vc14-debug\pjsip_core.tlog\lib.command.1.tlog
