c:\users\user\documents\github\awah-sip-testapp\lib\pjsip\win_x86-64\pjproject-2.10\pjsip-apps\bin\pjsua-x86_64-x64-vc14-release.bsc
c:\users\user\documents\github\awah-sip-testapp\lib\pjsip\win_x86-64\pjproject-2.10\pjsip-apps\build\output\pjsua-x86_64-x64-vc14-release\vc140.pdb
c:\users\user\documents\github\awah-sip-testapp\lib\pjsip\win_x86-64\pjproject-2.10\pjsip-apps\build\output\pjsua-x86_64-x64-vc14-release\main.sbr
c:\users\user\documents\github\awah-sip-testapp\lib\pjsip\win_x86-64\pjproject-2.10\pjsip-apps\build\output\pjsua-x86_64-x64-vc14-release\pjsua_app.sbr
c:\users\user\documents\github\awah-sip-testapp\lib\pjsip\win_x86-64\pjproject-2.10\pjsip-apps\build\output\pjsua-x86_64-x64-vc14-release\pjsua_app_cli.sbr
c:\users\user\documents\github\awah-sip-testapp\lib\pjsip\win_x86-64\pjproject-2.10\pjsip-apps\build\output\pjsua-x86_64-x64-vc14-release\pjsua_app_common.sbr
c:\users\user\documents\github\awah-sip-testapp\lib\pjsip\win_x86-64\pjproject-2.10\pjsip-apps\build\output\pjsua-x86_64-x64-vc14-release\pjsua_app_config.sbr
c:\users\user\documents\github\awah-sip-testapp\lib\pjsip\win_x86-64\pjproject-2.10\pjsip-apps\build\output\pjsua-x86_64-x64-vc14-release\pjsua_app_legacy.sbr
c:\users\user\documents\github\awah-sip-testapp\lib\pjsip\win_x86-64\pjproject-2.10\pjsip-apps\build\output\pjsua-x86_64-x64-vc14-release\pjsua_app_legacy.obj
c:\users\user\documents\github\awah-sip-testapp\lib\pjsip\win_x86-64\pjproject-2.10\pjsip-apps\build\output\pjsua-x86_64-x64-vc14-release\pjsua_app_config.obj
c:\users\user\documents\github\awah-sip-testapp\lib\pjsip\win_x86-64\pjproject-2.10\pjsip-apps\build\output\pjsua-x86_64-x64-vc14-release\pjsua_app_common.obj
c:\users\user\documents\github\awah-sip-testapp\lib\pjsip\win_x86-64\pjproject-2.10\pjsip-apps\build\output\pjsua-x86_64-x64-vc14-release\pjsua_app_cli.obj
c:\users\user\documents\github\awah-sip-testapp\lib\pjsip\win_x86-64\pjproject-2.10\pjsip-apps\build\output\pjsua-x86_64-x64-vc14-release\pjsua_app.obj
c:\users\user\documents\github\awah-sip-testapp\lib\pjsip\win_x86-64\pjproject-2.10\pjsip-apps\build\output\pjsua-x86_64-x64-vc14-release\main.obj
c:\users\user\documents\github\awah-sip-testapp\lib\pjsip\win_x86-64\pjproject-2.10\pjsip-apps\bin\pjsua-x86_64-x64-vc14-release.exe
c:\users\user\documents\github\awah-sip-testapp\lib\pjsip\win_x86-64\pjproject-2.10\pjsip-apps\bin\pjsua-x86_64-x64-vc14-release.pdb
c:\users\user\documents\github\awah-sip-testapp\lib\pjsip\win_x86-64\pjproject-2.10\pjsip-apps\build\..\bin\pjsua-x86_64-x64-vc14-release.exe
c:\users\user\documents\github\awah-sip-testapp\lib\pjsip\win_x86-64\pjproject-2.10\pjsip-apps\build\output\pjsua-x86_64-x64-vc14-release\pjsua.tlog\bscmake.command.1.tlog
c:\users\user\documents\github\awah-sip-testapp\lib\pjsip\win_x86-64\pjproject-2.10\pjsip-apps\build\output\pjsua-x86_64-x64-vc14-release\pjsua.tlog\bscmake.read.1.tlog
c:\users\user\documents\github\awah-sip-testapp\lib\pjsip\win_x86-64\pjproject-2.10\pjsip-apps\build\output\pjsua-x86_64-x64-vc14-release\pjsua.tlog\bscmake.write.1.tlog
c:\users\user\documents\github\awah-sip-testapp\lib\pjsip\win_x86-64\pjproject-2.10\pjsip-apps\build\output\pjsua-x86_64-x64-vc14-release\pjsua.tlog\cl.command.1.tlog
c:\users\user\documents\github\awah-sip-testapp\lib\pjsip\win_x86-64\pjproject-2.10\pjsip-apps\build\output\pjsua-x86_64-x64-vc14-release\pjsua.tlog\cl.read.1.tlog
c:\users\user\documents\github\awah-sip-testapp\lib\pjsip\win_x86-64\pjproject-2.10\pjsip-apps\build\output\pjsua-x86_64-x64-vc14-release\pjsua.tlog\cl.write.1.tlog
c:\users\user\documents\github\awah-sip-testapp\lib\pjsip\win_x86-64\pjproject-2.10\pjsip-apps\build\output\pjsua-x86_64-x64-vc14-release\pjsua.tlog\link.command.1.tlog
c:\users\user\documents\github\awah-sip-testapp\lib\pjsip\win_x86-64\pjproject-2.10\pjsip-apps\build\output\pjsua-x86_64-x64-vc14-release\pjsua.tlog\link.read.1.tlog
c:\users\user\documents\github\awah-sip-testapp\lib\pjsip\win_x86-64\pjproject-2.10\pjsip-apps\build\output\pjsua-x86_64-x64-vc14-release\pjsua.tlog\link.write.1.tlog
