c:\users\user\documents\github\awah-sip-testapp\lib\pjsip\win_x86-64\pjproject-2.10\pjsip\lib\pjsua-lib-x86_64-x64-vc14-release.bsc
c:\users\user\documents\github\awah-sip-testapp\lib\pjsip\win_x86-64\pjproject-2.10\pjsip\build\output\pjsua_lib-x86_64-x64-vc14-release\pjsua_lib.pdb
c:\users\user\documents\github\awah-sip-testapp\lib\pjsip\win_x86-64\pjproject-2.10\pjsip\build\output\pjsua_lib-x86_64-x64-vc14-release\pjsua_acc.sbr
c:\users\user\documents\github\awah-sip-testapp\lib\pjsip\win_x86-64\pjproject-2.10\pjsip\build\output\pjsua_lib-x86_64-x64-vc14-release\pjsua_aud.sbr
c:\users\user\documents\github\awah-sip-testapp\lib\pjsip\win_x86-64\pjproject-2.10\pjsip\build\output\pjsua_lib-x86_64-x64-vc14-release\pjsua_call.sbr
c:\users\user\documents\github\awah-sip-testapp\lib\pjsip\win_x86-64\pjproject-2.10\pjsip\build\output\pjsua_lib-x86_64-x64-vc14-release\pjsua_core.sbr
c:\users\user\documents\github\awah-sip-testapp\lib\pjsip\win_x86-64\pjproject-2.10\pjsip\build\output\pjsua_lib-x86_64-x64-vc14-release\pjsua_dump.sbr
c:\users\user\documents\github\awah-sip-testapp\lib\pjsip\win_x86-64\pjproject-2.10\pjsip\build\output\pjsua_lib-x86_64-x64-vc14-release\pjsua_im.sbr
c:\users\user\documents\github\awah-sip-testapp\lib\pjsip\win_x86-64\pjproject-2.10\pjsip\build\output\pjsua_lib-x86_64-x64-vc14-release\pjsua_media.sbr
c:\users\user\documents\github\awah-sip-testapp\lib\pjsip\win_x86-64\pjproject-2.10\pjsip\build\output\pjsua_lib-x86_64-x64-vc14-release\pjsua_pres.sbr
c:\users\user\documents\github\awah-sip-testapp\lib\pjsip\win_x86-64\pjproject-2.10\pjsip\build\output\pjsua_lib-x86_64-x64-vc14-release\pjsua_vid.sbr
c:\users\user\documents\github\awah-sip-testapp\lib\pjsip\win_x86-64\pjproject-2.10\pjsip\build\output\pjsua_lib-x86_64-x64-vc14-release\pjsua_vid.obj
c:\users\user\documents\github\awah-sip-testapp\lib\pjsip\win_x86-64\pjproject-2.10\pjsip\build\output\pjsua_lib-x86_64-x64-vc14-release\pjsua_pres.obj
c:\users\user\documents\github\awah-sip-testapp\lib\pjsip\win_x86-64\pjproject-2.10\pjsip\build\output\pjsua_lib-x86_64-x64-vc14-release\pjsua_media.obj
c:\users\user\documents\github\awah-sip-testapp\lib\pjsip\win_x86-64\pjproject-2.10\pjsip\build\output\pjsua_lib-x86_64-x64-vc14-release\pjsua_im.obj
c:\users\user\documents\github\awah-sip-testapp\lib\pjsip\win_x86-64\pjproject-2.10\pjsip\build\output\pjsua_lib-x86_64-x64-vc14-release\pjsua_dump.obj
c:\users\user\documents\github\awah-sip-testapp\lib\pjsip\win_x86-64\pjproject-2.10\pjsip\build\output\pjsua_lib-x86_64-x64-vc14-release\pjsua_core.obj
c:\users\user\documents\github\awah-sip-testapp\lib\pjsip\win_x86-64\pjproject-2.10\pjsip\build\output\pjsua_lib-x86_64-x64-vc14-release\pjsua_call.obj
c:\users\user\documents\github\awah-sip-testapp\lib\pjsip\win_x86-64\pjproject-2.10\pjsip\build\output\pjsua_lib-x86_64-x64-vc14-release\pjsua_aud.obj
c:\users\user\documents\github\awah-sip-testapp\lib\pjsip\win_x86-64\pjproject-2.10\pjsip\build\output\pjsua_lib-x86_64-x64-vc14-release\pjsua_acc.obj
c:\users\user\documents\github\awah-sip-testapp\lib\pjsip\win_x86-64\pjproject-2.10\pjsip\lib\pjsua-lib-x86_64-x64-vc14-release.lib
c:\users\user\documents\github\awah-sip-testapp\lib\pjsip\win_x86-64\pjproject-2.10\pjsip\build\..\lib\pjsua-lib-x86_64-x64-vc14-release.lib
c:\users\user\documents\github\awah-sip-testapp\lib\pjsip\win_x86-64\pjproject-2.10\pjsip\build\output\pjsua_lib-x86_64-x64-vc14-release\pjsua_lib.tlog\bscmake.command.1.tlog
c:\users\user\documents\github\awah-sip-testapp\lib\pjsip\win_x86-64\pjproject-2.10\pjsip\build\output\pjsua_lib-x86_64-x64-vc14-release\pjsua_lib.tlog\bscmake.read.1.tlog
c:\users\user\documents\github\awah-sip-testapp\lib\pjsip\win_x86-64\pjproject-2.10\pjsip\build\output\pjsua_lib-x86_64-x64-vc14-release\pjsua_lib.tlog\bscmake.write.1.tlog
c:\users\user\documents\github\awah-sip-testapp\lib\pjsip\win_x86-64\pjproject-2.10\pjsip\build\output\pjsua_lib-x86_64-x64-vc14-release\pjsua_lib.tlog\cl.command.1.tlog
c:\users\user\documents\github\awah-sip-testapp\lib\pjsip\win_x86-64\pjproject-2.10\pjsip\build\output\pjsua_lib-x86_64-x64-vc14-release\pjsua_lib.tlog\cl.read.1.tlog
c:\users\user\documents\github\awah-sip-testapp\lib\pjsip\win_x86-64\pjproject-2.10\pjsip\build\output\pjsua_lib-x86_64-x64-vc14-release\pjsua_lib.tlog\cl.write.1.tlog
c:\users\user\documents\github\awah-sip-testapp\lib\pjsip\win_x86-64\pjproject-2.10\pjsip\build\output\pjsua_lib-x86_64-x64-vc14-release\pjsua_lib.tlog\lib-link.read.1.tlog
c:\users\user\documents\github\awah-sip-testapp\lib\pjsip\win_x86-64\pjproject-2.10\pjsip\build\output\pjsua_lib-x86_64-x64-vc14-release\pjsua_lib.tlog\lib-link.write.1.tlog
c:\users\user\documents\github\awah-sip-testapp\lib\pjsip\win_x86-64\pjproject-2.10\pjsip\build\output\pjsua_lib-x86_64-x64-vc14-release\pjsua_lib.tlog\lib.command.1.tlog
