  alaw_ulaw.c
  alaw_ulaw_table.c
  audiodev.c
  avi_player.c
  bidirectional.c
  clock_thread.c
  codec.c
  conference.c
  conf_switch.c
  converter.c
  converter_libswscale.c
  converter_libyuv.c
  delaybuf.c
  echo_common.c
  echo_port.c
  echo_speex.c
  echo_suppress.c
  echo_webrtc.c
  endpoint.c
  errno.c
  Generating Code...
  Compiling...
  event.c
  ffmpeg_util.c
  format.c
  g711.c
  jbuf.c
..\src\pjmedia\jbuf.c(638): warning C4267: '=': conversion from 'size_t' to 'int', possible loss of data
..\src\pjmedia\jbuf.c(1194): warning C4267: '=': conversion from 'size_t' to 'unsigned int', possible loss of data
  master_port.c
  mem_capture.c
  mem_player.c
  null_port.c
  plc_common.c
  port.c
  resample_libsamplerate.c
  resample_port.c
  resample_resample.c
  resample_speex.c
  rtcp.c
  rtcp_fb.c
..\src\pjmedia\rtcp_fb.c(175): warning C4267: '=': conversion from 'size_t' to 'unsigned int', possible loss of data
  rtcp_xr.c
  rtp.c
  sdp.c
..\src\pjmedia\sdp.c(1100): warning C4102: 'TODO___PARSE_SDP_CONN_ADDRESS_SUBFIELDS': unreferenced label
  Generating Code...
  Compiling...
  sdp_cmp.c
  sdp_neg.c
..\src\pjmedia\sdp_neg.c(747): warning C4102: 'TODO___CHECK_SDP_NEGOTIATION_WHEN_ASYMETRIC_MEDIA_IS_ALLOWED': unreferenced label
  silencedet.c
  sound_legacy.c
  sound_port.c
  splitcomb.c
  stereo_port.c
  stream.c
..\src\pjmedia\stream.c(756): warning C4267: '=': conversion from 'size_t' to 'unsigned int', possible loss of data
  stream_common.c
  stream_info.c
  tonegen.c
  transport_adapter_sample.c
  transport_ice.c
  transport_loop.c
  transport_srtp.c
  transport_udp.c
  types.c
  videodev.c
  vid_codec.c
  vid_codec_util.c
  Generating Code...
  Compiling...
  vid_conf.c
  vid_port.c
  vid_stream.c
  vid_stream_info.c
  vid_tee.c
  wave.c
  wav_player.c
  wav_playlist.c
  wav_writer.c
  wsola.c
  Generating Code...
  pjmedia.vcxproj -> C:\Users\User\Documents\GitHub\awah-sip-testapp\lib\pjsip\win_x86-64\pjproject-2.10\pjmedia\build\..\lib\pjmedia-x86_64-x64-vc14-Debug-Dynamic.lib
