c:\users\user\documents\github\awah-sip-testapp\lib\pjsip\win_x86-64\pjproject-2.10\pjsip\lib\pjsip-simple-x86_64-x64-vc14-debug.bsc
c:\users\user\documents\github\awah-sip-testapp\lib\pjsip\win_x86-64\pjproject-2.10\pjsip\build\output\pjsip_simple-x86_64-x64-vc14-debug\pjsip_simple.pdb
c:\users\user\documents\github\awah-sip-testapp\lib\pjsip\win_x86-64\pjproject-2.10\pjsip\build\output\pjsip_simple-x86_64-x64-vc14-debug\errno.sbr
c:\users\user\documents\github\awah-sip-testapp\lib\pjsip\win_x86-64\pjproject-2.10\pjsip\build\output\pjsip_simple-x86_64-x64-vc14-debug\evsub.sbr
c:\users\user\documents\github\awah-sip-testapp\lib\pjsip\win_x86-64\pjproject-2.10\pjsip\build\output\pjsip_simple-x86_64-x64-vc14-debug\evsub_msg.sbr
c:\users\user\documents\github\awah-sip-testapp\lib\pjsip\win_x86-64\pjproject-2.10\pjsip\build\output\pjsip_simple-x86_64-x64-vc14-debug\iscomposing.sbr
c:\users\user\documents\github\awah-sip-testapp\lib\pjsip\win_x86-64\pjproject-2.10\pjsip\build\output\pjsip_simple-x86_64-x64-vc14-debug\mwi.sbr
c:\users\user\documents\github\awah-sip-testapp\lib\pjsip\win_x86-64\pjproject-2.10\pjsip\build\output\pjsip_simple-x86_64-x64-vc14-debug\pidf.sbr
c:\users\user\documents\github\awah-sip-testapp\lib\pjsip\win_x86-64\pjproject-2.10\pjsip\build\output\pjsip_simple-x86_64-x64-vc14-debug\presence.sbr
c:\users\user\documents\github\awah-sip-testapp\lib\pjsip\win_x86-64\pjproject-2.10\pjsip\build\output\pjsip_simple-x86_64-x64-vc14-debug\presence_body.sbr
c:\users\user\documents\github\awah-sip-testapp\lib\pjsip\win_x86-64\pjproject-2.10\pjsip\build\output\pjsip_simple-x86_64-x64-vc14-debug\publishc.sbr
c:\users\user\documents\github\awah-sip-testapp\lib\pjsip\win_x86-64\pjproject-2.10\pjsip\build\output\pjsip_simple-x86_64-x64-vc14-debug\rpid.sbr
c:\users\user\documents\github\awah-sip-testapp\lib\pjsip\win_x86-64\pjproject-2.10\pjsip\build\output\pjsip_simple-x86_64-x64-vc14-debug\xpidf.sbr
c:\users\user\documents\github\awah-sip-testapp\lib\pjsip\win_x86-64\pjproject-2.10\pjsip\build\output\pjsip_simple-x86_64-x64-vc14-debug\xpidf.obj
c:\users\user\documents\github\awah-sip-testapp\lib\pjsip\win_x86-64\pjproject-2.10\pjsip\build\output\pjsip_simple-x86_64-x64-vc14-debug\rpid.obj
c:\users\user\documents\github\awah-sip-testapp\lib\pjsip\win_x86-64\pjproject-2.10\pjsip\build\output\pjsip_simple-x86_64-x64-vc14-debug\publishc.obj
c:\users\user\documents\github\awah-sip-testapp\lib\pjsip\win_x86-64\pjproject-2.10\pjsip\build\output\pjsip_simple-x86_64-x64-vc14-debug\presence_body.obj
c:\users\user\documents\github\awah-sip-testapp\lib\pjsip\win_x86-64\pjproject-2.10\pjsip\build\output\pjsip_simple-x86_64-x64-vc14-debug\presence.obj
c:\users\user\documents\github\awah-sip-testapp\lib\pjsip\win_x86-64\pjproject-2.10\pjsip\build\output\pjsip_simple-x86_64-x64-vc14-debug\pidf.obj
c:\users\user\documents\github\awah-sip-testapp\lib\pjsip\win_x86-64\pjproject-2.10\pjsip\build\output\pjsip_simple-x86_64-x64-vc14-debug\mwi.obj
c:\users\user\documents\github\awah-sip-testapp\lib\pjsip\win_x86-64\pjproject-2.10\pjsip\build\output\pjsip_simple-x86_64-x64-vc14-debug\iscomposing.obj
c:\users\user\documents\github\awah-sip-testapp\lib\pjsip\win_x86-64\pjproject-2.10\pjsip\build\output\pjsip_simple-x86_64-x64-vc14-debug\evsub_msg.obj
c:\users\user\documents\github\awah-sip-testapp\lib\pjsip\win_x86-64\pjproject-2.10\pjsip\build\output\pjsip_simple-x86_64-x64-vc14-debug\evsub.obj
c:\users\user\documents\github\awah-sip-testapp\lib\pjsip\win_x86-64\pjproject-2.10\pjsip\build\output\pjsip_simple-x86_64-x64-vc14-debug\errno.obj
c:\users\user\documents\github\awah-sip-testapp\lib\pjsip\win_x86-64\pjproject-2.10\pjsip\lib\pjsip-simple-x86_64-x64-vc14-debug.lib
c:\users\user\documents\github\awah-sip-testapp\lib\pjsip\win_x86-64\pjproject-2.10\pjsip\build\..\lib\pjsip-simple-x86_64-x64-vc14-debug.lib
c:\users\user\documents\github\awah-sip-testapp\lib\pjsip\win_x86-64\pjproject-2.10\pjsip\build\output\pjsip_simple-x86_64-x64-vc14-debug\pjsip_simple.tlog\bscmake.command.1.tlog
c:\users\user\documents\github\awah-sip-testapp\lib\pjsip\win_x86-64\pjproject-2.10\pjsip\build\output\pjsip_simple-x86_64-x64-vc14-debug\pjsip_simple.tlog\bscmake.read.1.tlog
c:\users\user\documents\github\awah-sip-testapp\lib\pjsip\win_x86-64\pjproject-2.10\pjsip\build\output\pjsip_simple-x86_64-x64-vc14-debug\pjsip_simple.tlog\bscmake.write.1.tlog
c:\users\user\documents\github\awah-sip-testapp\lib\pjsip\win_x86-64\pjproject-2.10\pjsip\build\output\pjsip_simple-x86_64-x64-vc14-debug\pjsip_simple.tlog\cl.command.1.tlog
c:\users\user\documents\github\awah-sip-testapp\lib\pjsip\win_x86-64\pjproject-2.10\pjsip\build\output\pjsip_simple-x86_64-x64-vc14-debug\pjsip_simple.tlog\cl.read.1.tlog
c:\users\user\documents\github\awah-sip-testapp\lib\pjsip\win_x86-64\pjproject-2.10\pjsip\build\output\pjsip_simple-x86_64-x64-vc14-debug\pjsip_simple.tlog\cl.write.1.tlog
c:\users\user\documents\github\awah-sip-testapp\lib\pjsip\win_x86-64\pjproject-2.10\pjsip\build\output\pjsip_simple-x86_64-x64-vc14-debug\pjsip_simple.tlog\lib-link.read.1.tlog
c:\users\user\documents\github\awah-sip-testapp\lib\pjsip\win_x86-64\pjproject-2.10\pjsip\build\output\pjsip_simple-x86_64-x64-vc14-debug\pjsip_simple.tlog\lib-link.write.1.tlog
c:\users\user\documents\github\awah-sip-testapp\lib\pjsip\win_x86-64\pjproject-2.10\pjsip\build\output\pjsip_simple-x86_64-x64-vc14-debug\pjsip_simple.tlog\lib.command.1.tlog
