  sip_auth_aka.c
  sip_auth_client.c
..\src\pjsip\sip_auth_client.c(403): warning C4267: 'initializing': conversion from 'size_t' to 'int', possible loss of data
..\src\pjsip\sip_auth_client.c(566): warning C4102: 'TODO___FULL_CLONE_OF_AUTH_CLIENT_SESSION': unreferenced label
  sip_auth_msg.c
  sip_auth_parser.c
  sip_auth_server.c
  sip_config.c
  sip_dialog.c
..\src\pjsip\sip_dialog.c(583): warning C4102: 'TODO___DIALOG_APP_TIMER': unreferenced label
  sip_endpoint.c
  sip_errno.c
  sip_msg.c
  sip_multipart.c
  sip_parser.c
  sip_resolve.c
..\src\pjsip\sip_resolve.c(403): warning C4102: 'TODO___SUPPORT_DNS_NAPTR': unreferenced label
  sip_tel_uri.c
  sip_transaction.c
  sip_transport.c
..\src\pjsip\sip_transport.c(1828): warning C4267: '+=': conversion from 'size_t' to 'int', possible loss of data
..\src\pjsip\sip_transport.c(2061): warning C4244: '=': conversion from 'pj_ssize_t' to 'int', possible loss of data
  sip_transport_loop.c
  sip_transport_tcp.c
  sip_transport_tls.c
  sip_transport_udp.c
  Generating Code...
  Compiling...
  sip_ua_layer.c
  sip_uri.c
  sip_util.c
..\src\pjsip\sip_util.c(868): warning C4102: 'TODO___SUPPORT_REQUEST_ADDR_RESOLUTION_FOR_TEL_URI': unreferenced label
  sip_util_proxy.c
  sip_util_statefull.c
  Generating Code...
  pjsip_core.vcxproj -> C:\Users\User\Documents\GitHub\awah-sip-testapp\lib\pjsip\win_x86-64\pjproject-2.10\pjsip\build\..\lib\pjsip-core-x86_64-x64-vc14-Release.lib
