c:\users\user\documents\github\awah-sip-testapp\lib\pjsip\win_x86-64\pjproject-2.10\pjlib-util\lib\pjlib-util-x86_64-x64-vc14-release.bsc
c:\users\user\documents\github\awah-sip-testapp\lib\pjsip\win_x86-64\pjproject-2.10\pjlib-util\build\output\pjlib_util-x86_64-x64-vc14-release\pjlib_util.pdb
c:\users\user\documents\github\awah-sip-testapp\lib\pjsip\win_x86-64\pjproject-2.10\pjlib-util\build\output\pjlib_util-x86_64-x64-vc14-release\base64.sbr
c:\users\user\documents\github\awah-sip-testapp\lib\pjsip\win_x86-64\pjproject-2.10\pjlib-util\build\output\pjlib_util-x86_64-x64-vc14-release\cli.sbr
c:\users\user\documents\github\awah-sip-testapp\lib\pjsip\win_x86-64\pjproject-2.10\pjlib-util\build\output\pjlib_util-x86_64-x64-vc14-release\cli_console.sbr
c:\users\user\documents\github\awah-sip-testapp\lib\pjsip\win_x86-64\pjproject-2.10\pjlib-util\build\output\pjlib_util-x86_64-x64-vc14-release\cli_telnet.sbr
c:\users\user\documents\github\awah-sip-testapp\lib\pjsip\win_x86-64\pjproject-2.10\pjlib-util\build\output\pjlib_util-x86_64-x64-vc14-release\crc32.sbr
c:\users\user\documents\github\awah-sip-testapp\lib\pjsip\win_x86-64\pjproject-2.10\pjlib-util\build\output\pjlib_util-x86_64-x64-vc14-release\dns.sbr
c:\users\user\documents\github\awah-sip-testapp\lib\pjsip\win_x86-64\pjproject-2.10\pjlib-util\build\output\pjlib_util-x86_64-x64-vc14-release\dns_dump.sbr
c:\users\user\documents\github\awah-sip-testapp\lib\pjsip\win_x86-64\pjproject-2.10\pjlib-util\build\output\pjlib_util-x86_64-x64-vc14-release\dns_server.sbr
c:\users\user\documents\github\awah-sip-testapp\lib\pjsip\win_x86-64\pjproject-2.10\pjlib-util\build\output\pjlib_util-x86_64-x64-vc14-release\errno.sbr
c:\users\user\documents\github\awah-sip-testapp\lib\pjsip\win_x86-64\pjproject-2.10\pjlib-util\build\output\pjlib_util-x86_64-x64-vc14-release\getopt.sbr
c:\users\user\documents\github\awah-sip-testapp\lib\pjsip\win_x86-64\pjproject-2.10\pjlib-util\build\output\pjlib_util-x86_64-x64-vc14-release\hmac_md5.sbr
c:\users\user\documents\github\awah-sip-testapp\lib\pjsip\win_x86-64\pjproject-2.10\pjlib-util\build\output\pjlib_util-x86_64-x64-vc14-release\hmac_sha1.sbr
c:\users\user\documents\github\awah-sip-testapp\lib\pjsip\win_x86-64\pjproject-2.10\pjlib-util\build\output\pjlib_util-x86_64-x64-vc14-release\http_client.sbr
c:\users\user\documents\github\awah-sip-testapp\lib\pjsip\win_x86-64\pjproject-2.10\pjlib-util\build\output\pjlib_util-x86_64-x64-vc14-release\json.sbr
c:\users\user\documents\github\awah-sip-testapp\lib\pjsip\win_x86-64\pjproject-2.10\pjlib-util\build\output\pjlib_util-x86_64-x64-vc14-release\md5.sbr
c:\users\user\documents\github\awah-sip-testapp\lib\pjsip\win_x86-64\pjproject-2.10\pjlib-util\build\output\pjlib_util-x86_64-x64-vc14-release\pcap.sbr
c:\users\user\documents\github\awah-sip-testapp\lib\pjsip\win_x86-64\pjproject-2.10\pjlib-util\build\output\pjlib_util-x86_64-x64-vc14-release\resolver.sbr
c:\users\user\documents\github\awah-sip-testapp\lib\pjsip\win_x86-64\pjproject-2.10\pjlib-util\build\output\pjlib_util-x86_64-x64-vc14-release\scanner.sbr
c:\users\user\documents\github\awah-sip-testapp\lib\pjsip\win_x86-64\pjproject-2.10\pjlib-util\build\output\pjlib_util-x86_64-x64-vc14-release\sha1.sbr
c:\users\user\documents\github\awah-sip-testapp\lib\pjsip\win_x86-64\pjproject-2.10\pjlib-util\build\output\pjlib_util-x86_64-x64-vc14-release\srv_resolver.sbr
c:\users\user\documents\github\awah-sip-testapp\lib\pjsip\win_x86-64\pjproject-2.10\pjlib-util\build\output\pjlib_util-x86_64-x64-vc14-release\srv_resolver.obj
c:\users\user\documents\github\awah-sip-testapp\lib\pjsip\win_x86-64\pjproject-2.10\pjlib-util\build\output\pjlib_util-x86_64-x64-vc14-release\sha1.obj
c:\users\user\documents\github\awah-sip-testapp\lib\pjsip\win_x86-64\pjproject-2.10\pjlib-util\build\output\pjlib_util-x86_64-x64-vc14-release\scanner.obj
c:\users\user\documents\github\awah-sip-testapp\lib\pjsip\win_x86-64\pjproject-2.10\pjlib-util\build\output\pjlib_util-x86_64-x64-vc14-release\resolver.obj
c:\users\user\documents\github\awah-sip-testapp\lib\pjsip\win_x86-64\pjproject-2.10\pjlib-util\build\output\pjlib_util-x86_64-x64-vc14-release\pcap.obj
c:\users\user\documents\github\awah-sip-testapp\lib\pjsip\win_x86-64\pjproject-2.10\pjlib-util\build\output\pjlib_util-x86_64-x64-vc14-release\md5.obj
c:\users\user\documents\github\awah-sip-testapp\lib\pjsip\win_x86-64\pjproject-2.10\pjlib-util\build\output\pjlib_util-x86_64-x64-vc14-release\json.obj
c:\users\user\documents\github\awah-sip-testapp\lib\pjsip\win_x86-64\pjproject-2.10\pjlib-util\build\output\pjlib_util-x86_64-x64-vc14-release\http_client.obj
c:\users\user\documents\github\awah-sip-testapp\lib\pjsip\win_x86-64\pjproject-2.10\pjlib-util\build\output\pjlib_util-x86_64-x64-vc14-release\hmac_sha1.obj
c:\users\user\documents\github\awah-sip-testapp\lib\pjsip\win_x86-64\pjproject-2.10\pjlib-util\build\output\pjlib_util-x86_64-x64-vc14-release\hmac_md5.obj
c:\users\user\documents\github\awah-sip-testapp\lib\pjsip\win_x86-64\pjproject-2.10\pjlib-util\build\output\pjlib_util-x86_64-x64-vc14-release\getopt.obj
c:\users\user\documents\github\awah-sip-testapp\lib\pjsip\win_x86-64\pjproject-2.10\pjlib-util\build\output\pjlib_util-x86_64-x64-vc14-release\errno.obj
c:\users\user\documents\github\awah-sip-testapp\lib\pjsip\win_x86-64\pjproject-2.10\pjlib-util\build\output\pjlib_util-x86_64-x64-vc14-release\dns_server.obj
c:\users\user\documents\github\awah-sip-testapp\lib\pjsip\win_x86-64\pjproject-2.10\pjlib-util\build\output\pjlib_util-x86_64-x64-vc14-release\dns_dump.obj
c:\users\user\documents\github\awah-sip-testapp\lib\pjsip\win_x86-64\pjproject-2.10\pjlib-util\build\output\pjlib_util-x86_64-x64-vc14-release\dns.obj
c:\users\user\documents\github\awah-sip-testapp\lib\pjsip\win_x86-64\pjproject-2.10\pjlib-util\build\output\pjlib_util-x86_64-x64-vc14-release\crc32.obj
c:\users\user\documents\github\awah-sip-testapp\lib\pjsip\win_x86-64\pjproject-2.10\pjlib-util\build\output\pjlib_util-x86_64-x64-vc14-release\cli_telnet.obj
c:\users\user\documents\github\awah-sip-testapp\lib\pjsip\win_x86-64\pjproject-2.10\pjlib-util\build\output\pjlib_util-x86_64-x64-vc14-release\cli_console.obj
c:\users\user\documents\github\awah-sip-testapp\lib\pjsip\win_x86-64\pjproject-2.10\pjlib-util\build\output\pjlib_util-x86_64-x64-vc14-release\cli.obj
c:\users\user\documents\github\awah-sip-testapp\lib\pjsip\win_x86-64\pjproject-2.10\pjlib-util\build\output\pjlib_util-x86_64-x64-vc14-release\base64.obj
c:\users\user\documents\github\awah-sip-testapp\lib\pjsip\win_x86-64\pjproject-2.10\pjlib-util\build\output\pjlib_util-x86_64-x64-vc14-release\string.sbr
c:\users\user\documents\github\awah-sip-testapp\lib\pjsip\win_x86-64\pjproject-2.10\pjlib-util\build\output\pjlib_util-x86_64-x64-vc14-release\stun_simple.sbr
c:\users\user\documents\github\awah-sip-testapp\lib\pjsip\win_x86-64\pjproject-2.10\pjlib-util\build\output\pjlib_util-x86_64-x64-vc14-release\stun_simple_client.sbr
c:\users\user\documents\github\awah-sip-testapp\lib\pjsip\win_x86-64\pjproject-2.10\pjlib-util\build\output\pjlib_util-x86_64-x64-vc14-release\symbols.sbr
c:\users\user\documents\github\awah-sip-testapp\lib\pjsip\win_x86-64\pjproject-2.10\pjlib-util\build\output\pjlib_util-x86_64-x64-vc14-release\xml.sbr
c:\users\user\documents\github\awah-sip-testapp\lib\pjsip\win_x86-64\pjproject-2.10\pjlib-util\build\output\pjlib_util-x86_64-x64-vc14-release\xml.obj
c:\users\user\documents\github\awah-sip-testapp\lib\pjsip\win_x86-64\pjproject-2.10\pjlib-util\build\output\pjlib_util-x86_64-x64-vc14-release\symbols.obj
c:\users\user\documents\github\awah-sip-testapp\lib\pjsip\win_x86-64\pjproject-2.10\pjlib-util\build\output\pjlib_util-x86_64-x64-vc14-release\stun_simple_client.obj
c:\users\user\documents\github\awah-sip-testapp\lib\pjsip\win_x86-64\pjproject-2.10\pjlib-util\build\output\pjlib_util-x86_64-x64-vc14-release\stun_simple.obj
c:\users\user\documents\github\awah-sip-testapp\lib\pjsip\win_x86-64\pjproject-2.10\pjlib-util\build\output\pjlib_util-x86_64-x64-vc14-release\string.obj
c:\users\user\documents\github\awah-sip-testapp\lib\pjsip\win_x86-64\pjproject-2.10\pjlib-util\lib\pjlib-util-x86_64-x64-vc14-release.lib
c:\users\user\documents\github\awah-sip-testapp\lib\pjsip\win_x86-64\pjproject-2.10\pjlib-util\build\..\lib\pjlib-util-x86_64-x64-vc14-release.lib
c:\users\user\documents\github\awah-sip-testapp\lib\pjsip\win_x86-64\pjproject-2.10\pjlib-util\build\output\pjlib_util-x86_64-x64-vc14-release\pjlib_util.tlog\bscmake.command.1.tlog
c:\users\user\documents\github\awah-sip-testapp\lib\pjsip\win_x86-64\pjproject-2.10\pjlib-util\build\output\pjlib_util-x86_64-x64-vc14-release\pjlib_util.tlog\bscmake.read.1.tlog
c:\users\user\documents\github\awah-sip-testapp\lib\pjsip\win_x86-64\pjproject-2.10\pjlib-util\build\output\pjlib_util-x86_64-x64-vc14-release\pjlib_util.tlog\bscmake.write.1.tlog
c:\users\user\documents\github\awah-sip-testapp\lib\pjsip\win_x86-64\pjproject-2.10\pjlib-util\build\output\pjlib_util-x86_64-x64-vc14-release\pjlib_util.tlog\cl.command.1.tlog
c:\users\user\documents\github\awah-sip-testapp\lib\pjsip\win_x86-64\pjproject-2.10\pjlib-util\build\output\pjlib_util-x86_64-x64-vc14-release\pjlib_util.tlog\cl.read.1.tlog
c:\users\user\documents\github\awah-sip-testapp\lib\pjsip\win_x86-64\pjproject-2.10\pjlib-util\build\output\pjlib_util-x86_64-x64-vc14-release\pjlib_util.tlog\cl.write.1.tlog
c:\users\user\documents\github\awah-sip-testapp\lib\pjsip\win_x86-64\pjproject-2.10\pjlib-util\build\output\pjlib_util-x86_64-x64-vc14-release\pjlib_util.tlog\lib-link.read.1.tlog
c:\users\user\documents\github\awah-sip-testapp\lib\pjsip\win_x86-64\pjproject-2.10\pjlib-util\build\output\pjlib_util-x86_64-x64-vc14-release\pjlib_util.tlog\lib-link.write.1.tlog
c:\users\user\documents\github\awah-sip-testapp\lib\pjsip\win_x86-64\pjproject-2.10\pjlib-util\build\output\pjlib_util-x86_64-x64-vc14-release\pjlib_util.tlog\lib.command.1.tlog
