  base64.c
  cli.c
  cli_console.c
  cli_telnet.c
  crc32.c
  dns.c
  dns_dump.c
  dns_server.c
  errno.c
  getopt.c
  hmac_md5.c
  hmac_sha1.c
  http_client.c
  json.c
  md5.c
  pcap.c
  resolver.c
  scanner.c
  sha1.c
  srv_resolver.c
  Code wird generiert...
  Kompilieren...
  string.c
  stun_simple.c
  stun_simple_client.c
  symbols.c
  xml.c
  Code wird generiert...
  pjlib_util.vcxproj -> C:\Users\WerBinIch\Documents\git\AWAH-SIP_Codec\awah-sip_library\pjsip\win_x86-64\pjproject-2.10\pjlib-util\lib\pjlib-util-x86_64-x64-vc14-Release.lib
