c:\users\user\documents\github\awah-sip-testapp\lib\pjsip\win_x86-64\pjproject-2.10\pjmedia\lib\pjmedia-audiodev-x86_64-x64-vc14-debug.bsc
c:\users\user\documents\github\awah-sip-testapp\lib\pjsip\win_x86-64\pjproject-2.10\pjmedia\build\output\pjmedia_audiodev-x86_64-x64-vc14-debug\pjmedia_audiodev.pdb
c:\users\user\documents\github\awah-sip-testapp\lib\pjsip\win_x86-64\pjproject-2.10\pjmedia\build\output\pjmedia_audiodev-x86_64-x64-vc14-debug\audiodev.sbr
c:\users\user\documents\github\awah-sip-testapp\lib\pjsip\win_x86-64\pjproject-2.10\pjmedia\build\output\pjmedia_audiodev-x86_64-x64-vc14-debug\audiotest.sbr
c:\users\user\documents\github\awah-sip-testapp\lib\pjsip\win_x86-64\pjproject-2.10\pjmedia\build\output\pjmedia_audiodev-x86_64-x64-vc14-debug\bdimad_dev.sbr
c:\users\user\documents\github\awah-sip-testapp\lib\pjsip\win_x86-64\pjproject-2.10\pjmedia\build\output\pjmedia_audiodev-x86_64-x64-vc14-debug\errno.sbr
c:\users\user\documents\github\awah-sip-testapp\lib\pjsip\win_x86-64\pjproject-2.10\pjmedia\build\output\pjmedia_audiodev-x86_64-x64-vc14-debug\legacy_dev.sbr
c:\users\user\documents\github\awah-sip-testapp\lib\pjsip\win_x86-64\pjproject-2.10\pjmedia\build\output\pjmedia_audiodev-x86_64-x64-vc14-debug\null_dev.sbr
c:\users\user\documents\github\awah-sip-testapp\lib\pjsip\win_x86-64\pjproject-2.10\pjmedia\build\output\pjmedia_audiodev-x86_64-x64-vc14-debug\pa_dev.sbr
c:\users\user\documents\github\awah-sip-testapp\lib\pjsip\win_x86-64\pjproject-2.10\pjmedia\build\output\pjmedia_audiodev-x86_64-x64-vc14-debug\wmme_dev.sbr
c:\users\user\documents\github\awah-sip-testapp\lib\pjsip\win_x86-64\pjproject-2.10\pjmedia\build\output\pjmedia_audiodev-x86_64-x64-vc14-debug\wmme_dev.obj
c:\users\user\documents\github\awah-sip-testapp\lib\pjsip\win_x86-64\pjproject-2.10\pjmedia\build\output\pjmedia_audiodev-x86_64-x64-vc14-debug\pa_dev.obj
c:\users\user\documents\github\awah-sip-testapp\lib\pjsip\win_x86-64\pjproject-2.10\pjmedia\build\output\pjmedia_audiodev-x86_64-x64-vc14-debug\null_dev.obj
c:\users\user\documents\github\awah-sip-testapp\lib\pjsip\win_x86-64\pjproject-2.10\pjmedia\build\output\pjmedia_audiodev-x86_64-x64-vc14-debug\legacy_dev.obj
c:\users\user\documents\github\awah-sip-testapp\lib\pjsip\win_x86-64\pjproject-2.10\pjmedia\build\output\pjmedia_audiodev-x86_64-x64-vc14-debug\errno.obj
c:\users\user\documents\github\awah-sip-testapp\lib\pjsip\win_x86-64\pjproject-2.10\pjmedia\build\output\pjmedia_audiodev-x86_64-x64-vc14-debug\bdimad_dev.obj
c:\users\user\documents\github\awah-sip-testapp\lib\pjsip\win_x86-64\pjproject-2.10\pjmedia\build\output\pjmedia_audiodev-x86_64-x64-vc14-debug\audiotest.obj
c:\users\user\documents\github\awah-sip-testapp\lib\pjsip\win_x86-64\pjproject-2.10\pjmedia\build\output\pjmedia_audiodev-x86_64-x64-vc14-debug\audiodev.obj
c:\users\user\documents\github\awah-sip-testapp\lib\pjsip\win_x86-64\pjproject-2.10\pjmedia\lib\pjmedia-audiodev-x86_64-x64-vc14-debug.lib
c:\users\user\documents\github\awah-sip-testapp\lib\pjsip\win_x86-64\pjproject-2.10\pjmedia\build\..\lib\pjmedia-audiodev-x86_64-x64-vc14-debug.lib
c:\users\user\documents\github\awah-sip-testapp\lib\pjsip\win_x86-64\pjproject-2.10\pjmedia\build\output\pjmedia_audiodev-x86_64-x64-vc14-debug\pjmedia_audiodev.tlog\bscmake.command.1.tlog
c:\users\user\documents\github\awah-sip-testapp\lib\pjsip\win_x86-64\pjproject-2.10\pjmedia\build\output\pjmedia_audiodev-x86_64-x64-vc14-debug\pjmedia_audiodev.tlog\bscmake.read.1.tlog
c:\users\user\documents\github\awah-sip-testapp\lib\pjsip\win_x86-64\pjproject-2.10\pjmedia\build\output\pjmedia_audiodev-x86_64-x64-vc14-debug\pjmedia_audiodev.tlog\bscmake.write.1.tlog
c:\users\user\documents\github\awah-sip-testapp\lib\pjsip\win_x86-64\pjproject-2.10\pjmedia\build\output\pjmedia_audiodev-x86_64-x64-vc14-debug\pjmedia_audiodev.tlog\cl.command.1.tlog
c:\users\user\documents\github\awah-sip-testapp\lib\pjsip\win_x86-64\pjproject-2.10\pjmedia\build\output\pjmedia_audiodev-x86_64-x64-vc14-debug\pjmedia_audiodev.tlog\cl.read.1.tlog
c:\users\user\documents\github\awah-sip-testapp\lib\pjsip\win_x86-64\pjproject-2.10\pjmedia\build\output\pjmedia_audiodev-x86_64-x64-vc14-debug\pjmedia_audiodev.tlog\cl.write.1.tlog
c:\users\user\documents\github\awah-sip-testapp\lib\pjsip\win_x86-64\pjproject-2.10\pjmedia\build\output\pjmedia_audiodev-x86_64-x64-vc14-debug\pjmedia_audiodev.tlog\lib-link.read.1.tlog
c:\users\user\documents\github\awah-sip-testapp\lib\pjsip\win_x86-64\pjproject-2.10\pjmedia\build\output\pjmedia_audiodev-x86_64-x64-vc14-debug\pjmedia_audiodev.tlog\lib-link.write.1.tlog
c:\users\user\documents\github\awah-sip-testapp\lib\pjsip\win_x86-64\pjproject-2.10\pjmedia\build\output\pjmedia_audiodev-x86_64-x64-vc14-debug\pjmedia_audiodev.tlog\lib.command.1.tlog
