c:\users\user\documents\github\awah-sip-testapp\lib\pjsip\win_x86-64\pjproject-2.10\pjnath\lib\pjnath-x86_64-x64-vc14-release.bsc
c:\users\user\documents\github\awah-sip-testapp\lib\pjsip\win_x86-64\pjproject-2.10\pjnath\build\output\pjnath-x86_64-x64-vc14-release\pjnath.pdb
c:\users\user\documents\github\awah-sip-testapp\lib\pjsip\win_x86-64\pjproject-2.10\pjnath\build\output\pjnath-x86_64-x64-vc14-release\errno.sbr
c:\users\user\documents\github\awah-sip-testapp\lib\pjsip\win_x86-64\pjproject-2.10\pjnath\build\output\pjnath-x86_64-x64-vc14-release\ice_session.sbr
c:\users\user\documents\github\awah-sip-testapp\lib\pjsip\win_x86-64\pjproject-2.10\pjnath\build\output\pjnath-x86_64-x64-vc14-release\ice_strans.sbr
c:\users\user\documents\github\awah-sip-testapp\lib\pjsip\win_x86-64\pjproject-2.10\pjnath\build\output\pjnath-x86_64-x64-vc14-release\nat_detect.sbr
c:\users\user\documents\github\awah-sip-testapp\lib\pjsip\win_x86-64\pjproject-2.10\pjnath\build\output\pjnath-x86_64-x64-vc14-release\stun_auth.sbr
c:\users\user\documents\github\awah-sip-testapp\lib\pjsip\win_x86-64\pjproject-2.10\pjnath\build\output\pjnath-x86_64-x64-vc14-release\stun_msg.sbr
c:\users\user\documents\github\awah-sip-testapp\lib\pjsip\win_x86-64\pjproject-2.10\pjnath\build\output\pjnath-x86_64-x64-vc14-release\stun_msg_dump.sbr
c:\users\user\documents\github\awah-sip-testapp\lib\pjsip\win_x86-64\pjproject-2.10\pjnath\build\output\pjnath-x86_64-x64-vc14-release\stun_session.sbr
c:\users\user\documents\github\awah-sip-testapp\lib\pjsip\win_x86-64\pjproject-2.10\pjnath\build\output\pjnath-x86_64-x64-vc14-release\stun_sock.sbr
c:\users\user\documents\github\awah-sip-testapp\lib\pjsip\win_x86-64\pjproject-2.10\pjnath\build\output\pjnath-x86_64-x64-vc14-release\stun_transaction.sbr
c:\users\user\documents\github\awah-sip-testapp\lib\pjsip\win_x86-64\pjproject-2.10\pjnath\build\output\pjnath-x86_64-x64-vc14-release\turn_session.sbr
c:\users\user\documents\github\awah-sip-testapp\lib\pjsip\win_x86-64\pjproject-2.10\pjnath\build\output\pjnath-x86_64-x64-vc14-release\turn_sock.sbr
c:\users\user\documents\github\awah-sip-testapp\lib\pjsip\win_x86-64\pjproject-2.10\pjnath\build\output\pjnath-x86_64-x64-vc14-release\turn_sock.obj
c:\users\user\documents\github\awah-sip-testapp\lib\pjsip\win_x86-64\pjproject-2.10\pjnath\build\output\pjnath-x86_64-x64-vc14-release\turn_session.obj
c:\users\user\documents\github\awah-sip-testapp\lib\pjsip\win_x86-64\pjproject-2.10\pjnath\build\output\pjnath-x86_64-x64-vc14-release\stun_transaction.obj
c:\users\user\documents\github\awah-sip-testapp\lib\pjsip\win_x86-64\pjproject-2.10\pjnath\build\output\pjnath-x86_64-x64-vc14-release\stun_sock.obj
c:\users\user\documents\github\awah-sip-testapp\lib\pjsip\win_x86-64\pjproject-2.10\pjnath\build\output\pjnath-x86_64-x64-vc14-release\stun_session.obj
c:\users\user\documents\github\awah-sip-testapp\lib\pjsip\win_x86-64\pjproject-2.10\pjnath\build\output\pjnath-x86_64-x64-vc14-release\stun_msg_dump.obj
c:\users\user\documents\github\awah-sip-testapp\lib\pjsip\win_x86-64\pjproject-2.10\pjnath\build\output\pjnath-x86_64-x64-vc14-release\stun_msg.obj
c:\users\user\documents\github\awah-sip-testapp\lib\pjsip\win_x86-64\pjproject-2.10\pjnath\build\output\pjnath-x86_64-x64-vc14-release\stun_auth.obj
c:\users\user\documents\github\awah-sip-testapp\lib\pjsip\win_x86-64\pjproject-2.10\pjnath\build\output\pjnath-x86_64-x64-vc14-release\nat_detect.obj
c:\users\user\documents\github\awah-sip-testapp\lib\pjsip\win_x86-64\pjproject-2.10\pjnath\build\output\pjnath-x86_64-x64-vc14-release\ice_strans.obj
c:\users\user\documents\github\awah-sip-testapp\lib\pjsip\win_x86-64\pjproject-2.10\pjnath\build\output\pjnath-x86_64-x64-vc14-release\ice_session.obj
c:\users\user\documents\github\awah-sip-testapp\lib\pjsip\win_x86-64\pjproject-2.10\pjnath\build\output\pjnath-x86_64-x64-vc14-release\errno.obj
c:\users\user\documents\github\awah-sip-testapp\lib\pjsip\win_x86-64\pjproject-2.10\pjnath\lib\pjnath-x86_64-x64-vc14-release.lib
c:\users\user\documents\github\awah-sip-testapp\lib\pjsip\win_x86-64\pjproject-2.10\pjnath\build\..\lib\pjnath-x86_64-x64-vc14-release.lib
c:\users\user\documents\github\awah-sip-testapp\lib\pjsip\win_x86-64\pjproject-2.10\pjnath\build\output\pjnath-x86_64-x64-vc14-release\pjnath.tlog\bscmake.command.1.tlog
c:\users\user\documents\github\awah-sip-testapp\lib\pjsip\win_x86-64\pjproject-2.10\pjnath\build\output\pjnath-x86_64-x64-vc14-release\pjnath.tlog\bscmake.read.1.tlog
c:\users\user\documents\github\awah-sip-testapp\lib\pjsip\win_x86-64\pjproject-2.10\pjnath\build\output\pjnath-x86_64-x64-vc14-release\pjnath.tlog\bscmake.write.1.tlog
c:\users\user\documents\github\awah-sip-testapp\lib\pjsip\win_x86-64\pjproject-2.10\pjnath\build\output\pjnath-x86_64-x64-vc14-release\pjnath.tlog\cl.command.1.tlog
c:\users\user\documents\github\awah-sip-testapp\lib\pjsip\win_x86-64\pjproject-2.10\pjnath\build\output\pjnath-x86_64-x64-vc14-release\pjnath.tlog\cl.read.1.tlog
c:\users\user\documents\github\awah-sip-testapp\lib\pjsip\win_x86-64\pjproject-2.10\pjnath\build\output\pjnath-x86_64-x64-vc14-release\pjnath.tlog\cl.write.1.tlog
c:\users\user\documents\github\awah-sip-testapp\lib\pjsip\win_x86-64\pjproject-2.10\pjnath\build\output\pjnath-x86_64-x64-vc14-release\pjnath.tlog\lib-link.read.1.tlog
c:\users\user\documents\github\awah-sip-testapp\lib\pjsip\win_x86-64\pjproject-2.10\pjnath\build\output\pjnath-x86_64-x64-vc14-release\pjnath.tlog\lib-link.write.1.tlog
c:\users\user\documents\github\awah-sip-testapp\lib\pjsip\win_x86-64\pjproject-2.10\pjnath\build\output\pjnath-x86_64-x64-vc14-release\pjnath.tlog\lib.command.1.tlog
