c:\users\user\documents\github\awah-sip-testapp\lib\pjsip\win_x86-64\pjproject-2.10\pjmedia\lib\pjmedia-x86_64-x64-vc14-debug.bsc
c:\users\user\documents\github\awah-sip-testapp\lib\pjsip\win_x86-64\pjproject-2.10\pjmedia\build\output\pjmedia-x86_64-x64-vc14-debug\pjmedia.pdb
c:\users\user\documents\github\awah-sip-testapp\lib\pjsip\win_x86-64\pjproject-2.10\pjmedia\build\output\pjmedia-x86_64-x64-vc14-debug\alaw_ulaw.sbr
c:\users\user\documents\github\awah-sip-testapp\lib\pjsip\win_x86-64\pjproject-2.10\pjmedia\build\output\pjmedia-x86_64-x64-vc14-debug\alaw_ulaw_table.sbr
c:\users\user\documents\github\awah-sip-testapp\lib\pjsip\win_x86-64\pjproject-2.10\pjmedia\build\output\pjmedia-x86_64-x64-vc14-debug\audiodev.sbr
c:\users\user\documents\github\awah-sip-testapp\lib\pjsip\win_x86-64\pjproject-2.10\pjmedia\build\output\pjmedia-x86_64-x64-vc14-debug\avi_player.sbr
c:\users\user\documents\github\awah-sip-testapp\lib\pjsip\win_x86-64\pjproject-2.10\pjmedia\build\output\pjmedia-x86_64-x64-vc14-debug\bidirectional.sbr
c:\users\user\documents\github\awah-sip-testapp\lib\pjsip\win_x86-64\pjproject-2.10\pjmedia\build\output\pjmedia-x86_64-x64-vc14-debug\clock_thread.sbr
c:\users\user\documents\github\awah-sip-testapp\lib\pjsip\win_x86-64\pjproject-2.10\pjmedia\build\output\pjmedia-x86_64-x64-vc14-debug\codec.sbr
c:\users\user\documents\github\awah-sip-testapp\lib\pjsip\win_x86-64\pjproject-2.10\pjmedia\build\output\pjmedia-x86_64-x64-vc14-debug\conference.sbr
c:\users\user\documents\github\awah-sip-testapp\lib\pjsip\win_x86-64\pjproject-2.10\pjmedia\build\output\pjmedia-x86_64-x64-vc14-debug\conf_switch.sbr
c:\users\user\documents\github\awah-sip-testapp\lib\pjsip\win_x86-64\pjproject-2.10\pjmedia\build\output\pjmedia-x86_64-x64-vc14-debug\converter.sbr
c:\users\user\documents\github\awah-sip-testapp\lib\pjsip\win_x86-64\pjproject-2.10\pjmedia\build\output\pjmedia-x86_64-x64-vc14-debug\converter_libswscale.sbr
c:\users\user\documents\github\awah-sip-testapp\lib\pjsip\win_x86-64\pjproject-2.10\pjmedia\build\output\pjmedia-x86_64-x64-vc14-debug\converter_libyuv.sbr
c:\users\user\documents\github\awah-sip-testapp\lib\pjsip\win_x86-64\pjproject-2.10\pjmedia\build\output\pjmedia-x86_64-x64-vc14-debug\delaybuf.sbr
c:\users\user\documents\github\awah-sip-testapp\lib\pjsip\win_x86-64\pjproject-2.10\pjmedia\build\output\pjmedia-x86_64-x64-vc14-debug\echo_common.sbr
c:\users\user\documents\github\awah-sip-testapp\lib\pjsip\win_x86-64\pjproject-2.10\pjmedia\build\output\pjmedia-x86_64-x64-vc14-debug\echo_port.sbr
c:\users\user\documents\github\awah-sip-testapp\lib\pjsip\win_x86-64\pjproject-2.10\pjmedia\build\output\pjmedia-x86_64-x64-vc14-debug\echo_speex.sbr
c:\users\user\documents\github\awah-sip-testapp\lib\pjsip\win_x86-64\pjproject-2.10\pjmedia\build\output\pjmedia-x86_64-x64-vc14-debug\echo_suppress.sbr
c:\users\user\documents\github\awah-sip-testapp\lib\pjsip\win_x86-64\pjproject-2.10\pjmedia\build\output\pjmedia-x86_64-x64-vc14-debug\echo_webrtc.sbr
c:\users\user\documents\github\awah-sip-testapp\lib\pjsip\win_x86-64\pjproject-2.10\pjmedia\build\output\pjmedia-x86_64-x64-vc14-debug\endpoint.sbr
c:\users\user\documents\github\awah-sip-testapp\lib\pjsip\win_x86-64\pjproject-2.10\pjmedia\build\output\pjmedia-x86_64-x64-vc14-debug\errno.sbr
c:\users\user\documents\github\awah-sip-testapp\lib\pjsip\win_x86-64\pjproject-2.10\pjmedia\build\output\pjmedia-x86_64-x64-vc14-debug\errno.obj
c:\users\user\documents\github\awah-sip-testapp\lib\pjsip\win_x86-64\pjproject-2.10\pjmedia\build\output\pjmedia-x86_64-x64-vc14-debug\endpoint.obj
c:\users\user\documents\github\awah-sip-testapp\lib\pjsip\win_x86-64\pjproject-2.10\pjmedia\build\output\pjmedia-x86_64-x64-vc14-debug\echo_webrtc.obj
c:\users\user\documents\github\awah-sip-testapp\lib\pjsip\win_x86-64\pjproject-2.10\pjmedia\build\output\pjmedia-x86_64-x64-vc14-debug\echo_suppress.obj
c:\users\user\documents\github\awah-sip-testapp\lib\pjsip\win_x86-64\pjproject-2.10\pjmedia\build\output\pjmedia-x86_64-x64-vc14-debug\echo_speex.obj
c:\users\user\documents\github\awah-sip-testapp\lib\pjsip\win_x86-64\pjproject-2.10\pjmedia\build\output\pjmedia-x86_64-x64-vc14-debug\echo_port.obj
c:\users\user\documents\github\awah-sip-testapp\lib\pjsip\win_x86-64\pjproject-2.10\pjmedia\build\output\pjmedia-x86_64-x64-vc14-debug\echo_common.obj
c:\users\user\documents\github\awah-sip-testapp\lib\pjsip\win_x86-64\pjproject-2.10\pjmedia\build\output\pjmedia-x86_64-x64-vc14-debug\delaybuf.obj
c:\users\user\documents\github\awah-sip-testapp\lib\pjsip\win_x86-64\pjproject-2.10\pjmedia\build\output\pjmedia-x86_64-x64-vc14-debug\converter_libyuv.obj
c:\users\user\documents\github\awah-sip-testapp\lib\pjsip\win_x86-64\pjproject-2.10\pjmedia\build\output\pjmedia-x86_64-x64-vc14-debug\converter_libswscale.obj
c:\users\user\documents\github\awah-sip-testapp\lib\pjsip\win_x86-64\pjproject-2.10\pjmedia\build\output\pjmedia-x86_64-x64-vc14-debug\converter.obj
c:\users\user\documents\github\awah-sip-testapp\lib\pjsip\win_x86-64\pjproject-2.10\pjmedia\build\output\pjmedia-x86_64-x64-vc14-debug\conf_switch.obj
c:\users\user\documents\github\awah-sip-testapp\lib\pjsip\win_x86-64\pjproject-2.10\pjmedia\build\output\pjmedia-x86_64-x64-vc14-debug\conference.obj
c:\users\user\documents\github\awah-sip-testapp\lib\pjsip\win_x86-64\pjproject-2.10\pjmedia\build\output\pjmedia-x86_64-x64-vc14-debug\codec.obj
c:\users\user\documents\github\awah-sip-testapp\lib\pjsip\win_x86-64\pjproject-2.10\pjmedia\build\output\pjmedia-x86_64-x64-vc14-debug\clock_thread.obj
c:\users\user\documents\github\awah-sip-testapp\lib\pjsip\win_x86-64\pjproject-2.10\pjmedia\build\output\pjmedia-x86_64-x64-vc14-debug\bidirectional.obj
c:\users\user\documents\github\awah-sip-testapp\lib\pjsip\win_x86-64\pjproject-2.10\pjmedia\build\output\pjmedia-x86_64-x64-vc14-debug\avi_player.obj
c:\users\user\documents\github\awah-sip-testapp\lib\pjsip\win_x86-64\pjproject-2.10\pjmedia\build\output\pjmedia-x86_64-x64-vc14-debug\audiodev.obj
c:\users\user\documents\github\awah-sip-testapp\lib\pjsip\win_x86-64\pjproject-2.10\pjmedia\build\output\pjmedia-x86_64-x64-vc14-debug\alaw_ulaw_table.obj
c:\users\user\documents\github\awah-sip-testapp\lib\pjsip\win_x86-64\pjproject-2.10\pjmedia\build\output\pjmedia-x86_64-x64-vc14-debug\alaw_ulaw.obj
c:\users\user\documents\github\awah-sip-testapp\lib\pjsip\win_x86-64\pjproject-2.10\pjmedia\build\output\pjmedia-x86_64-x64-vc14-debug\event.sbr
c:\users\user\documents\github\awah-sip-testapp\lib\pjsip\win_x86-64\pjproject-2.10\pjmedia\build\output\pjmedia-x86_64-x64-vc14-debug\ffmpeg_util.sbr
c:\users\user\documents\github\awah-sip-testapp\lib\pjsip\win_x86-64\pjproject-2.10\pjmedia\build\output\pjmedia-x86_64-x64-vc14-debug\format.sbr
c:\users\user\documents\github\awah-sip-testapp\lib\pjsip\win_x86-64\pjproject-2.10\pjmedia\build\output\pjmedia-x86_64-x64-vc14-debug\g711.sbr
c:\users\user\documents\github\awah-sip-testapp\lib\pjsip\win_x86-64\pjproject-2.10\pjmedia\build\output\pjmedia-x86_64-x64-vc14-debug\jbuf.sbr
c:\users\user\documents\github\awah-sip-testapp\lib\pjsip\win_x86-64\pjproject-2.10\pjmedia\build\output\pjmedia-x86_64-x64-vc14-debug\master_port.sbr
c:\users\user\documents\github\awah-sip-testapp\lib\pjsip\win_x86-64\pjproject-2.10\pjmedia\build\output\pjmedia-x86_64-x64-vc14-debug\mem_capture.sbr
c:\users\user\documents\github\awah-sip-testapp\lib\pjsip\win_x86-64\pjproject-2.10\pjmedia\build\output\pjmedia-x86_64-x64-vc14-debug\mem_player.sbr
c:\users\user\documents\github\awah-sip-testapp\lib\pjsip\win_x86-64\pjproject-2.10\pjmedia\build\output\pjmedia-x86_64-x64-vc14-debug\null_port.sbr
c:\users\user\documents\github\awah-sip-testapp\lib\pjsip\win_x86-64\pjproject-2.10\pjmedia\build\output\pjmedia-x86_64-x64-vc14-debug\plc_common.sbr
c:\users\user\documents\github\awah-sip-testapp\lib\pjsip\win_x86-64\pjproject-2.10\pjmedia\build\output\pjmedia-x86_64-x64-vc14-debug\port.sbr
c:\users\user\documents\github\awah-sip-testapp\lib\pjsip\win_x86-64\pjproject-2.10\pjmedia\build\output\pjmedia-x86_64-x64-vc14-debug\resample_libsamplerate.sbr
c:\users\user\documents\github\awah-sip-testapp\lib\pjsip\win_x86-64\pjproject-2.10\pjmedia\build\output\pjmedia-x86_64-x64-vc14-debug\resample_port.sbr
c:\users\user\documents\github\awah-sip-testapp\lib\pjsip\win_x86-64\pjproject-2.10\pjmedia\build\output\pjmedia-x86_64-x64-vc14-debug\resample_resample.sbr
c:\users\user\documents\github\awah-sip-testapp\lib\pjsip\win_x86-64\pjproject-2.10\pjmedia\build\output\pjmedia-x86_64-x64-vc14-debug\resample_speex.sbr
c:\users\user\documents\github\awah-sip-testapp\lib\pjsip\win_x86-64\pjproject-2.10\pjmedia\build\output\pjmedia-x86_64-x64-vc14-debug\rtcp.sbr
c:\users\user\documents\github\awah-sip-testapp\lib\pjsip\win_x86-64\pjproject-2.10\pjmedia\build\output\pjmedia-x86_64-x64-vc14-debug\rtcp_fb.sbr
c:\users\user\documents\github\awah-sip-testapp\lib\pjsip\win_x86-64\pjproject-2.10\pjmedia\build\output\pjmedia-x86_64-x64-vc14-debug\rtcp_xr.sbr
c:\users\user\documents\github\awah-sip-testapp\lib\pjsip\win_x86-64\pjproject-2.10\pjmedia\build\output\pjmedia-x86_64-x64-vc14-debug\rtp.sbr
c:\users\user\documents\github\awah-sip-testapp\lib\pjsip\win_x86-64\pjproject-2.10\pjmedia\build\output\pjmedia-x86_64-x64-vc14-debug\sdp.sbr
c:\users\user\documents\github\awah-sip-testapp\lib\pjsip\win_x86-64\pjproject-2.10\pjmedia\build\output\pjmedia-x86_64-x64-vc14-debug\sdp.obj
c:\users\user\documents\github\awah-sip-testapp\lib\pjsip\win_x86-64\pjproject-2.10\pjmedia\build\output\pjmedia-x86_64-x64-vc14-debug\rtp.obj
c:\users\user\documents\github\awah-sip-testapp\lib\pjsip\win_x86-64\pjproject-2.10\pjmedia\build\output\pjmedia-x86_64-x64-vc14-debug\rtcp_xr.obj
c:\users\user\documents\github\awah-sip-testapp\lib\pjsip\win_x86-64\pjproject-2.10\pjmedia\build\output\pjmedia-x86_64-x64-vc14-debug\rtcp_fb.obj
c:\users\user\documents\github\awah-sip-testapp\lib\pjsip\win_x86-64\pjproject-2.10\pjmedia\build\output\pjmedia-x86_64-x64-vc14-debug\rtcp.obj
c:\users\user\documents\github\awah-sip-testapp\lib\pjsip\win_x86-64\pjproject-2.10\pjmedia\build\output\pjmedia-x86_64-x64-vc14-debug\resample_speex.obj
c:\users\user\documents\github\awah-sip-testapp\lib\pjsip\win_x86-64\pjproject-2.10\pjmedia\build\output\pjmedia-x86_64-x64-vc14-debug\resample_resample.obj
c:\users\user\documents\github\awah-sip-testapp\lib\pjsip\win_x86-64\pjproject-2.10\pjmedia\build\output\pjmedia-x86_64-x64-vc14-debug\resample_port.obj
c:\users\user\documents\github\awah-sip-testapp\lib\pjsip\win_x86-64\pjproject-2.10\pjmedia\build\output\pjmedia-x86_64-x64-vc14-debug\resample_libsamplerate.obj
c:\users\user\documents\github\awah-sip-testapp\lib\pjsip\win_x86-64\pjproject-2.10\pjmedia\build\output\pjmedia-x86_64-x64-vc14-debug\port.obj
c:\users\user\documents\github\awah-sip-testapp\lib\pjsip\win_x86-64\pjproject-2.10\pjmedia\build\output\pjmedia-x86_64-x64-vc14-debug\plc_common.obj
c:\users\user\documents\github\awah-sip-testapp\lib\pjsip\win_x86-64\pjproject-2.10\pjmedia\build\output\pjmedia-x86_64-x64-vc14-debug\null_port.obj
c:\users\user\documents\github\awah-sip-testapp\lib\pjsip\win_x86-64\pjproject-2.10\pjmedia\build\output\pjmedia-x86_64-x64-vc14-debug\mem_player.obj
c:\users\user\documents\github\awah-sip-testapp\lib\pjsip\win_x86-64\pjproject-2.10\pjmedia\build\output\pjmedia-x86_64-x64-vc14-debug\mem_capture.obj
c:\users\user\documents\github\awah-sip-testapp\lib\pjsip\win_x86-64\pjproject-2.10\pjmedia\build\output\pjmedia-x86_64-x64-vc14-debug\master_port.obj
c:\users\user\documents\github\awah-sip-testapp\lib\pjsip\win_x86-64\pjproject-2.10\pjmedia\build\output\pjmedia-x86_64-x64-vc14-debug\jbuf.obj
c:\users\user\documents\github\awah-sip-testapp\lib\pjsip\win_x86-64\pjproject-2.10\pjmedia\build\output\pjmedia-x86_64-x64-vc14-debug\g711.obj
c:\users\user\documents\github\awah-sip-testapp\lib\pjsip\win_x86-64\pjproject-2.10\pjmedia\build\output\pjmedia-x86_64-x64-vc14-debug\format.obj
c:\users\user\documents\github\awah-sip-testapp\lib\pjsip\win_x86-64\pjproject-2.10\pjmedia\build\output\pjmedia-x86_64-x64-vc14-debug\ffmpeg_util.obj
c:\users\user\documents\github\awah-sip-testapp\lib\pjsip\win_x86-64\pjproject-2.10\pjmedia\build\output\pjmedia-x86_64-x64-vc14-debug\event.obj
c:\users\user\documents\github\awah-sip-testapp\lib\pjsip\win_x86-64\pjproject-2.10\pjmedia\build\output\pjmedia-x86_64-x64-vc14-debug\sdp_cmp.sbr
c:\users\user\documents\github\awah-sip-testapp\lib\pjsip\win_x86-64\pjproject-2.10\pjmedia\build\output\pjmedia-x86_64-x64-vc14-debug\sdp_neg.sbr
c:\users\user\documents\github\awah-sip-testapp\lib\pjsip\win_x86-64\pjproject-2.10\pjmedia\build\output\pjmedia-x86_64-x64-vc14-debug\silencedet.sbr
c:\users\user\documents\github\awah-sip-testapp\lib\pjsip\win_x86-64\pjproject-2.10\pjmedia\build\output\pjmedia-x86_64-x64-vc14-debug\sound_legacy.sbr
c:\users\user\documents\github\awah-sip-testapp\lib\pjsip\win_x86-64\pjproject-2.10\pjmedia\build\output\pjmedia-x86_64-x64-vc14-debug\sound_port.sbr
c:\users\user\documents\github\awah-sip-testapp\lib\pjsip\win_x86-64\pjproject-2.10\pjmedia\build\output\pjmedia-x86_64-x64-vc14-debug\splitcomb.sbr
c:\users\user\documents\github\awah-sip-testapp\lib\pjsip\win_x86-64\pjproject-2.10\pjmedia\build\output\pjmedia-x86_64-x64-vc14-debug\stereo_port.sbr
c:\users\user\documents\github\awah-sip-testapp\lib\pjsip\win_x86-64\pjproject-2.10\pjmedia\build\output\pjmedia-x86_64-x64-vc14-debug\stream.sbr
c:\users\user\documents\github\awah-sip-testapp\lib\pjsip\win_x86-64\pjproject-2.10\pjmedia\build\output\pjmedia-x86_64-x64-vc14-debug\stream_common.sbr
c:\users\user\documents\github\awah-sip-testapp\lib\pjsip\win_x86-64\pjproject-2.10\pjmedia\build\output\pjmedia-x86_64-x64-vc14-debug\stream_info.sbr
c:\users\user\documents\github\awah-sip-testapp\lib\pjsip\win_x86-64\pjproject-2.10\pjmedia\build\output\pjmedia-x86_64-x64-vc14-debug\tonegen.sbr
c:\users\user\documents\github\awah-sip-testapp\lib\pjsip\win_x86-64\pjproject-2.10\pjmedia\build\output\pjmedia-x86_64-x64-vc14-debug\transport_adapter_sample.sbr
c:\users\user\documents\github\awah-sip-testapp\lib\pjsip\win_x86-64\pjproject-2.10\pjmedia\build\output\pjmedia-x86_64-x64-vc14-debug\transport_ice.sbr
c:\users\user\documents\github\awah-sip-testapp\lib\pjsip\win_x86-64\pjproject-2.10\pjmedia\build\output\pjmedia-x86_64-x64-vc14-debug\transport_loop.sbr
c:\users\user\documents\github\awah-sip-testapp\lib\pjsip\win_x86-64\pjproject-2.10\pjmedia\build\output\pjmedia-x86_64-x64-vc14-debug\transport_srtp.sbr
c:\users\user\documents\github\awah-sip-testapp\lib\pjsip\win_x86-64\pjproject-2.10\pjmedia\build\output\pjmedia-x86_64-x64-vc14-debug\transport_udp.sbr
c:\users\user\documents\github\awah-sip-testapp\lib\pjsip\win_x86-64\pjproject-2.10\pjmedia\build\output\pjmedia-x86_64-x64-vc14-debug\types.sbr
c:\users\user\documents\github\awah-sip-testapp\lib\pjsip\win_x86-64\pjproject-2.10\pjmedia\build\output\pjmedia-x86_64-x64-vc14-debug\videodev.sbr
c:\users\user\documents\github\awah-sip-testapp\lib\pjsip\win_x86-64\pjproject-2.10\pjmedia\build\output\pjmedia-x86_64-x64-vc14-debug\vid_codec.sbr
c:\users\user\documents\github\awah-sip-testapp\lib\pjsip\win_x86-64\pjproject-2.10\pjmedia\build\output\pjmedia-x86_64-x64-vc14-debug\vid_codec_util.sbr
c:\users\user\documents\github\awah-sip-testapp\lib\pjsip\win_x86-64\pjproject-2.10\pjmedia\build\output\pjmedia-x86_64-x64-vc14-debug\vid_codec_util.obj
c:\users\user\documents\github\awah-sip-testapp\lib\pjsip\win_x86-64\pjproject-2.10\pjmedia\build\output\pjmedia-x86_64-x64-vc14-debug\vid_codec.obj
c:\users\user\documents\github\awah-sip-testapp\lib\pjsip\win_x86-64\pjproject-2.10\pjmedia\build\output\pjmedia-x86_64-x64-vc14-debug\videodev.obj
c:\users\user\documents\github\awah-sip-testapp\lib\pjsip\win_x86-64\pjproject-2.10\pjmedia\build\output\pjmedia-x86_64-x64-vc14-debug\types.obj
c:\users\user\documents\github\awah-sip-testapp\lib\pjsip\win_x86-64\pjproject-2.10\pjmedia\build\output\pjmedia-x86_64-x64-vc14-debug\transport_udp.obj
c:\users\user\documents\github\awah-sip-testapp\lib\pjsip\win_x86-64\pjproject-2.10\pjmedia\build\output\pjmedia-x86_64-x64-vc14-debug\transport_srtp.obj
c:\users\user\documents\github\awah-sip-testapp\lib\pjsip\win_x86-64\pjproject-2.10\pjmedia\build\output\pjmedia-x86_64-x64-vc14-debug\transport_loop.obj
c:\users\user\documents\github\awah-sip-testapp\lib\pjsip\win_x86-64\pjproject-2.10\pjmedia\build\output\pjmedia-x86_64-x64-vc14-debug\transport_ice.obj
c:\users\user\documents\github\awah-sip-testapp\lib\pjsip\win_x86-64\pjproject-2.10\pjmedia\build\output\pjmedia-x86_64-x64-vc14-debug\transport_adapter_sample.obj
c:\users\user\documents\github\awah-sip-testapp\lib\pjsip\win_x86-64\pjproject-2.10\pjmedia\build\output\pjmedia-x86_64-x64-vc14-debug\tonegen.obj
c:\users\user\documents\github\awah-sip-testapp\lib\pjsip\win_x86-64\pjproject-2.10\pjmedia\build\output\pjmedia-x86_64-x64-vc14-debug\stream_info.obj
c:\users\user\documents\github\awah-sip-testapp\lib\pjsip\win_x86-64\pjproject-2.10\pjmedia\build\output\pjmedia-x86_64-x64-vc14-debug\stream_common.obj
c:\users\user\documents\github\awah-sip-testapp\lib\pjsip\win_x86-64\pjproject-2.10\pjmedia\build\output\pjmedia-x86_64-x64-vc14-debug\stream.obj
c:\users\user\documents\github\awah-sip-testapp\lib\pjsip\win_x86-64\pjproject-2.10\pjmedia\build\output\pjmedia-x86_64-x64-vc14-debug\stereo_port.obj
c:\users\user\documents\github\awah-sip-testapp\lib\pjsip\win_x86-64\pjproject-2.10\pjmedia\build\output\pjmedia-x86_64-x64-vc14-debug\splitcomb.obj
c:\users\user\documents\github\awah-sip-testapp\lib\pjsip\win_x86-64\pjproject-2.10\pjmedia\build\output\pjmedia-x86_64-x64-vc14-debug\sound_port.obj
c:\users\user\documents\github\awah-sip-testapp\lib\pjsip\win_x86-64\pjproject-2.10\pjmedia\build\output\pjmedia-x86_64-x64-vc14-debug\sound_legacy.obj
c:\users\user\documents\github\awah-sip-testapp\lib\pjsip\win_x86-64\pjproject-2.10\pjmedia\build\output\pjmedia-x86_64-x64-vc14-debug\silencedet.obj
c:\users\user\documents\github\awah-sip-testapp\lib\pjsip\win_x86-64\pjproject-2.10\pjmedia\build\output\pjmedia-x86_64-x64-vc14-debug\sdp_neg.obj
c:\users\user\documents\github\awah-sip-testapp\lib\pjsip\win_x86-64\pjproject-2.10\pjmedia\build\output\pjmedia-x86_64-x64-vc14-debug\sdp_cmp.obj
c:\users\user\documents\github\awah-sip-testapp\lib\pjsip\win_x86-64\pjproject-2.10\pjmedia\build\output\pjmedia-x86_64-x64-vc14-debug\vid_conf.sbr
c:\users\user\documents\github\awah-sip-testapp\lib\pjsip\win_x86-64\pjproject-2.10\pjmedia\build\output\pjmedia-x86_64-x64-vc14-debug\vid_port.sbr
c:\users\user\documents\github\awah-sip-testapp\lib\pjsip\win_x86-64\pjproject-2.10\pjmedia\build\output\pjmedia-x86_64-x64-vc14-debug\vid_stream.sbr
c:\users\user\documents\github\awah-sip-testapp\lib\pjsip\win_x86-64\pjproject-2.10\pjmedia\build\output\pjmedia-x86_64-x64-vc14-debug\vid_stream_info.sbr
c:\users\user\documents\github\awah-sip-testapp\lib\pjsip\win_x86-64\pjproject-2.10\pjmedia\build\output\pjmedia-x86_64-x64-vc14-debug\vid_tee.sbr
c:\users\user\documents\github\awah-sip-testapp\lib\pjsip\win_x86-64\pjproject-2.10\pjmedia\build\output\pjmedia-x86_64-x64-vc14-debug\wave.sbr
c:\users\user\documents\github\awah-sip-testapp\lib\pjsip\win_x86-64\pjproject-2.10\pjmedia\build\output\pjmedia-x86_64-x64-vc14-debug\wav_player.sbr
c:\users\user\documents\github\awah-sip-testapp\lib\pjsip\win_x86-64\pjproject-2.10\pjmedia\build\output\pjmedia-x86_64-x64-vc14-debug\wav_playlist.sbr
c:\users\user\documents\github\awah-sip-testapp\lib\pjsip\win_x86-64\pjproject-2.10\pjmedia\build\output\pjmedia-x86_64-x64-vc14-debug\wav_writer.sbr
c:\users\user\documents\github\awah-sip-testapp\lib\pjsip\win_x86-64\pjproject-2.10\pjmedia\build\output\pjmedia-x86_64-x64-vc14-debug\wsola.sbr
c:\users\user\documents\github\awah-sip-testapp\lib\pjsip\win_x86-64\pjproject-2.10\pjmedia\build\output\pjmedia-x86_64-x64-vc14-debug\wsola.obj
c:\users\user\documents\github\awah-sip-testapp\lib\pjsip\win_x86-64\pjproject-2.10\pjmedia\build\output\pjmedia-x86_64-x64-vc14-debug\wav_writer.obj
c:\users\user\documents\github\awah-sip-testapp\lib\pjsip\win_x86-64\pjproject-2.10\pjmedia\build\output\pjmedia-x86_64-x64-vc14-debug\wav_playlist.obj
c:\users\user\documents\github\awah-sip-testapp\lib\pjsip\win_x86-64\pjproject-2.10\pjmedia\build\output\pjmedia-x86_64-x64-vc14-debug\wav_player.obj
c:\users\user\documents\github\awah-sip-testapp\lib\pjsip\win_x86-64\pjproject-2.10\pjmedia\build\output\pjmedia-x86_64-x64-vc14-debug\wave.obj
c:\users\user\documents\github\awah-sip-testapp\lib\pjsip\win_x86-64\pjproject-2.10\pjmedia\build\output\pjmedia-x86_64-x64-vc14-debug\vid_tee.obj
c:\users\user\documents\github\awah-sip-testapp\lib\pjsip\win_x86-64\pjproject-2.10\pjmedia\build\output\pjmedia-x86_64-x64-vc14-debug\vid_stream_info.obj
c:\users\user\documents\github\awah-sip-testapp\lib\pjsip\win_x86-64\pjproject-2.10\pjmedia\build\output\pjmedia-x86_64-x64-vc14-debug\vid_stream.obj
c:\users\user\documents\github\awah-sip-testapp\lib\pjsip\win_x86-64\pjproject-2.10\pjmedia\build\output\pjmedia-x86_64-x64-vc14-debug\vid_port.obj
c:\users\user\documents\github\awah-sip-testapp\lib\pjsip\win_x86-64\pjproject-2.10\pjmedia\build\output\pjmedia-x86_64-x64-vc14-debug\vid_conf.obj
c:\users\user\documents\github\awah-sip-testapp\lib\pjsip\win_x86-64\pjproject-2.10\pjmedia\lib\pjmedia-x86_64-x64-vc14-debug.lib
c:\users\user\documents\github\awah-sip-testapp\lib\pjsip\win_x86-64\pjproject-2.10\pjmedia\build\..\lib\pjmedia-x86_64-x64-vc14-debug.lib
c:\users\user\documents\github\awah-sip-testapp\lib\pjsip\win_x86-64\pjproject-2.10\pjmedia\build\output\pjmedia-x86_64-x64-vc14-debug\pjmedia.tlog\bscmake.command.1.tlog
c:\users\user\documents\github\awah-sip-testapp\lib\pjsip\win_x86-64\pjproject-2.10\pjmedia\build\output\pjmedia-x86_64-x64-vc14-debug\pjmedia.tlog\bscmake.read.1.tlog
c:\users\user\documents\github\awah-sip-testapp\lib\pjsip\win_x86-64\pjproject-2.10\pjmedia\build\output\pjmedia-x86_64-x64-vc14-debug\pjmedia.tlog\bscmake.write.1.tlog
c:\users\user\documents\github\awah-sip-testapp\lib\pjsip\win_x86-64\pjproject-2.10\pjmedia\build\output\pjmedia-x86_64-x64-vc14-debug\pjmedia.tlog\cl.command.1.tlog
c:\users\user\documents\github\awah-sip-testapp\lib\pjsip\win_x86-64\pjproject-2.10\pjmedia\build\output\pjmedia-x86_64-x64-vc14-debug\pjmedia.tlog\cl.read.1.tlog
c:\users\user\documents\github\awah-sip-testapp\lib\pjsip\win_x86-64\pjproject-2.10\pjmedia\build\output\pjmedia-x86_64-x64-vc14-debug\pjmedia.tlog\cl.write.1.tlog
c:\users\user\documents\github\awah-sip-testapp\lib\pjsip\win_x86-64\pjproject-2.10\pjmedia\build\output\pjmedia-x86_64-x64-vc14-debug\pjmedia.tlog\lib-link.read.1.tlog
c:\users\user\documents\github\awah-sip-testapp\lib\pjsip\win_x86-64\pjproject-2.10\pjmedia\build\output\pjmedia-x86_64-x64-vc14-debug\pjmedia.tlog\lib-link.write.1.tlog
c:\users\user\documents\github\awah-sip-testapp\lib\pjsip\win_x86-64\pjproject-2.10\pjmedia\build\output\pjmedia-x86_64-x64-vc14-debug\pjmedia.tlog\lib.command.1.tlog
