c:\users\user\documents\github\awah-sip-testapp\lib\pjsip\win_x86-64\pjproject-2.10\pjmedia\lib\pjmedia-audiodev-x86_64-x64-vc14-release.bsc
c:\users\user\documents\github\awah-sip-testapp\lib\pjsip\win_x86-64\pjproject-2.10\pjmedia\build\output\pjmedia_audiodev-x86_64-x64-vc14-release\pjmedia_audiodev.pdb
c:\users\user\documents\github\awah-sip-testapp\lib\pjsip\win_x86-64\pjproject-2.10\pjmedia\build\output\pjmedia_audiodev-x86_64-x64-vc14-release\audiodev.sbr
c:\users\user\documents\github\awah-sip-testapp\lib\pjsip\win_x86-64\pjproject-2.10\pjmedia\build\output\pjmedia_audiodev-x86_64-x64-vc14-release\audiotest.sbr
c:\users\user\documents\github\awah-sip-testapp\lib\pjsip\win_x86-64\pjproject-2.10\pjmedia\build\output\pjmedia_audiodev-x86_64-x64-vc14-release\bdimad_dev.sbr
c:\users\user\documents\github\awah-sip-testapp\lib\pjsip\win_x86-64\pjproject-2.10\pjmedia\build\output\pjmedia_audiodev-x86_64-x64-vc14-release\errno.sbr
c:\users\user\documents\github\awah-sip-testapp\lib\pjsip\win_x86-64\pjproject-2.10\pjmedia\build\output\pjmedia_audiodev-x86_64-x64-vc14-release\legacy_dev.sbr
c:\users\user\documents\github\awah-sip-testapp\lib\pjsip\win_x86-64\pjproject-2.10\pjmedia\build\output\pjmedia_audiodev-x86_64-x64-vc14-release\null_dev.sbr
c:\users\user\documents\github\awah-sip-testapp\lib\pjsip\win_x86-64\pjproject-2.10\pjmedia\build\output\pjmedia_audiodev-x86_64-x64-vc14-release\pa_dev.sbr
c:\users\user\documents\github\awah-sip-testapp\lib\pjsip\win_x86-64\pjproject-2.10\pjmedia\build\output\pjmedia_audiodev-x86_64-x64-vc14-release\wmme_dev.sbr
c:\users\user\documents\github\awah-sip-testapp\lib\pjsip\win_x86-64\pjproject-2.10\pjmedia\build\output\pjmedia_audiodev-x86_64-x64-vc14-release\wmme_dev.obj
c:\users\user\documents\github\awah-sip-testapp\lib\pjsip\win_x86-64\pjproject-2.10\pjmedia\build\output\pjmedia_audiodev-x86_64-x64-vc14-release\pa_dev.obj
c:\users\user\documents\github\awah-sip-testapp\lib\pjsip\win_x86-64\pjproject-2.10\pjmedia\build\output\pjmedia_audiodev-x86_64-x64-vc14-release\null_dev.obj
c:\users\user\documents\github\awah-sip-testapp\lib\pjsip\win_x86-64\pjproject-2.10\pjmedia\build\output\pjmedia_audiodev-x86_64-x64-vc14-release\legacy_dev.obj
c:\users\user\documents\github\awah-sip-testapp\lib\pjsip\win_x86-64\pjproject-2.10\pjmedia\build\output\pjmedia_audiodev-x86_64-x64-vc14-release\errno.obj
c:\users\user\documents\github\awah-sip-testapp\lib\pjsip\win_x86-64\pjproject-2.10\pjmedia\build\output\pjmedia_audiodev-x86_64-x64-vc14-release\bdimad_dev.obj
c:\users\user\documents\github\awah-sip-testapp\lib\pjsip\win_x86-64\pjproject-2.10\pjmedia\build\output\pjmedia_audiodev-x86_64-x64-vc14-release\audiotest.obj
c:\users\user\documents\github\awah-sip-testapp\lib\pjsip\win_x86-64\pjproject-2.10\pjmedia\build\output\pjmedia_audiodev-x86_64-x64-vc14-release\audiodev.obj
c:\users\user\documents\github\awah-sip-testapp\lib\pjsip\win_x86-64\pjproject-2.10\pjmedia\lib\pjmedia-audiodev-x86_64-x64-vc14-release.lib
c:\users\user\documents\github\awah-sip-testapp\lib\pjsip\win_x86-64\pjproject-2.10\pjmedia\build\..\lib\pjmedia-audiodev-x86_64-x64-vc14-release.lib
c:\users\user\documents\github\awah-sip-testapp\lib\pjsip\win_x86-64\pjproject-2.10\pjmedia\build\output\pjmedia_audiodev-x86_64-x64-vc14-release\pjmedia_audiodev.tlog\bscmake.command.1.tlog
c:\users\user\documents\github\awah-sip-testapp\lib\pjsip\win_x86-64\pjproject-2.10\pjmedia\build\output\pjmedia_audiodev-x86_64-x64-vc14-release\pjmedia_audiodev.tlog\bscmake.read.1.tlog
c:\users\user\documents\github\awah-sip-testapp\lib\pjsip\win_x86-64\pjproject-2.10\pjmedia\build\output\pjmedia_audiodev-x86_64-x64-vc14-release\pjmedia_audiodev.tlog\bscmake.write.1.tlog
c:\users\user\documents\github\awah-sip-testapp\lib\pjsip\win_x86-64\pjproject-2.10\pjmedia\build\output\pjmedia_audiodev-x86_64-x64-vc14-release\pjmedia_audiodev.tlog\cl.command.1.tlog
c:\users\user\documents\github\awah-sip-testapp\lib\pjsip\win_x86-64\pjproject-2.10\pjmedia\build\output\pjmedia_audiodev-x86_64-x64-vc14-release\pjmedia_audiodev.tlog\cl.read.1.tlog
c:\users\user\documents\github\awah-sip-testapp\lib\pjsip\win_x86-64\pjproject-2.10\pjmedia\build\output\pjmedia_audiodev-x86_64-x64-vc14-release\pjmedia_audiodev.tlog\cl.write.1.tlog
c:\users\user\documents\github\awah-sip-testapp\lib\pjsip\win_x86-64\pjproject-2.10\pjmedia\build\output\pjmedia_audiodev-x86_64-x64-vc14-release\pjmedia_audiodev.tlog\lib-link.read.1.tlog
c:\users\user\documents\github\awah-sip-testapp\lib\pjsip\win_x86-64\pjproject-2.10\pjmedia\build\output\pjmedia_audiodev-x86_64-x64-vc14-release\pjmedia_audiodev.tlog\lib-link.write.1.tlog
c:\users\user\documents\github\awah-sip-testapp\lib\pjsip\win_x86-64\pjproject-2.10\pjmedia\build\output\pjmedia_audiodev-x86_64-x64-vc14-release\pjmedia_audiodev.tlog\lib.command.1.tlog
